{"contracts/Authorization.sol":{"l":{"13":2,"14":2,"18":0,"22":0,"26":0,"30":0,"34":0,"35":0,"39":0,"40":0},"path":"/home/kartojal/repos/contracts-solidity/contracts/Authorization.sol","s":{"1":2,"2":2,"3":0,"4":0,"5":0,"6":0,"7":0,"8":0,"9":0,"10":0},"b":{},"f":{"1":2,"2":0,"3":0,"4":0,"5":0,"6":0,"7":0},"fnMap":{"1":{"name":"constructor","line":12,"loc":{"start":{"line":12,"column":4},"end":{"line":12,"column":66}}},"2":{"name":"getKycAddress","line":17,"loc":{"start":{"line":17,"column":4},"end":{"line":17,"column":58}}},"3":{"name":"getDepositAddress","line":21,"loc":{"start":{"line":21,"column":4},"end":{"line":21,"column":62}}},"4":{"name":"hasDeposited","line":25,"loc":{"start":{"line":25,"column":4},"end":{"line":25,"column":66}}},"5":{"name":"isKYCConfirmed","line":29,"loc":{"start":{"line":29,"column":4},"end":{"line":29,"column":68}}},"6":{"name":"setKYCRegistry","line":33,"loc":{"start":{"line":33,"column":4},"end":{"line":33,"column":80}}},"7":{"name":"setDepositRegistry","line":38,"loc":{"start":{"line":38,"column":4},"end":{"line":38,"column":88}}}},"statementMap":{"1":{"start":{"line":13,"column":8},"end":{"line":13,"column":31}},"2":{"start":{"line":14,"column":8},"end":{"line":14,"column":39}},"3":{"start":{"line":18,"column":8},"end":{"line":18,"column":25}},"4":{"start":{"line":22,"column":8},"end":{"line":22,"column":29}},"5":{"start":{"line":26,"column":8},"end":{"line":26,"column":66}},"6":{"start":{"line":30,"column":8},"end":{"line":30,"column":57}},"7":{"start":{"line":34,"column":8},"end":{"line":34,"column":31}},"8":{"start":{"line":35,"column":8},"end":{"line":35,"column":19}},"9":{"start":{"line":39,"column":8},"end":{"line":39,"column":39}},"10":{"start":{"line":40,"column":8},"end":{"line":40,"column":19}}},"branchMap":{}},"contracts/CloneFactory.sol":{"l":{"28":0,"29":0,"42":0,"43":0},"path":"/home/kartojal/repos/contracts-solidity/contracts/CloneFactory.sol","s":{"1":0,"2":0},"b":{},"f":{"1":0,"2":0},"fnMap":{"1":{"name":"createClone","line":27,"loc":{"start":{"line":27,"column":4},"end":{"line":27,"column":72}}},"2":{"name":"isClone","line":41,"loc":{"start":{"line":41,"column":4},"end":{"line":41,"column":85}}}},"statementMap":{"1":{"start":{"line":28,"column":8},"end":{"line":28,"column":45}},"2":{"start":{"line":42,"column":8},"end":{"line":42,"column":45}}},"branchMap":{}},"contracts/DAIProxy.sol":{"l":{"24":3,"25":3,"29":0,"33":0,"34":0,"37":0,"38":0,"42":0,"43":0,"47":0,"48":0,"56":0,"57":0,"59":0,"60":0,"62":0,"63":0,"65":0,"66":0,"70":0,"74":0,"75":0,"79":0,"83":0,"84":0,"85":0,"86":0,"87":0,"91":0,"92":0,"96":0,"97":0,"99":0,"103":0,"104":0},"path":"/home/kartojal/repos/contracts-solidity/contracts/DAIProxy.sol","s":{"1":3,"2":3,"3":0,"4":0,"5":0,"6":0,"7":0,"8":0,"9":0,"10":0,"11":0,"12":0,"13":0,"14":0,"15":0,"16":0,"17":0,"18":0,"19":0,"20":0,"21":0,"22":0,"23":0,"24":0,"25":0,"26":0,"27":0,"28":0,"29":0,"30":0,"31":0,"32":0},"b":{"1":[0,0],"2":[0,0],"3":[0,0],"4":[0,0],"5":[0,0],"6":[0,0],"7":[0,0],"8":[0,0],"9":[0,0],"10":[0,0],"11":[0,0],"12":[0,0],"13":[0,0]},"f":{"1":3,"2":0,"3":0,"4":0,"5":0,"6":0,"7":0,"8":0,"9":0,"10":0,"11":0,"12":0},"fnMap":{"1":{"name":"constructor","line":23,"loc":{"start":{"line":23,"column":4},"end":{"line":23,"column":61}}},"2":{"name":"getTokenAddress","line":28,"loc":{"start":{"line":28,"column":4},"end":{"line":28,"column":58}}},"3":{"name":"setDepositRequeriment","line":32,"loc":{"start":{"line":32,"column":4},"end":{"line":32,"column":63}}},"4":{"name":"setAdministrator","line":36,"loc":{"start":{"line":36,"column":4},"end":{"line":36,"column":61}}},"5":{"name":"setDaiTokenAddress","line":41,"loc":{"start":{"line":41,"column":4},"end":{"line":41,"column":68}}},"6":{"name":"setAuthAddress","line":46,"loc":{"start":{"line":46,"column":4},"end":{"line":46,"column":65}}},"7":{"name":"fund","line":51,"loc":{"start":{"line":51,"column":4},"end":{"line":55,"column":5}}},"8":{"name":"repay","line":73,"loc":{"start":{"line":73,"column":4},"end":{"line":73,"column":86}}},"9":{"name":"transfer","line":82,"loc":{"start":{"line":82,"column":4},"end":{"line":82,"column":80}}},"10":{"name":"onlyKYCCanFund","line":90,"loc":{"start":{"line":90,"column":4},"end":{"line":90,"column":25}}},"11":{"name":"onlyHasDepositCanFund","line":95,"loc":{"start":{"line":95,"column":4},"end":{"line":95,"column":32}}},"12":{"name":"onlyAdmin","line":102,"loc":{"start":{"line":102,"column":4},"end":{"line":102,"column":22}}}},"statementMap":{"1":{"start":{"line":24,"column":8},"end":{"line":24,"column":41}},"2":{"start":{"line":25,"column":8},"end":{"line":25,"column":36}},"3":{"start":{"line":29,"column":8},"end":{"line":29,"column":32}},"4":{"start":{"line":33,"column":8},"end":{"line":33,"column":27}},"5":{"start":{"line":34,"column":8},"end":{"line":34,"column":48}},"6":{"start":{"line":37,"column":8},"end":{"line":37,"column":28}},"7":{"start":{"line":38,"column":8},"end":{"line":38,"column":48}},"8":{"start":{"line":42,"column":8},"end":{"line":42,"column":36}},"9":{"start":{"line":43,"column":8},"end":{"line":43,"column":62}},"10":{"start":{"line":47,"column":8},"end":{"line":47,"column":41}},"11":{"start":{"line":48,"column":8},"end":{"line":48,"column":59}},"12":{"start":{"line":56,"column":8},"end":{"line":56,"column":48}},"13":{"start":{"line":57,"column":8},"end":{"line":57,"column":63}},"14":{"start":{"line":59,"column":8},"end":{"line":59,"column":65}},"15":{"start":{"line":60,"column":8},"end":{"line":60,"column":55}},"16":{"start":{"line":62,"column":8},"end":{"line":62,"column":2236}},"17":{"start":{"line":63,"column":12},"end":{"line":63,"column":56}},"18":{"start":{"line":65,"column":8},"end":{"line":65,"column":70}},"19":{"start":{"line":66,"column":8},"end":{"line":66,"column":2436}},"20":{"start":{"line":70,"column":8},"end":{"line":70,"column":80}},"21":{"start":{"line":74,"column":8},"end":{"line":74,"column":63}},"22":{"start":{"line":75,"column":8},"end":{"line":75,"column":2830}},"23":{"start":{"line":79,"column":8},"end":{"line":79,"column":80}},"24":{"start":{"line":83,"column":8},"end":{"line":83,"column":95}},"25":{"start":{"line":84,"column":8},"end":{"line":84,"column":56}},"26":{"start":{"line":85,"column":8},"end":{"line":85,"column":53}},"27":{"start":{"line":86,"column":8},"end":{"line":86,"column":96}},"28":{"start":{"line":87,"column":8},"end":{"line":87,"column":19}},"29":{"start":{"line":91,"column":8},"end":{"line":91,"column":73}},"30":{"start":{"line":96,"column":8},"end":{"line":96,"column":3656}},"31":{"start":{"line":97,"column":12},"end":{"line":97,"column":81}},"32":{"start":{"line":103,"column":8},"end":{"line":103,"column":77}}},"branchMap":{"1":{"line":62,"type":"if","locations":[{"start":{"line":62,"column":8},"end":{"line":62,"column":8}},{"start":{"line":62,"column":8},"end":{"line":62,"column":8}}]},"2":{"line":65,"type":"if","locations":[{"start":{"line":65,"column":8},"end":{"line":65,"column":8}},{"start":{"line":65,"column":8},"end":{"line":65,"column":8}}]},"3":{"line":66,"type":"if","locations":[{"start":{"line":66,"column":8},"end":{"line":66,"column":8}},{"start":{"line":66,"column":8},"end":{"line":66,"column":8}}]},"4":{"line":70,"type":"if","locations":[{"start":{"line":70,"column":8},"end":{"line":70,"column":8}},{"start":{"line":70,"column":8},"end":{"line":70,"column":8}}]},"5":{"line":75,"type":"if","locations":[{"start":{"line":75,"column":8},"end":{"line":75,"column":8}},{"start":{"line":75,"column":8},"end":{"line":75,"column":8}}]},"6":{"line":79,"type":"if","locations":[{"start":{"line":79,"column":8},"end":{"line":79,"column":8}},{"start":{"line":79,"column":8},"end":{"line":79,"column":8}}]},"7":{"line":83,"type":"if","locations":[{"start":{"line":83,"column":8},"end":{"line":83,"column":8}},{"start":{"line":83,"column":8},"end":{"line":83,"column":8}}]},"8":{"line":85,"type":"if","locations":[{"start":{"line":85,"column":8},"end":{"line":85,"column":8}},{"start":{"line":85,"column":8},"end":{"line":85,"column":8}}]},"9":{"line":86,"type":"if","locations":[{"start":{"line":86,"column":8},"end":{"line":86,"column":8}},{"start":{"line":86,"column":8},"end":{"line":86,"column":8}}]},"10":{"line":91,"type":"if","locations":[{"start":{"line":91,"column":8},"end":{"line":91,"column":8}},{"start":{"line":91,"column":8},"end":{"line":91,"column":8}}]},"11":{"line":96,"type":"if","locations":[{"start":{"line":96,"column":8},"end":{"line":96,"column":8}},{"start":{"line":96,"column":8},"end":{"line":96,"column":8}}]},"12":{"line":97,"type":"if","locations":[{"start":{"line":97,"column":12},"end":{"line":97,"column":12}},{"start":{"line":97,"column":12},"end":{"line":97,"column":12}}]},"13":{"line":103,"type":"if","locations":[{"start":{"line":103,"column":8},"end":{"line":103,"column":8}},{"start":{"line":103,"column":8},"end":{"line":103,"column":8}}]}}},"contracts/DepositRegistry.sol":{"l":{"21":0,"22":0,"31":2,"32":2,"33":2,"37":1,"38":1,"42":0,"43":0,"47":0,"48":0,"52":1,"53":1,"57":0,"58":0,"59":0,"60":0,"61":0,"65":0,"66":0,"71":0,"72":0,"73":0,"77":0,"78":0,"83":0,"85":0,"87":0,"88":0,"92":0,"93":0,"94":0,"95":0,"99":0,"101":0,"103":0,"108":0,"110":0,"111":0,"115":0,"116":0,"121":0,"126":0,"128":0,"129":0,"133":0,"134":0,"139":0,"140":0,"141":0,"145":0,"146":0,"147":0,"151":0,"155":0,"159":0},"path":"/home/kartojal/repos/contracts-solidity/contracts/DepositRegistry.sol","s":{"1":0,"2":2,"3":2,"4":2,"5":1,"6":1,"7":0,"8":0,"9":0,"10":0,"11":1,"12":1,"13":0,"14":0,"15":0,"16":0,"17":0,"18":0,"19":0,"20":0,"21":0,"22":0,"23":0,"24":0,"25":0,"26":0,"27":0,"28":0,"29":0,"30":0,"31":0,"32":0,"33":0,"34":0,"35":0,"36":0,"37":0,"38":0,"39":0,"40":0,"41":0,"42":0,"43":0,"44":0,"45":0,"46":0,"47":0,"48":0,"49":0,"50":0,"51":0,"52":0,"53":0,"54":0},"b":{"1":[0,0],"2":[1,0],"3":[0,0],"4":[0,0],"5":[1,0],"6":[0,0],"7":[0,0],"8":[0,0],"9":[0,0],"10":[0,0],"11":[0,0],"12":[0,0],"13":[0,0],"14":[0,0],"15":[0,0],"16":[0,0],"17":[0,0],"18":[0,0],"19":[0,0],"20":[0,0],"21":[0,0],"22":[0,0],"23":[0,0],"24":[0,0],"25":[0,0],"26":[0,0]},"f":{"1":0,"2":2,"3":1,"4":0,"5":0,"6":1,"7":0,"8":0,"9":0,"10":0,"11":0,"12":0,"13":0,"14":0,"15":0,"16":0},"fnMap":{"1":{"name":"onlyAdmin","line":20,"loc":{"start":{"line":20,"column":4},"end":{"line":20,"column":22}}},"2":{"name":"constructor","line":30,"loc":{"start":{"line":30,"column":4},"end":{"line":30,"column":62}}},"3":{"name":"setReferralTracker","line":36,"loc":{"start":{"line":36,"column":4},"end":{"line":36,"column":73}}},"4":{"name":"setERC20Token","line":41,"loc":{"start":{"line":41,"column":4},"end":{"line":41,"column":61}}},"5":{"name":"setKYC","line":46,"loc":{"start":{"line":46,"column":4},"end":{"line":46,"column":52}}},"6":{"name":"setAdministrator","line":51,"loc":{"start":{"line":51,"column":4},"end":{"line":51,"column":62}}},"7":{"name":"migrate","line":56,"loc":{"start":{"line":56,"column":4},"end":{"line":56,"column":88}}},"8":{"name":"finishMigration","line":70,"loc":{"start":{"line":70,"column":4},"end":{"line":70,"column":47}}},"9":{"name":"depositFor","line":76,"loc":{"start":{"line":76,"column":4},"end":{"line":76,"column":59}}},"10":{"name":"depositForWithReferral","line":91,"loc":{"start":{"line":91,"column":4},"end":{"line":91,"column":89}}},"11":{"name":"delegateDeposit","line":114,"loc":{"start":{"line":114,"column":4},"end":{"line":114,"column":62}}},"12":{"name":"withdraw","line":132,"loc":{"start":{"line":132,"column":4},"end":{"line":132,"column":40}}},"13":{"name":"unlockAddressForWithdrawal","line":144,"loc":{"start":{"line":144,"column":4},"end":{"line":144,"column":70}}},"14":{"name":"hasDeposited","line":150,"loc":{"start":{"line":150,"column":4},"end":{"line":150,"column":66}}},"15":{"name":"isUnlocked","line":154,"loc":{"start":{"line":154,"column":4},"end":{"line":154,"column":64}}},"16":{"name":"getERC20Token","line":158,"loc":{"start":{"line":158,"column":4},"end":{"line":158,"column":58}}}},"statementMap":{"1":{"start":{"line":21,"column":8},"end":{"line":21,"column":62}},"2":{"start":{"line":31,"column":8},"end":{"line":31,"column":34}},"3":{"start":{"line":32,"column":8},"end":{"line":32,"column":37}},"4":{"start":{"line":33,"column":8},"end":{"line":33,"column":30}},"5":{"start":{"line":37,"column":8},"end":{"line":37,"column":76}},"6":{"start":{"line":38,"column":8},"end":{"line":38,"column":46}},"7":{"start":{"line":42,"column":8},"end":{"line":42,"column":69}},"8":{"start":{"line":43,"column":8},"end":{"line":43,"column":31}},"9":{"start":{"line":47,"column":8},"end":{"line":47,"column":67}},"10":{"start":{"line":48,"column":8},"end":{"line":48,"column":33}},"11":{"start":{"line":52,"column":8},"end":{"line":52,"column":67}},"12":{"start":{"line":53,"column":8},"end":{"line":53,"column":21}},"13":{"start":{"line":57,"column":8},"end":{"line":57,"column":58}},"14":{"start":{"line":58,"column":8},"end":{"line":58,"column":2096}},"15":{"start":{"line":59,"column":12},"end":{"line":59,"column":93}},"16":{"start":{"line":60,"column":12},"end":{"line":60,"column":76}},"17":{"start":{"line":61,"column":12},"end":{"line":61,"column":2336}},"18":{"start":{"line":65,"column":12},"end":{"line":65,"column":51}},"19":{"start":{"line":66,"column":12},"end":{"line":66,"column":67}},"20":{"start":{"line":71,"column":8},"end":{"line":71,"column":58}},"21":{"start":{"line":72,"column":8},"end":{"line":72,"column":31}},"22":{"start":{"line":73,"column":8},"end":{"line":73,"column":45}},"23":{"start":{"line":77,"column":8},"end":{"line":77,"column":70}},"24":{"start":{"line":78,"column":8},"end":{"line":78,"column":2972}},"25":{"start":{"line":83,"column":8},"end":{"line":83,"column":96}},"26":{"start":{"line":85,"column":8},"end":{"line":85,"column":38}},"27":{"start":{"line":87,"column":8},"end":{"line":87,"column":54}},"28":{"start":{"line":88,"column":8},"end":{"line":88,"column":19}},"29":{"start":{"line":92,"column":8},"end":{"line":92,"column":59}},"30":{"start":{"line":93,"column":8},"end":{"line":93,"column":74}},"31":{"start":{"line":94,"column":8},"end":{"line":94,"column":69}},"32":{"start":{"line":95,"column":8},"end":{"line":95,"column":3640}},"33":{"start":{"line":99,"column":8},"end":{"line":99,"column":89}},"34":{"start":{"line":101,"column":8},"end":{"line":101,"column":72}},"35":{"start":{"line":103,"column":8},"end":{"line":103,"column":3945}},"36":{"start":{"line":108,"column":8},"end":{"line":108,"column":38}},"37":{"start":{"line":110,"column":8},"end":{"line":110,"column":54}},"38":{"start":{"line":111,"column":8},"end":{"line":111,"column":19}},"39":{"start":{"line":115,"column":8},"end":{"line":115,"column":68}},"40":{"start":{"line":116,"column":8},"end":{"line":116,"column":4351}},"41":{"start":{"line":121,"column":8},"end":{"line":121,"column":4494}},"42":{"start":{"line":126,"column":8},"end":{"line":126,"column":36}},"43":{"start":{"line":128,"column":8},"end":{"line":128,"column":52}},"44":{"start":{"line":129,"column":8},"end":{"line":129,"column":19}},"45":{"start":{"line":133,"column":8},"end":{"line":133,"column":71}},"46":{"start":{"line":134,"column":8},"end":{"line":134,"column":4875}},"47":{"start":{"line":140,"column":8},"end":{"line":140,"column":76}},"48":{"start":{"line":141,"column":8},"end":{"line":141,"column":62}},"49":{"start":{"line":145,"column":8},"end":{"line":145,"column":69}},"50":{"start":{"line":146,"column":8},"end":{"line":146,"column":50}},"51":{"start":{"line":147,"column":8},"end":{"line":147,"column":62}},"52":{"start":{"line":151,"column":8},"end":{"line":151,"column":39}},"53":{"start":{"line":155,"column":8},"end":{"line":155,"column":51}},"54":{"start":{"line":159,"column":8},"end":{"line":159,"column":29}}},"branchMap":{"1":{"line":21,"type":"if","locations":[{"start":{"line":21,"column":8},"end":{"line":21,"column":8}},{"start":{"line":21,"column":8},"end":{"line":21,"column":8}}]},"2":{"line":37,"type":"if","locations":[{"start":{"line":37,"column":8},"end":{"line":37,"column":8}},{"start":{"line":37,"column":8},"end":{"line":37,"column":8}}]},"3":{"line":42,"type":"if","locations":[{"start":{"line":42,"column":8},"end":{"line":42,"column":8}},{"start":{"line":42,"column":8},"end":{"line":42,"column":8}}]},"4":{"line":47,"type":"if","locations":[{"start":{"line":47,"column":8},"end":{"line":47,"column":8}},{"start":{"line":47,"column":8},"end":{"line":47,"column":8}}]},"5":{"line":52,"type":"if","locations":[{"start":{"line":52,"column":8},"end":{"line":52,"column":8}},{"start":{"line":52,"column":8},"end":{"line":52,"column":8}}]},"6":{"line":57,"type":"if","locations":[{"start":{"line":57,"column":8},"end":{"line":57,"column":8}},{"start":{"line":57,"column":8},"end":{"line":57,"column":8}}]},"7":{"line":59,"type":"if","locations":[{"start":{"line":59,"column":12},"end":{"line":59,"column":12}},{"start":{"line":59,"column":12},"end":{"line":59,"column":12}}]},"8":{"line":61,"type":"if","locations":[{"start":{"line":61,"column":12},"end":{"line":61,"column":12}},{"start":{"line":61,"column":12},"end":{"line":61,"column":12}}]},"9":{"line":71,"type":"if","locations":[{"start":{"line":71,"column":8},"end":{"line":71,"column":8}},{"start":{"line":71,"column":8},"end":{"line":71,"column":8}}]},"10":{"line":77,"type":"if","locations":[{"start":{"line":77,"column":8},"end":{"line":77,"column":8}},{"start":{"line":77,"column":8},"end":{"line":77,"column":8}}]},"11":{"line":78,"type":"if","locations":[{"start":{"line":78,"column":8},"end":{"line":78,"column":8}},{"start":{"line":78,"column":8},"end":{"line":78,"column":8}}]},"12":{"line":83,"type":"if","locations":[{"start":{"line":83,"column":8},"end":{"line":83,"column":8}},{"start":{"line":83,"column":8},"end":{"line":83,"column":8}}]},"13":{"line":92,"type":"if","locations":[{"start":{"line":92,"column":8},"end":{"line":92,"column":8}},{"start":{"line":92,"column":8},"end":{"line":92,"column":8}}]},"14":{"line":93,"type":"if","locations":[{"start":{"line":93,"column":8},"end":{"line":93,"column":8}},{"start":{"line":93,"column":8},"end":{"line":93,"column":8}}]},"15":{"line":94,"type":"if","locations":[{"start":{"line":94,"column":8},"end":{"line":94,"column":8}},{"start":{"line":94,"column":8},"end":{"line":94,"column":8}}]},"16":{"line":95,"type":"if","locations":[{"start":{"line":95,"column":8},"end":{"line":95,"column":8}},{"start":{"line":95,"column":8},"end":{"line":95,"column":8}}]},"17":{"line":99,"type":"if","locations":[{"start":{"line":99,"column":8},"end":{"line":99,"column":8}},{"start":{"line":99,"column":8},"end":{"line":99,"column":8}}]},"18":{"line":101,"type":"if","locations":[{"start":{"line":101,"column":8},"end":{"line":101,"column":8}},{"start":{"line":101,"column":8},"end":{"line":101,"column":8}}]},"19":{"line":103,"type":"if","locations":[{"start":{"line":103,"column":8},"end":{"line":103,"column":8}},{"start":{"line":103,"column":8},"end":{"line":103,"column":8}}]},"20":{"line":115,"type":"if","locations":[{"start":{"line":115,"column":8},"end":{"line":115,"column":8}},{"start":{"line":115,"column":8},"end":{"line":115,"column":8}}]},"21":{"line":116,"type":"if","locations":[{"start":{"line":116,"column":8},"end":{"line":116,"column":8}},{"start":{"line":116,"column":8},"end":{"line":116,"column":8}}]},"22":{"line":121,"type":"if","locations":[{"start":{"line":121,"column":8},"end":{"line":121,"column":8}},{"start":{"line":121,"column":8},"end":{"line":121,"column":8}}]},"23":{"line":133,"type":"if","locations":[{"start":{"line":133,"column":8},"end":{"line":133,"column":8}},{"start":{"line":133,"column":8},"end":{"line":133,"column":8}}]},"24":{"line":134,"type":"if","locations":[{"start":{"line":134,"column":8},"end":{"line":134,"column":8}},{"start":{"line":134,"column":8},"end":{"line":134,"column":8}}]},"25":{"line":140,"type":"if","locations":[{"start":{"line":140,"column":8},"end":{"line":140,"column":8}},{"start":{"line":140,"column":8},"end":{"line":140,"column":8}}]},"26":{"line":145,"type":"if","locations":[{"start":{"line":145,"column":8},"end":{"line":145,"column":8}},{"start":{"line":145,"column":8},"end":{"line":145,"column":8}}]}}},"contracts/interfaces/IAuthorization.sol":{"l":{},"path":"/home/kartojal/repos/contracts-solidity/contracts/interfaces/IAuthorization.sol","s":{},"b":{},"f":{},"fnMap":{},"statementMap":{},"branchMap":{}},"contracts/interfaces/IDAIProxy.sol":{"l":{},"path":"/home/kartojal/repos/contracts-solidity/contracts/interfaces/IDAIProxy.sol","s":{},"b":{},"f":{},"fnMap":{},"statementMap":{},"branchMap":{}},"contracts/interfaces/IDepositRegistry.sol":{"l":{},"path":"/home/kartojal/repos/contracts-solidity/contracts/interfaces/IDepositRegistry.sol","s":{},"b":{},"f":{},"fnMap":{},"statementMap":{},"branchMap":{}},"contracts/interfaces/IKYCRegistry.sol":{"l":{},"path":"/home/kartojal/repos/contracts-solidity/contracts/interfaces/IKYCRegistry.sol","s":{},"b":{},"f":{},"fnMap":{},"statementMap":{},"branchMap":{}},"contracts/interfaces/ILoanContract.sol":{"l":{},"path":"/home/kartojal/repos/contracts-solidity/contracts/interfaces/ILoanContract.sol","s":{},"b":{},"f":{},"fnMap":{},"statementMap":{},"branchMap":{}},"contracts/interfaces/ILoanContractDispatcher.sol":{"l":{},"path":"/home/kartojal/repos/contracts-solidity/contracts/interfaces/ILoanContractDispatcher.sol","s":{},"b":{},"f":{},"fnMap":{},"statementMap":{},"branchMap":{}},"contracts/interfaces/IReferralTracker.sol":{"l":{},"path":"/home/kartojal/repos/contracts-solidity/contracts/interfaces/IReferralTracker.sol","s":{},"b":{},"f":{},"fnMap":{},"statementMap":{},"branchMap":{}},"contracts/interfaces/ISwapAndDeposit.sol":{"l":{},"path":"/home/kartojal/repos/contracts-solidity/contracts/interfaces/ISwapAndDeposit.sol","s":{},"b":{},"f":{},"fnMap":{},"statementMap":{},"branchMap":{}},"contracts/interfaces/ISwapAndDepositFactory.sol":{"l":{},"path":"/home/kartojal/repos/contracts-solidity/contracts/interfaces/ISwapAndDepositFactory.sol","s":{},"b":{},"f":{},"fnMap":{},"statementMap":{},"branchMap":{}},"contracts/interfaces/IUniswapExchange.sol":{"l":{},"path":"/home/kartojal/repos/contracts-solidity/contracts/interfaces/IUniswapExchange.sol","s":{},"b":{},"f":{},"fnMap":{},"statementMap":{},"branchMap":{}},"contracts/interfaces/IUniswapFactory.sol":{"l":{},"path":"/home/kartojal/repos/contracts-solidity/contracts/interfaces/IUniswapFactory.sol","s":{},"b":{},"f":{},"fnMap":{},"statementMap":{},"branchMap":{}},"contracts/KYCRegistry.sol":{"l":{"10":16,"11":16,"18":16,"22":1,"26":0,"27":0,"28":0,"32":16,"33":16,"34":16},"path":"/home/kartojal/repos/contracts-solidity/contracts/KYCRegistry.sol","s":{"1":16,"2":16,"3":1,"4":0,"5":0,"6":0,"7":16,"8":16,"9":16},"b":{"1":[16,0],"2":[0,0],"3":[16,0]},"f":{"1":16,"2":16,"3":1,"4":0,"5":16},"fnMap":{"1":{"name":"onlyAdmin","line":9,"loc":{"start":{"line":9,"column":4},"end":{"line":9,"column":22}}},"2":{"name":"isConfirmed","line":17,"loc":{"start":{"line":17,"column":4},"end":{"line":17,"column":63}}},"3":{"name":"setAdministrator","line":21,"loc":{"start":{"line":21,"column":4},"end":{"line":21,"column":60}}},"4":{"name":"removeAddressFromKYC","line":25,"loc":{"start":{"line":25,"column":4},"end":{"line":25,"column":62}}},"5":{"name":"addAddressToKYC","line":31,"loc":{"start":{"line":31,"column":4},"end":{"line":31,"column":57}}}},"statementMap":{"1":{"start":{"line":10,"column":8},"end":{"line":10,"column":62}},"2":{"start":{"line":18,"column":8},"end":{"line":18,"column":33}},"3":{"start":{"line":22,"column":8},"end":{"line":22,"column":21}},"4":{"start":{"line":26,"column":8},"end":{"line":26,"column":55}},"5":{"start":{"line":27,"column":8},"end":{"line":27,"column":33}},"6":{"start":{"line":28,"column":8},"end":{"line":28,"column":33}},"7":{"start":{"line":32,"column":8},"end":{"line":32,"column":60}},"8":{"start":{"line":33,"column":8},"end":{"line":33,"column":32}},"9":{"start":{"line":34,"column":8},"end":{"line":34,"column":29}}},"branchMap":{"1":{"line":10,"type":"if","locations":[{"start":{"line":10,"column":8},"end":{"line":10,"column":8}},{"start":{"line":10,"column":8},"end":{"line":10,"column":8}}]},"2":{"line":26,"type":"if","locations":[{"start":{"line":26,"column":8},"end":{"line":26,"column":8}},{"start":{"line":26,"column":8},"end":{"line":26,"column":8}}]},"3":{"line":32,"type":"if","locations":[{"start":{"line":32,"column":8},"end":{"line":32,"column":8}},{"start":{"line":32,"column":8},"end":{"line":32,"column":8}}]}}},"contracts/LoanContract.sol":{"l":{"110":0,"111":0,"115":0,"116":0,"120":0,"121":0,"125":0,"126":0,"127":0,"131":0,"132":0,"133":0,"137":0,"138":0,"139":0,"143":0,"144":0,"148":0,"149":0,"166":0,"167":0,"168":0,"169":0,"170":0,"171":0,"172":0,"174":0,"175":0,"176":0,"177":0,"179":0,"180":0,"181":0,"183":0,"185":0,"187":0,"189":0,"190":0,"205":0,"209":0,"213":0,"217":0,"228":0,"229":0,"230":0,"231":0,"232":0,"234":0,"235":0,"236":0,"239":0,"240":0,"241":0,"243":0,"245":0,"246":0,"247":0,"248":0,"250":0,"253":0,"254":0,"255":0,"263":0,"267":0,"268":0,"272":0,"273":0,"274":0,"275":0,"276":0,"277":0,"278":0,"282":0,"283":0,"284":0,"286":0,"288":0,"290":0,"295":0,"301":0,"302":0,"303":0,"308":0,"309":0,"311":0,"313":0,"315":0,"317":0,"322":0,"323":0,"324":0,"329":0,"330":0,"331":0,"332":0,"334":0,"335":0,"337":0,"338":0,"339":0,"340":0,"345":0,"346":0,"347":0,"348":0,"349":0,"351":0,"352":0,"353":0,"354":0,"359":0,"360":0,"361":0,"362":0,"367":0,"368":0,"369":0,"370":0,"379":0,"380":0,"382":0,"383":0,"384":0,"388":0,"392":0,"393":0,"396":0,"400":0,"401":0,"402":0,"404":0,"407":0,"408":0,"409":0,"412":0,"416":0,"423":0,"424":0,"430":0,"436":0,"441":0,"445":0,"446":0,"447":0,"448":0,"450":0,"451":0,"453":0,"456":0,"464":0},"path":"/home/kartojal/repos/contracts-solidity/contracts/LoanContract.sol","s":{"1":0,"2":0,"3":0,"4":0,"5":0,"6":0,"7":0,"8":0,"9":0,"10":0,"11":0,"12":0,"13":0,"14":0,"15":0,"16":0,"17":0,"18":0,"19":0,"20":0,"21":0,"22":0,"23":0,"24":0,"25":0,"26":0,"27":0,"28":0,"29":0,"30":0,"31":0,"32":0,"33":0,"34":0,"35":0,"36":0,"37":0,"38":0,"39":0,"40":0,"41":0,"42":0,"43":0,"44":0,"45":0,"46":0,"47":0,"48":0,"49":0,"50":0,"51":0,"52":0,"53":0,"54":0,"55":0,"56":0,"57":0,"58":0,"59":0,"60":0,"61":0,"62":0,"63":0,"64":0,"65":0,"66":0,"67":0,"68":0,"69":0,"70":0,"71":0,"72":0,"73":0,"74":0,"75":0,"76":0,"77":0,"78":0,"79":0,"80":0,"81":0,"82":0,"83":0,"84":0,"85":0,"86":0,"87":0,"88":0,"89":0,"90":0,"91":0,"92":0,"93":0,"94":0,"95":0,"96":0,"97":0,"98":0,"99":0,"100":0,"101":0,"102":0,"103":0,"104":0,"105":0,"106":0,"107":0,"108":0,"109":0,"110":0,"111":0,"112":0,"113":0,"114":0,"115":0,"116":0,"117":0,"118":0,"119":0,"120":0,"121":0,"122":0,"123":0,"124":0,"125":0,"126":0,"127":0,"128":0,"129":0,"130":0,"131":0,"132":0,"133":0,"134":0,"135":0,"136":0,"137":0,"138":0,"139":0,"140":0,"141":0,"142":0,"143":0},"b":{"1":[0,0],"2":[0,0],"3":[0,0],"4":[0,0],"5":[0,0],"6":[0,0],"7":[0,0],"8":[0,0],"9":[0,0],"10":[0,0],"11":[0,0],"12":[0,0],"13":[0,0],"14":[0,0],"15":[0,0],"16":[0,0],"17":[0,0],"18":[0,0],"19":[0,0],"20":[0,0],"21":[0,0],"22":[0,0],"23":[0,0],"24":[0,0],"25":[0,0],"26":[0,0],"27":[0,0],"28":[0,0],"29":[0,0],"30":[0,0],"31":[0,0],"32":[0,0],"33":[0,0],"34":[0,0],"35":[0,0],"36":[0,0],"37":[0,0],"38":[0,0],"39":[0,0],"40":[0,0],"41":[0,0],"42":[0,0],"43":[0,0],"44":[0,0],"45":[0,0],"46":[0,0],"47":[0,0],"48":[0,0]},"f":{"1":0,"2":0,"3":0,"4":0,"5":0,"6":0,"7":0,"8":0,"9":0,"10":0,"11":0,"12":0,"13":0,"14":0,"15":0,"16":0,"17":0,"18":0,"19":0,"20":0,"21":0,"22":0,"23":0,"24":0,"25":0,"26":0,"27":0,"28":0,"29":0},"fnMap":{"1":{"name":"onlyFrozen","line":109,"loc":{"start":{"line":109,"column":4},"end":{"line":109,"column":23}}},"2":{"name":"onlyAdmin","line":114,"loc":{"start":{"line":114,"column":4},"end":{"line":114,"column":22}}},"3":{"name":"onlyCreated","line":119,"loc":{"start":{"line":119,"column":4},"end":{"line":119,"column":24}}},"4":{"name":"onlyActive","line":124,"loc":{"start":{"line":124,"column":4},"end":{"line":124,"column":23}}},"5":{"name":"onlyRepaid","line":130,"loc":{"start":{"line":130,"column":4},"end":{"line":130,"column":23}}},"6":{"name":"onlyFailedToFund","line":136,"loc":{"start":{"line":136,"column":4},"end":{"line":136,"column":29}}},"7":{"name":"onlyProxy","line":142,"loc":{"start":{"line":142,"column":4},"end":{"line":142,"column":22}}},"8":{"name":"onlyOriginator","line":147,"loc":{"start":{"line":147,"column":4},"end":{"line":147,"column":27}}},"9":{"name":"constructor","line":152,"loc":{"start":{"line":152,"column":4},"end":{"line":165,"column":14}}},"10":{"name":"getMaxAmount","line":204,"loc":{"start":{"line":204,"column":4},"end":{"line":204,"column":57}}},"11":{"name":"getAuctionBalance","line":208,"loc":{"start":{"line":208,"column":4},"end":{"line":208,"column":62}}},"12":{"name":"getLenderBidAmount","line":212,"loc":{"start":{"line":212,"column":4},"end":{"line":212,"column":77}}},"13":{"name":"getLenderWithdrawn","line":216,"loc":{"start":{"line":216,"column":4},"end":{"line":216,"column":74}}},"14":{"name":"onFundingReceived","line":222,"loc":{"start":{"line":222,"column":4},"end":{"line":227,"column":5}}},"15":{"name":"unlockFundsWithdrawal","line":266,"loc":{"start":{"line":266,"column":4},"end":{"line":266,"column":53}}},"16":{"name":"withdrawFees","line":271,"loc":{"start":{"line":271,"column":4},"end":{"line":271,"column":59}}},"17":{"name":"withdrawFundsUnlocked","line":281,"loc":{"start":{"line":281,"column":4},"end":{"line":281,"column":54}}},"18":{"name":"withdrawRefund","line":307,"loc":{"start":{"line":307,"column":4},"end":{"line":307,"column":53}}},"19":{"name":"withdrawRepayment","line":328,"loc":{"start":{"line":328,"column":4},"end":{"line":328,"column":50}}},"20":{"name":"withdrawRepaymentAndDeposit","line":344,"loc":{"start":{"line":344,"column":4},"end":{"line":344,"column":60}}},"21":{"name":"withdrawLoan","line":366,"loc":{"start":{"line":366,"column":4},"end":{"line":366,"column":60}}},"22":{"name":"onRepaymentReceived","line":373,"loc":{"start":{"line":373,"column":4},"end":{"line":378,"column":5}}},"23":{"name":"isAuctionExpired","line":387,"loc":{"start":{"line":387,"column":4},"end":{"line":387,"column":56}}},"24":{"name":"isDefaulted","line":391,"loc":{"start":{"line":391,"column":4},"end":{"line":391,"column":51}}},"25":{"name":"updateStateMachine","line":399,"loc":{"start":{"line":399,"column":4},"end":{"line":399,"column":58}}},"26":{"name":"calculateValueWithInterest","line":415,"loc":{"start":{"line":415,"column":4},"end":{"line":415,"column":82}}},"27":{"name":"getInterestRate","line":422,"loc":{"start":{"line":422,"column":4},"end":{"line":422,"column":58}}},"28":{"name":"setState","line":440,"loc":{"start":{"line":440,"column":4},"end":{"line":440,"column":45}}},"29":{"name":"setSuccessfulAuction","line":444,"loc":{"start":{"line":444,"column":4},"end":{"line":444,"column":69}}}},"statementMap":{"1":{"start":{"line":110,"column":8},"end":{"line":110,"column":77}},"2":{"start":{"line":115,"column":8},"end":{"line":115,"column":77}},"3":{"start":{"line":120,"column":8},"end":{"line":120,"column":79}},"4":{"start":{"line":125,"column":8},"end":{"line":125,"column":27}},"5":{"start":{"line":126,"column":8},"end":{"line":126,"column":77}},"6":{"start":{"line":131,"column":8},"end":{"line":131,"column":27}},"7":{"start":{"line":132,"column":8},"end":{"line":132,"column":77}},"8":{"start":{"line":137,"column":8},"end":{"line":137,"column":27}},"9":{"start":{"line":138,"column":8},"end":{"line":138,"column":93}},"10":{"start":{"line":143,"column":8},"end":{"line":143,"column":71}},"11":{"start":{"line":148,"column":8},"end":{"line":148,"column":72}},"12":{"start":{"line":166,"column":8},"end":{"line":166,"column":39}},"13":{"start":{"line":167,"column":8},"end":{"line":167,"column":42}},"14":{"start":{"line":168,"column":8},"end":{"line":168,"column":40}},"15":{"start":{"line":169,"column":8},"end":{"line":169,"column":46}},"16":{"start":{"line":170,"column":8},"end":{"line":170,"column":31}},"17":{"start":{"line":171,"column":8},"end":{"line":171,"column":37}},"18":{"start":{"line":172,"column":8},"end":{"line":172,"column":33}},"19":{"start":{"line":174,"column":8},"end":{"line":174,"column":41}},"20":{"start":{"line":175,"column":8},"end":{"line":175,"column":41}},"21":{"start":{"line":176,"column":8},"end":{"line":176,"column":29}},"22":{"start":{"line":177,"column":8},"end":{"line":177,"column":29}},"23":{"start":{"line":179,"column":8},"end":{"line":179,"column":37}},"24":{"start":{"line":180,"column":8},"end":{"line":180,"column":46}},"25":{"start":{"line":181,"column":8},"end":{"line":181,"column":66}},"26":{"start":{"line":183,"column":8},"end":{"line":183,"column":31}},"27":{"start":{"line":185,"column":8},"end":{"line":185,"column":30}},"28":{"start":{"line":187,"column":8},"end":{"line":187,"column":33}},"29":{"start":{"line":189,"column":8},"end":{"line":189,"column":34}},"30":{"start":{"line":190,"column":8},"end":{"line":190,"column":6169}},"31":{"start":{"line":205,"column":8},"end":{"line":205,"column":24}},"32":{"start":{"line":209,"column":8},"end":{"line":209,"column":29}},"33":{"start":{"line":213,"column":8},"end":{"line":213,"column":47}},"34":{"start":{"line":217,"column":8},"end":{"line":217,"column":47}},"35":{"start":{"line":228,"column":8},"end":{"line":228,"column":7229}},"36":{"start":{"line":229,"column":12},"end":{"line":229,"column":7271}},"37":{"start":{"line":230,"column":16},"end":{"line":230,"column":49}},"38":{"start":{"line":231,"column":16},"end":{"line":231,"column":64}},"39":{"start":{"line":232,"column":16},"end":{"line":232,"column":28}},"40":{"start":{"line":234,"column":16},"end":{"line":234,"column":97}},"41":{"start":{"line":235,"column":16},"end":{"line":235,"column":64}},"42":{"start":{"line":236,"column":16},"end":{"line":236,"column":28}},"43":{"start":{"line":239,"column":8},"end":{"line":239,"column":44}},"44":{"start":{"line":240,"column":8},"end":{"line":240,"column":86}},"45":{"start":{"line":241,"column":8},"end":{"line":241,"column":50}},"46":{"start":{"line":243,"column":8},"end":{"line":243,"column":44}},"47":{"start":{"line":245,"column":8},"end":{"line":245,"column":7935}},"48":{"start":{"line":246,"column":12},"end":{"line":246,"column":32}},"49":{"start":{"line":247,"column":12},"end":{"line":247,"column":85}},"50":{"start":{"line":248,"column":12},"end":{"line":248,"column":79}},"51":{"start":{"line":250,"column":12},"end":{"line":250,"column":85}},"52":{"start":{"line":253,"column":8},"end":{"line":253,"column":8315}},"53":{"start":{"line":254,"column":12},"end":{"line":254,"column":93}},"54":{"start":{"line":255,"column":12},"end":{"line":255,"column":8463}},"55":{"start":{"line":263,"column":8},"end":{"line":263,"column":19}},"56":{"start":{"line":267,"column":8},"end":{"line":267,"column":33}},"57":{"start":{"line":268,"column":8},"end":{"line":268,"column":46}},"58":{"start":{"line":272,"column":8},"end":{"line":272,"column":64}},"59":{"start":{"line":273,"column":8},"end":{"line":273,"column":59}},"60":{"start":{"line":274,"column":8},"end":{"line":274,"column":41}},"61":{"start":{"line":275,"column":8},"end":{"line":275,"column":26}},"62":{"start":{"line":276,"column":8},"end":{"line":276,"column":75}},"63":{"start":{"line":277,"column":8},"end":{"line":277,"column":51}},"64":{"start":{"line":278,"column":8},"end":{"line":278,"column":19}},"65":{"start":{"line":282,"column":8},"end":{"line":282,"column":56}},"66":{"start":{"line":283,"column":8},"end":{"line":283,"column":81}},"67":{"start":{"line":284,"column":8},"end":{"line":284,"column":83}},"68":{"start":{"line":286,"column":8},"end":{"line":286,"column":50}},"69":{"start":{"line":288,"column":8},"end":{"line":288,"column":90}},"70":{"start":{"line":290,"column":8},"end":{"line":290,"column":9702}},"71":{"start":{"line":295,"column":8},"end":{"line":295,"column":9850}},"72":{"start":{"line":301,"column":8},"end":{"line":301,"column":9998}},"73":{"start":{"line":302,"column":12},"end":{"line":302,"column":37}},"74":{"start":{"line":303,"column":12},"end":{"line":303,"column":59}},"75":{"start":{"line":308,"column":8},"end":{"line":308,"column":81}},"76":{"start":{"line":309,"column":8},"end":{"line":309,"column":86}},"77":{"start":{"line":311,"column":8},"end":{"line":311,"column":50}},"78":{"start":{"line":313,"column":8},"end":{"line":313,"column":90}},"79":{"start":{"line":315,"column":8},"end":{"line":315,"column":93}},"80":{"start":{"line":317,"column":8},"end":{"line":317,"column":10666}},"81":{"start":{"line":322,"column":8},"end":{"line":322,"column":10813}},"82":{"start":{"line":323,"column":12},"end":{"line":323,"column":37}},"83":{"start":{"line":324,"column":12},"end":{"line":324,"column":45}},"84":{"start":{"line":329,"column":8},"end":{"line":329,"column":81}},"85":{"start":{"line":330,"column":8},"end":{"line":330,"column":86}},"86":{"start":{"line":331,"column":8},"end":{"line":331,"column":89}},"87":{"start":{"line":332,"column":8},"end":{"line":332,"column":50}},"88":{"start":{"line":334,"column":8},"end":{"line":334,"column":60}},"89":{"start":{"line":335,"column":8},"end":{"line":335,"column":79}},"90":{"start":{"line":337,"column":8},"end":{"line":337,"column":66}},"91":{"start":{"line":338,"column":8},"end":{"line":338,"column":11557}},"92":{"start":{"line":339,"column":12},"end":{"line":339,"column":37}},"93":{"start":{"line":340,"column":12},"end":{"line":340,"column":45}},"94":{"start":{"line":345,"column":8},"end":{"line":345,"column":62}},"95":{"start":{"line":346,"column":8},"end":{"line":346,"column":81}},"96":{"start":{"line":347,"column":8},"end":{"line":347,"column":86}},"97":{"start":{"line":348,"column":8},"end":{"line":348,"column":89}},"98":{"start":{"line":349,"column":8},"end":{"line":349,"column":50}},"99":{"start":{"line":351,"column":8},"end":{"line":351,"column":60}},"100":{"start":{"line":352,"column":8},"end":{"line":352,"column":74}},"101":{"start":{"line":353,"column":8},"end":{"line":353,"column":62}},"102":{"start":{"line":354,"column":8},"end":{"line":354,"column":12364}},"103":{"start":{"line":359,"column":8},"end":{"line":359,"column":66}},"104":{"start":{"line":360,"column":8},"end":{"line":360,"column":12580}},"105":{"start":{"line":361,"column":12},"end":{"line":361,"column":37}},"106":{"start":{"line":362,"column":12},"end":{"line":362,"column":45}},"107":{"start":{"line":367,"column":8},"end":{"line":367,"column":51}},"108":{"start":{"line":368,"column":8},"end":{"line":368,"column":27}},"109":{"start":{"line":369,"column":8},"end":{"line":369,"column":74}},"110":{"start":{"line":370,"column":8},"end":{"line":370,"column":87}},"111":{"start":{"line":379,"column":8},"end":{"line":379,"column":72}},"112":{"start":{"line":380,"column":8},"end":{"line":380,"column":74}},"113":{"start":{"line":382,"column":8},"end":{"line":382,"column":33}},"114":{"start":{"line":383,"column":8},"end":{"line":383,"column":55}},"115":{"start":{"line":384,"column":8},"end":{"line":384,"column":19}},"116":{"start":{"line":388,"column":8},"end":{"line":388,"column":52}},"117":{"start":{"line":392,"column":8},"end":{"line":392,"column":13655}},"118":{"start":{"line":393,"column":12},"end":{"line":393,"column":24}},"119":{"start":{"line":396,"column":8},"end":{"line":396,"column":19}},"120":{"start":{"line":400,"column":8},"end":{"line":400,"column":13876}},"121":{"start":{"line":401,"column":12},"end":{"line":401,"column":13955}},"122":{"start":{"line":402,"column":16},"end":{"line":402,"column":49}},"123":{"start":{"line":404,"column":16},"end":{"line":404,"column":97}},"124":{"start":{"line":407,"column":8},"end":{"line":407,"column":14179}},"125":{"start":{"line":408,"column":12},"end":{"line":408,"column":40}},"126":{"start":{"line":409,"column":12},"end":{"line":409,"column":45}},"127":{"start":{"line":412,"column":8},"end":{"line":412,"column":27}},"128":{"start":{"line":416,"column":8},"end":{"line":416,"column":14473}},"129":{"start":{"line":423,"column":8},"end":{"line":423,"column":14688}},"130":{"start":{"line":424,"column":12},"end":{"line":424,"column":14774}},"131":{"start":{"line":429,"column":15},"end":{"line":429,"column":15003}},"132":{"start":{"line":430,"column":12},"end":{"line":430,"column":15124}},"133":{"start":{"line":436,"column":12},"end":{"line":436,"column":20}},"134":{"start":{"line":441,"column":8},"end":{"line":441,"column":27}},"135":{"start":{"line":445,"column":8},"end":{"line":445,"column":33}},"136":{"start":{"line":446,"column":8},"end":{"line":446,"column":64}},"137":{"start":{"line":447,"column":8},"end":{"line":447,"column":73}},"138":{"start":{"line":448,"column":8},"end":{"line":448,"column":56}},"139":{"start":{"line":450,"column":8},"end":{"line":450,"column":15806}},"140":{"start":{"line":451,"column":12},"end":{"line":451,"column":61}},"141":{"start":{"line":453,"column":12},"end":{"line":453,"column":65}},"142":{"start":{"line":456,"column":8},"end":{"line":456,"column":16020}},"143":{"start":{"line":464,"column":8},"end":{"line":464,"column":19}}},"branchMap":{"1":{"line":110,"type":"if","locations":[{"start":{"line":110,"column":8},"end":{"line":110,"column":8}},{"start":{"line":110,"column":8},"end":{"line":110,"column":8}}]},"2":{"line":115,"type":"if","locations":[{"start":{"line":115,"column":8},"end":{"line":115,"column":8}},{"start":{"line":115,"column":8},"end":{"line":115,"column":8}}]},"3":{"line":120,"type":"if","locations":[{"start":{"line":120,"column":8},"end":{"line":120,"column":8}},{"start":{"line":120,"column":8},"end":{"line":120,"column":8}}]},"4":{"line":126,"type":"if","locations":[{"start":{"line":126,"column":8},"end":{"line":126,"column":8}},{"start":{"line":126,"column":8},"end":{"line":126,"column":8}}]},"5":{"line":132,"type":"if","locations":[{"start":{"line":132,"column":8},"end":{"line":132,"column":8}},{"start":{"line":132,"column":8},"end":{"line":132,"column":8}}]},"6":{"line":138,"type":"if","locations":[{"start":{"line":138,"column":8},"end":{"line":138,"column":8}},{"start":{"line":138,"column":8},"end":{"line":138,"column":8}}]},"7":{"line":143,"type":"if","locations":[{"start":{"line":143,"column":8},"end":{"line":143,"column":8}},{"start":{"line":143,"column":8},"end":{"line":143,"column":8}}]},"8":{"line":148,"type":"if","locations":[{"start":{"line":148,"column":8},"end":{"line":148,"column":8}},{"start":{"line":148,"column":8},"end":{"line":148,"column":8}}]},"9":{"line":228,"type":"if","locations":[{"start":{"line":228,"column":8},"end":{"line":228,"column":8}},{"start":{"line":228,"column":8},"end":{"line":228,"column":8}}]},"10":{"line":229,"type":"if","locations":[{"start":{"line":229,"column":12},"end":{"line":229,"column":12}},{"start":{"line":229,"column":12},"end":{"line":229,"column":12}}]},"11":{"line":234,"type":"if","locations":[{"start":{"line":234,"column":16},"end":{"line":234,"column":16}},{"start":{"line":234,"column":16},"end":{"line":234,"column":16}}]},"12":{"line":245,"type":"if","locations":[{"start":{"line":245,"column":8},"end":{"line":245,"column":8}},{"start":{"line":245,"column":8},"end":{"line":245,"column":8}}]},"13":{"line":253,"type":"if","locations":[{"start":{"line":253,"column":8},"end":{"line":253,"column":8}},{"start":{"line":253,"column":8},"end":{"line":253,"column":8}}]},"14":{"line":254,"type":"if","locations":[{"start":{"line":254,"column":12},"end":{"line":254,"column":12}},{"start":{"line":254,"column":12},"end":{"line":254,"column":12}}]},"15":{"line":272,"type":"if","locations":[{"start":{"line":272,"column":8},"end":{"line":272,"column":8}},{"start":{"line":272,"column":8},"end":{"line":272,"column":8}}]},"16":{"line":273,"type":"if","locations":[{"start":{"line":273,"column":8},"end":{"line":273,"column":8}},{"start":{"line":273,"column":8},"end":{"line":273,"column":8}}]},"17":{"line":276,"type":"if","locations":[{"start":{"line":276,"column":8},"end":{"line":276,"column":8}},{"start":{"line":276,"column":8},"end":{"line":276,"column":8}}]},"18":{"line":282,"type":"if","locations":[{"start":{"line":282,"column":8},"end":{"line":282,"column":8}},{"start":{"line":282,"column":8},"end":{"line":282,"column":8}}]},"19":{"line":283,"type":"if","locations":[{"start":{"line":283,"column":8},"end":{"line":283,"column":8}},{"start":{"line":283,"column":8},"end":{"line":283,"column":8}}]},"20":{"line":284,"type":"if","locations":[{"start":{"line":284,"column":8},"end":{"line":284,"column":8}},{"start":{"line":284,"column":8},"end":{"line":284,"column":8}}]},"21":{"line":290,"type":"if","locations":[{"start":{"line":290,"column":8},"end":{"line":290,"column":8}},{"start":{"line":290,"column":8},"end":{"line":290,"column":8}}]},"22":{"line":301,"type":"if","locations":[{"start":{"line":301,"column":8},"end":{"line":301,"column":8}},{"start":{"line":301,"column":8},"end":{"line":301,"column":8}}]},"23":{"line":308,"type":"if","locations":[{"start":{"line":308,"column":8},"end":{"line":308,"column":8}},{"start":{"line":308,"column":8},"end":{"line":308,"column":8}}]},"24":{"line":309,"type":"if","locations":[{"start":{"line":309,"column":8},"end":{"line":309,"column":8}},{"start":{"line":309,"column":8},"end":{"line":309,"column":8}}]},"25":{"line":317,"type":"if","locations":[{"start":{"line":317,"column":8},"end":{"line":317,"column":8}},{"start":{"line":317,"column":8},"end":{"line":317,"column":8}}]},"26":{"line":322,"type":"if","locations":[{"start":{"line":322,"column":8},"end":{"line":322,"column":8}},{"start":{"line":322,"column":8},"end":{"line":322,"column":8}}]},"27":{"line":329,"type":"if","locations":[{"start":{"line":329,"column":8},"end":{"line":329,"column":8}},{"start":{"line":329,"column":8},"end":{"line":329,"column":8}}]},"28":{"line":330,"type":"if","locations":[{"start":{"line":330,"column":8},"end":{"line":330,"column":8}},{"start":{"line":330,"column":8},"end":{"line":330,"column":8}}]},"29":{"line":335,"type":"if","locations":[{"start":{"line":335,"column":8},"end":{"line":335,"column":8}},{"start":{"line":335,"column":8},"end":{"line":335,"column":8}}]},"30":{"line":338,"type":"if","locations":[{"start":{"line":338,"column":8},"end":{"line":338,"column":8}},{"start":{"line":338,"column":8},"end":{"line":338,"column":8}}]},"31":{"line":345,"type":"if","locations":[{"start":{"line":345,"column":8},"end":{"line":345,"column":8}},{"start":{"line":345,"column":8},"end":{"line":345,"column":8}}]},"32":{"line":346,"type":"if","locations":[{"start":{"line":346,"column":8},"end":{"line":346,"column":8}},{"start":{"line":346,"column":8},"end":{"line":346,"column":8}}]},"33":{"line":347,"type":"if","locations":[{"start":{"line":347,"column":8},"end":{"line":347,"column":8}},{"start":{"line":347,"column":8},"end":{"line":347,"column":8}}]},"34":{"line":353,"type":"if","locations":[{"start":{"line":353,"column":8},"end":{"line":353,"column":8}},{"start":{"line":353,"column":8},"end":{"line":353,"column":8}}]},"35":{"line":354,"type":"if","locations":[{"start":{"line":354,"column":8},"end":{"line":354,"column":8}},{"start":{"line":354,"column":8},"end":{"line":354,"column":8}}]},"36":{"line":360,"type":"if","locations":[{"start":{"line":360,"column":8},"end":{"line":360,"column":8}},{"start":{"line":360,"column":8},"end":{"line":360,"column":8}}]},"37":{"line":367,"type":"if","locations":[{"start":{"line":367,"column":8},"end":{"line":367,"column":8}},{"start":{"line":367,"column":8},"end":{"line":367,"column":8}}]},"38":{"line":370,"type":"if","locations":[{"start":{"line":370,"column":8},"end":{"line":370,"column":8}},{"start":{"line":370,"column":8},"end":{"line":370,"column":8}}]},"39":{"line":379,"type":"if","locations":[{"start":{"line":379,"column":8},"end":{"line":379,"column":8}},{"start":{"line":379,"column":8},"end":{"line":379,"column":8}}]},"40":{"line":380,"type":"if","locations":[{"start":{"line":380,"column":8},"end":{"line":380,"column":8}},{"start":{"line":380,"column":8},"end":{"line":380,"column":8}}]},"41":{"line":392,"type":"if","locations":[{"start":{"line":392,"column":8},"end":{"line":392,"column":8}},{"start":{"line":392,"column":8},"end":{"line":392,"column":8}}]},"42":{"line":400,"type":"if","locations":[{"start":{"line":400,"column":8},"end":{"line":400,"column":8}},{"start":{"line":400,"column":8},"end":{"line":400,"column":8}}]},"43":{"line":401,"type":"if","locations":[{"start":{"line":401,"column":12},"end":{"line":401,"column":12}},{"start":{"line":401,"column":12},"end":{"line":401,"column":12}}]},"44":{"line":404,"type":"if","locations":[{"start":{"line":404,"column":16},"end":{"line":404,"column":16}},{"start":{"line":404,"column":16},"end":{"line":404,"column":16}}]},"45":{"line":407,"type":"if","locations":[{"start":{"line":407,"column":8},"end":{"line":407,"column":8}},{"start":{"line":407,"column":8},"end":{"line":407,"column":8}}]},"46":{"line":423,"type":"if","locations":[{"start":{"line":423,"column":8},"end":{"line":423,"column":8}},{"start":{"line":423,"column":8},"end":{"line":423,"column":8}}]},"47":{"line":429,"type":"if","locations":[{"start":{"line":429,"column":15},"end":{"line":429,"column":15}},{"start":{"line":429,"column":15},"end":{"line":429,"column":15}}]},"48":{"line":450,"type":"if","locations":[{"start":{"line":450,"column":8},"end":{"line":450,"column":8}},{"start":{"line":450,"column":8},"end":{"line":450,"column":8}}]}}},"contracts/LoanContractDispatcher.sol":{"l":{"28":0,"29":0,"33":0,"34":0,"70":4,"71":4,"72":4,"73":4,"74":4,"75":4,"77":4,"79":4,"83":0,"84":0,"88":0,"89":0,"93":0,"94":0,"98":0,"99":0,"103":0,"104":0,"108":0,"109":0,"113":0,"117":0,"118":0,"122":0,"126":0,"127":0,"131":0,"135":0,"136":0,"140":0,"144":0,"145":0,"149":0,"153":0,"164":0,"165":0,"171":0,"177":0,"181":0,"185":0,"189":0,"190":0,"192":0,"206":0,"208":0,"222":0,"226":0},"path":"/home/kartojal/repos/contracts-solidity/contracts/LoanContractDispatcher.sol","s":{"1":0,"2":0,"3":4,"4":4,"5":4,"6":4,"7":4,"8":4,"9":4,"10":4,"11":0,"12":0,"13":0,"14":0,"15":0,"16":0,"17":0,"18":0,"19":0,"20":0,"21":0,"22":0,"23":0,"24":0,"25":0,"26":0,"27":0,"28":0,"29":0,"30":0,"31":0,"32":0,"33":0,"34":0,"35":0,"36":0,"37":0,"38":0,"39":0,"40":0,"41":0,"42":0,"43":0,"44":0,"45":0,"46":0,"47":0,"48":0,"49":0},"b":{"1":[0,0],"2":[0,0],"3":[0,0],"4":[0,0],"5":[0,0],"6":[0,0],"7":[0,0],"8":[0,0],"9":[0,0],"10":[0,0],"11":[0,0],"12":[0,0],"13":[0,0],"14":[0,0]},"f":{"1":0,"2":0,"3":4,"4":0,"5":0,"6":0,"7":0,"8":0,"9":0,"10":0,"11":0,"12":0,"13":0,"14":0,"15":0,"16":0,"17":0},"fnMap":{"1":{"name":"onlyKYC","line":27,"loc":{"start":{"line":27,"column":4},"end":{"line":27,"column":18}}},"2":{"name":"onlyAdmin","line":32,"loc":{"start":{"line":32,"column":4},"end":{"line":32,"column":22}}},"3":{"name":"constructor","line":64,"loc":{"start":{"line":64,"column":4},"end":{"line":69,"column":14}}},"4":{"name":"setDaiTokenAddress","line":82,"loc":{"start":{"line":82,"column":4},"end":{"line":82,"column":68}}},"5":{"name":"setAuthAddress","line":87,"loc":{"start":{"line":87,"column":4},"end":{"line":87,"column":65}}},"6":{"name":"setDaiProxyAddress","line":92,"loc":{"start":{"line":92,"column":4},"end":{"line":92,"column":73}}},"7":{"name":"setSwapFactory","line":97,"loc":{"start":{"line":97,"column":4},"end":{"line":97,"column":66}}},"8":{"name":"setAdministrator","line":102,"loc":{"start":{"line":102,"column":4},"end":{"line":102,"column":61}}},"9":{"name":"setOperatorFee","line":107,"loc":{"start":{"line":107,"column":4},"end":{"line":107,"column":60}}},"10":{"name":"setMinAmount","line":112,"loc":{"start":{"line":112,"column":4},"end":{"line":112,"column":70}}},"11":{"name":"setMaxAmount","line":121,"loc":{"start":{"line":121,"column":4},"end":{"line":121,"column":70}}},"12":{"name":"setMinInterestRate","line":130,"loc":{"start":{"line":130,"column":4},"end":{"line":130,"column":82}}},"13":{"name":"setMaxInterestRate","line":139,"loc":{"start":{"line":139,"column":4},"end":{"line":139,"column":82}}},"14":{"name":"setMinTermLength","line":148,"loc":{"start":{"line":148,"column":4},"end":{"line":148,"column":78}}},"15":{"name":"setMinAuctionLength","line":152,"loc":{"start":{"line":152,"column":4},"end":{"line":152,"column":84}}},"16":{"name":"deploy","line":156,"loc":{"start":{"line":156,"column":4},"end":{"line":163,"column":42}}},"17":{"name":"checkLoanContract","line":225,"loc":{"start":{"line":225,"column":4},"end":{"line":225,"column":78}}}},"statementMap":{"1":{"start":{"line":28,"column":8},"end":{"line":28,"column":89}},"2":{"start":{"line":33,"column":8},"end":{"line":33,"column":77}},"3":{"start":{"line":70,"column":8},"end":{"line":70,"column":25}},"4":{"start":{"line":71,"column":8},"end":{"line":71,"column":41}},"5":{"start":{"line":72,"column":8},"end":{"line":72,"column":41}},"6":{"start":{"line":73,"column":8},"end":{"line":73,"column":33}},"7":{"start":{"line":74,"column":8},"end":{"line":74,"column":23}},"8":{"start":{"line":75,"column":8},"end":{"line":75,"column":29}},"9":{"start":{"line":77,"column":8},"end":{"line":77,"column":30}},"10":{"start":{"line":79,"column":8},"end":{"line":79,"column":25}},"11":{"start":{"line":83,"column":8},"end":{"line":83,"column":35}},"12":{"start":{"line":84,"column":8},"end":{"line":84,"column":67}},"13":{"start":{"line":88,"column":8},"end":{"line":88,"column":25}},"14":{"start":{"line":89,"column":8},"end":{"line":89,"column":59}},"15":{"start":{"line":93,"column":8},"end":{"line":93,"column":40}},"16":{"start":{"line":94,"column":8},"end":{"line":94,"column":67}},"17":{"start":{"line":98,"column":8},"end":{"line":98,"column":33}},"18":{"start":{"line":99,"column":8},"end":{"line":99,"column":66}},"19":{"start":{"line":103,"column":8},"end":{"line":103,"column":28}},"20":{"start":{"line":104,"column":8},"end":{"line":104,"column":48}},"21":{"start":{"line":108,"column":8},"end":{"line":108,"column":27}},"22":{"start":{"line":109,"column":8},"end":{"line":109,"column":71}},"23":{"start":{"line":113,"column":8},"end":{"line":113,"column":3990}},"24":{"start":{"line":117,"column":8},"end":{"line":117,"column":37}},"25":{"start":{"line":118,"column":8},"end":{"line":118,"column":55}},"26":{"start":{"line":122,"column":8},"end":{"line":122,"column":4319}},"27":{"start":{"line":126,"column":8},"end":{"line":126,"column":37}},"28":{"start":{"line":127,"column":8},"end":{"line":127,"column":55}},"29":{"start":{"line":131,"column":8},"end":{"line":131,"column":4661}},"30":{"start":{"line":135,"column":8},"end":{"line":135,"column":49}},"31":{"start":{"line":136,"column":8},"end":{"line":136,"column":67}},"32":{"start":{"line":140,"column":8},"end":{"line":140,"column":5042}},"33":{"start":{"line":144,"column":8},"end":{"line":144,"column":49}},"34":{"start":{"line":145,"column":8},"end":{"line":145,"column":67}},"35":{"start":{"line":149,"column":8},"end":{"line":149,"column":45}},"36":{"start":{"line":153,"column":8},"end":{"line":153,"column":51}},"37":{"start":{"line":164,"column":8},"end":{"line":164,"column":76}},"38":{"start":{"line":165,"column":8},"end":{"line":165,"column":5962}},"39":{"start":{"line":171,"column":8},"end":{"line":171,"column":6167}},"40":{"start":{"line":177,"column":8},"end":{"line":177,"column":6372}},"41":{"start":{"line":181,"column":8},"end":{"line":181,"column":6542}},"42":{"start":{"line":185,"column":8},"end":{"line":185,"column":6712}},"43":{"start":{"line":189,"column":8},"end":{"line":189,"column":70}},"44":{"start":{"line":190,"column":8},"end":{"line":190,"column":79}},"45":{"start":{"line":192,"column":8},"end":{"line":192,"column":7028}},"46":{"start":{"line":206,"column":8},"end":{"line":206,"column":51}},"47":{"start":{"line":208,"column":8},"end":{"line":208,"column":7477}},"48":{"start":{"line":222,"column":8},"end":{"line":222,"column":36}},"49":{"start":{"line":226,"column":8},"end":{"line":226,"column":42}}},"branchMap":{"1":{"line":28,"type":"if","locations":[{"start":{"line":28,"column":8},"end":{"line":28,"column":8}},{"start":{"line":28,"column":8},"end":{"line":28,"column":8}}]},"2":{"line":33,"type":"if","locations":[{"start":{"line":33,"column":8},"end":{"line":33,"column":8}},{"start":{"line":33,"column":8},"end":{"line":33,"column":8}}]},"3":{"line":113,"type":"if","locations":[{"start":{"line":113,"column":8},"end":{"line":113,"column":8}},{"start":{"line":113,"column":8},"end":{"line":113,"column":8}}]},"4":{"line":122,"type":"if","locations":[{"start":{"line":122,"column":8},"end":{"line":122,"column":8}},{"start":{"line":122,"column":8},"end":{"line":122,"column":8}}]},"5":{"line":131,"type":"if","locations":[{"start":{"line":131,"column":8},"end":{"line":131,"column":8}},{"start":{"line":131,"column":8},"end":{"line":131,"column":8}}]},"6":{"line":140,"type":"if","locations":[{"start":{"line":140,"column":8},"end":{"line":140,"column":8}},{"start":{"line":140,"column":8},"end":{"line":140,"column":8}}]},"7":{"line":164,"type":"if","locations":[{"start":{"line":164,"column":8},"end":{"line":164,"column":8}},{"start":{"line":164,"column":8},"end":{"line":164,"column":8}}]},"8":{"line":165,"type":"if","locations":[{"start":{"line":165,"column":8},"end":{"line":165,"column":8}},{"start":{"line":165,"column":8},"end":{"line":165,"column":8}}]},"9":{"line":171,"type":"if","locations":[{"start":{"line":171,"column":8},"end":{"line":171,"column":8}},{"start":{"line":171,"column":8},"end":{"line":171,"column":8}}]},"10":{"line":177,"type":"if","locations":[{"start":{"line":177,"column":8},"end":{"line":177,"column":8}},{"start":{"line":177,"column":8},"end":{"line":177,"column":8}}]},"11":{"line":181,"type":"if","locations":[{"start":{"line":181,"column":8},"end":{"line":181,"column":8}},{"start":{"line":181,"column":8},"end":{"line":181,"column":8}}]},"12":{"line":185,"type":"if","locations":[{"start":{"line":185,"column":8},"end":{"line":185,"column":8}},{"start":{"line":185,"column":8},"end":{"line":185,"column":8}}]},"13":{"line":189,"type":"if","locations":[{"start":{"line":189,"column":8},"end":{"line":189,"column":8}},{"start":{"line":189,"column":8},"end":{"line":189,"column":8}}]},"14":{"line":190,"type":"if","locations":[{"start":{"line":190,"column":8},"end":{"line":190,"column":8}},{"start":{"line":190,"column":8},"end":{"line":190,"column":8}}]}}},"contracts/Mocks/DAIFake.sol":{"l":{"14":2,"18":0,"22":0,"26":0},"path":"/home/kartojal/repos/contracts-solidity/contracts/Mocks/DAIFake.sol","s":{"1":2,"2":0,"3":0,"4":0},"b":{},"f":{"1":2,"2":0,"3":0,"4":0},"fnMap":{"1":{"name":"constructor","line":13,"loc":{"start":{"line":13,"column":4},"end":{"line":13,"column":22}}},"2":{"name":"transferFakeDAITokens","line":17,"loc":{"start":{"line":17,"column":4},"end":{"line":17,"column":67}}},"3":{"name":"transferAmountToAddress","line":21,"loc":{"start":{"line":21,"column":4},"end":{"line":21,"column":69}}},"4":{"name":"mintTokens","line":25,"loc":{"start":{"line":25,"column":4},"end":{"line":25,"column":56}}}},"statementMap":{"1":{"start":{"line":14,"column":8},"end":{"line":14,"column":47}},"2":{"start":{"line":18,"column":8},"end":{"line":18,"column":55}},"3":{"start":{"line":22,"column":8},"end":{"line":22,"column":29}},"4":{"start":{"line":26,"column":8},"end":{"line":26,"column":55}}},"branchMap":{}},"contracts/Mocks/DAIProxyMock.sol":{"l":{"11":0,"14":0,"15":0,"17":0,"18":0,"20":0,"21":0,"24":0,"25":0,"26":0,"31":0,"32":0,"34":0,"35":0},"path":"/home/kartojal/repos/contracts-solidity/contracts/Mocks/DAIProxyMock.sol","s":{"1":0,"2":0,"3":0,"4":0,"5":0,"6":0,"7":0,"8":0,"9":0,"10":0,"11":0,"12":0,"13":0,"14":0},"b":{"1":[0,0],"2":[0,0],"3":[0,0]},"f":{"1":0,"2":0,"3":0},"fnMap":{"1":{"name":"constructor","line":10,"loc":{"start":{"line":10,"column":4},"end":{"line":10,"column":40}}},"2":{"name":"fund","line":13,"loc":{"start":{"line":13,"column":4},"end":{"line":13,"column":66}}},"3":{"name":"repay","line":30,"loc":{"start":{"line":30,"column":4},"end":{"line":30,"column":69}}}},"statementMap":{"1":{"start":{"line":11,"column":8},"end":{"line":11,"column":35}},"2":{"start":{"line":14,"column":8},"end":{"line":14,"column":48}},"3":{"start":{"line":15,"column":8},"end":{"line":15,"column":63}},"4":{"start":{"line":17,"column":8},"end":{"line":17,"column":65}},"5":{"start":{"line":18,"column":8},"end":{"line":18,"column":55}},"6":{"start":{"line":20,"column":8},"end":{"line":20,"column":646}},"7":{"start":{"line":21,"column":12},"end":{"line":21,"column":56}},"8":{"start":{"line":24,"column":8},"end":{"line":24,"column":87}},"9":{"start":{"line":25,"column":8},"end":{"line":25,"column":863}},"10":{"start":{"line":26,"column":12},"end":{"line":26,"column":75}},"11":{"start":{"line":31,"column":8},"end":{"line":31,"column":63}},"12":{"start":{"line":32,"column":8},"end":{"line":32,"column":88}},"13":{"start":{"line":34,"column":8},"end":{"line":34,"column":1223}},"14":{"start":{"line":35,"column":12},"end":{"line":35,"column":74}}},"branchMap":{"1":{"line":20,"type":"if","locations":[{"start":{"line":20,"column":8},"end":{"line":20,"column":8}},{"start":{"line":20,"column":8},"end":{"line":20,"column":8}}]},"2":{"line":25,"type":"if","locations":[{"start":{"line":25,"column":8},"end":{"line":25,"column":8}},{"start":{"line":25,"column":8},"end":{"line":25,"column":8}}]},"3":{"line":34,"type":"if","locations":[{"start":{"line":34,"column":8},"end":{"line":34,"column":8}},{"start":{"line":34,"column":8},"end":{"line":34,"column":8}}]}}},"contracts/Mocks/HeroERC20Fake.sol":{"l":{"14":2,"20":16,"21":16,"28":0,"29":0,"38":2,"39":2,"42":33,"43":33,"44":33,"81":0,"82":0,"83":0,"84":0,"92":0,"111":1,"112":1,"113":1,"114":1,"115":1,"116":1,"117":1,"118":1,"131":1,"132":1,"133":1,"142":0,"151":0,"152":0,"153":0,"159":0,"160":0,"161":0,"163":0,"165":0,"166":0,"180":16,"181":16,"190":16,"191":16,"192":16,"193":16,"200":0,"201":0,"202":0,"217":1,"218":1,"224":0,"225":0,"231":0,"232":0,"233":0,"239":0,"240":0,"241":0,"251":0,"258":1,"272":2,"276":0},"path":"/home/kartojal/repos/contracts-solidity/contracts/Mocks/HeroERC20Fake.sol","s":{"1":2,"2":16,"3":0,"4":0,"5":2,"6":2,"7":33,"8":33,"9":33,"10":0,"11":0,"12":0,"13":0,"14":0,"15":1,"16":1,"17":1,"18":1,"19":1,"20":1,"21":1,"22":1,"23":1,"24":1,"25":1,"26":0,"27":0,"28":0,"29":0,"30":0,"31":0,"32":0,"33":0,"34":0,"35":0,"36":16,"37":16,"38":16,"39":16,"40":16,"41":0,"42":0,"43":0,"44":1,"45":0,"46":0,"47":0,"48":0,"49":0,"50":0,"51":0,"52":0,"53":1,"54":2,"55":0},"b":{"1":[16,0],"2":[0,0],"3":[2,0],"4":[33,0],"5":[1,0],"6":[1,0],"7":[1,0],"8":[0,0],"9":[16,0],"10":[1,0],"11":[0,0]},"f":{"1":2,"2":16,"3":0,"4":2,"5":33,"6":0,"7":0,"8":1,"9":1,"10":0,"11":0,"12":0,"13":16,"14":16,"15":0,"16":1,"17":0,"18":0,"19":0,"20":0,"21":1,"22":2,"23":0},"fnMap":{"1":{"name":"constructor","line":13,"loc":{"start":{"line":13,"column":4},"end":{"line":13,"column":22}}},"2":{"name":"onlyOwner","line":19,"loc":{"start":{"line":19,"column":4},"end":{"line":19,"column":22}}},"3":{"name":"transferOwnership","line":27,"loc":{"start":{"line":27,"column":4},"end":{"line":27,"column":65}}},"4":{"name":"sub","line":37,"loc":{"start":{"line":37,"column":4},"end":{"line":37,"column":68}}},"5":{"name":"add","line":41,"loc":{"start":{"line":41,"column":4},"end":{"line":41,"column":68}}},"6":{"name":"transfer","line":80,"loc":{"start":{"line":80,"column":4},"end":{"line":80,"column":70}}},"7":{"name":"balanceOf","line":91,"loc":{"start":{"line":91,"column":4},"end":{"line":91,"column":74}}},"8":{"name":"transferFrom","line":110,"loc":{"start":{"line":110,"column":4},"end":{"line":110,"column":89}}},"9":{"name":"approve","line":130,"loc":{"start":{"line":130,"column":4},"end":{"line":130,"column":74}}},"10":{"name":"allowance","line":141,"loc":{"start":{"line":141,"column":4},"end":{"line":141,"column":94}}},"11":{"name":"increaseApproval","line":150,"loc":{"start":{"line":150,"column":4},"end":{"line":150,"column":96}}},"12":{"name":"decreaseApproval","line":155,"loc":{"start":{"line":155,"column":4},"end":{"line":158,"column":5}}},"13":{"name":"canMint","line":179,"loc":{"start":{"line":179,"column":4},"end":{"line":179,"column":20}}},"14":{"name":"mint","line":189,"loc":{"start":{"line":189,"column":4},"end":{"line":189,"column":85}}},"15":{"name":"finishMinting","line":199,"loc":{"start":{"line":199,"column":4},"end":{"line":199,"column":58}}},"16":{"name":"whenNotPaused","line":216,"loc":{"start":{"line":216,"column":4},"end":{"line":216,"column":26}}},"17":{"name":"whenPaused","line":223,"loc":{"start":{"line":223,"column":4},"end":{"line":223,"column":21}}},"18":{"name":"pause","line":230,"loc":{"start":{"line":230,"column":4},"end":{"line":230,"column":64}}},"19":{"name":"unpause","line":238,"loc":{"start":{"line":238,"column":4},"end":{"line":238,"column":63}}},"20":{"name":"transfer","line":250,"loc":{"start":{"line":250,"column":4},"end":{"line":250,"column":84}}},"21":{"name":"transferFrom","line":253,"loc":{"start":{"line":253,"column":4},"end":{"line":257,"column":5}}},"22":{"name":"constructor","line":271,"loc":{"start":{"line":271,"column":4},"end":{"line":271,"column":22}}},"23":{"name":"transferAmountToAddress","line":275,"loc":{"start":{"line":275,"column":4},"end":{"line":275,"column":69}}}},"statementMap":{"1":{"start":{"line":14,"column":8},"end":{"line":14,"column":25}},"2":{"start":{"line":20,"column":8},"end":{"line":20,"column":35}},"3":{"start":{"line":28,"column":8},"end":{"line":28,"column":38}},"4":{"start":{"line":29,"column":8},"end":{"line":29,"column":23}},"5":{"start":{"line":38,"column":8},"end":{"line":38,"column":21}},"6":{"start":{"line":39,"column":8},"end":{"line":39,"column":20}},"7":{"start":{"line":42,"column":8},"end":{"line":42,"column":25}},"8":{"start":{"line":43,"column":8},"end":{"line":43,"column":21}},"9":{"start":{"line":44,"column":8},"end":{"line":44,"column":16}},"10":{"start":{"line":81,"column":8},"end":{"line":81,"column":62}},"11":{"start":{"line":82,"column":8},"end":{"line":82,"column":48}},"12":{"start":{"line":83,"column":8},"end":{"line":83,"column":46}},"13":{"start":{"line":84,"column":8},"end":{"line":84,"column":19}},"14":{"start":{"line":92,"column":8},"end":{"line":92,"column":31}},"15":{"start":{"line":111,"column":8},"end":{"line":111,"column":33}},"16":{"start":{"line":112,"column":8},"end":{"line":112,"column":41}},"17":{"start":{"line":113,"column":8},"end":{"line":113,"column":52}},"18":{"start":{"line":114,"column":8},"end":{"line":114,"column":52}},"19":{"start":{"line":115,"column":8},"end":{"line":115,"column":48}},"20":{"start":{"line":116,"column":8},"end":{"line":116,"column":74}},"21":{"start":{"line":117,"column":8},"end":{"line":117,"column":41}},"22":{"start":{"line":118,"column":8},"end":{"line":118,"column":19}},"23":{"start":{"line":131,"column":8},"end":{"line":131,"column":45}},"24":{"start":{"line":132,"column":8},"end":{"line":132,"column":51}},"25":{"start":{"line":133,"column":8},"end":{"line":133,"column":19}},"26":{"start":{"line":142,"column":8},"end":{"line":142,"column":40}},"27":{"start":{"line":151,"column":8},"end":{"line":151,"column":85}},"28":{"start":{"line":152,"column":8},"end":{"line":152,"column":74}},"29":{"start":{"line":153,"column":8},"end":{"line":153,"column":19}},"30":{"start":{"line":159,"column":8},"end":{"line":159,"column":56}},"31":{"start":{"line":160,"column":8},"end":{"line":160,"column":6242}},"32":{"start":{"line":161,"column":12},"end":{"line":161,"column":44}},"33":{"start":{"line":163,"column":12},"end":{"line":163,"column":73}},"34":{"start":{"line":165,"column":8},"end":{"line":165,"column":74}},"35":{"start":{"line":166,"column":8},"end":{"line":166,"column":19}},"36":{"start":{"line":180,"column":8},"end":{"line":180,"column":32}},"37":{"start":{"line":190,"column":8},"end":{"line":190,"column":45}},"38":{"start":{"line":191,"column":8},"end":{"line":191,"column":49}},"39":{"start":{"line":192,"column":8},"end":{"line":192,"column":31}},"40":{"start":{"line":193,"column":8},"end":{"line":193,"column":19}},"41":{"start":{"line":200,"column":8},"end":{"line":200,"column":29}},"42":{"start":{"line":201,"column":8},"end":{"line":201,"column":27}},"43":{"start":{"line":202,"column":8},"end":{"line":202,"column":19}},"44":{"start":{"line":217,"column":8},"end":{"line":217,"column":23}},"45":{"start":{"line":224,"column":8},"end":{"line":224,"column":22}},"46":{"start":{"line":231,"column":8},"end":{"line":231,"column":20}},"47":{"start":{"line":232,"column":8},"end":{"line":232,"column":20}},"48":{"start":{"line":233,"column":8},"end":{"line":233,"column":19}},"49":{"start":{"line":239,"column":8},"end":{"line":239,"column":21}},"50":{"start":{"line":240,"column":8},"end":{"line":240,"column":22}},"51":{"start":{"line":241,"column":8},"end":{"line":241,"column":19}},"52":{"start":{"line":251,"column":8},"end":{"line":251,"column":34}},"53":{"start":{"line":258,"column":8},"end":{"line":258,"column":53}},"54":{"start":{"line":272,"column":8},"end":{"line":272,"column":40}},"55":{"start":{"line":276,"column":8},"end":{"line":276,"column":29}}},"branchMap":{"1":{"line":20,"type":"if","locations":[{"start":{"line":20,"column":8},"end":{"line":20,"column":8}},{"start":{"line":20,"column":8},"end":{"line":20,"column":8}}]},"2":{"line":28,"type":"if","locations":[{"start":{"line":28,"column":8},"end":{"line":28,"column":8}},{"start":{"line":28,"column":8},"end":{"line":28,"column":8}}]},"3":{"line":38,"type":"if","locations":[{"start":{"line":38,"column":8},"end":{"line":38,"column":8}},{"start":{"line":38,"column":8},"end":{"line":38,"column":8}}]},"4":{"line":43,"type":"if","locations":[{"start":{"line":43,"column":8},"end":{"line":43,"column":8}},{"start":{"line":43,"column":8},"end":{"line":43,"column":8}}]},"5":{"line":111,"type":"if","locations":[{"start":{"line":111,"column":8},"end":{"line":111,"column":8}},{"start":{"line":111,"column":8},"end":{"line":111,"column":8}}]},"6":{"line":112,"type":"if","locations":[{"start":{"line":112,"column":8},"end":{"line":112,"column":8}},{"start":{"line":112,"column":8},"end":{"line":112,"column":8}}]},"7":{"line":113,"type":"if","locations":[{"start":{"line":113,"column":8},"end":{"line":113,"column":8}},{"start":{"line":113,"column":8},"end":{"line":113,"column":8}}]},"8":{"line":160,"type":"if","locations":[{"start":{"line":160,"column":8},"end":{"line":160,"column":8}},{"start":{"line":160,"column":8},"end":{"line":160,"column":8}}]},"9":{"line":180,"type":"if","locations":[{"start":{"line":180,"column":8},"end":{"line":180,"column":8}},{"start":{"line":180,"column":8},"end":{"line":180,"column":8}}]},"10":{"line":217,"type":"if","locations":[{"start":{"line":217,"column":8},"end":{"line":217,"column":8}},{"start":{"line":217,"column":8},"end":{"line":217,"column":8}}]},"11":{"line":224,"type":"if","locations":[{"start":{"line":224,"column":8},"end":{"line":224,"column":8}},{"start":{"line":224,"column":8},"end":{"line":224,"column":8}}]}}},"contracts/Mocks/HeroFakeToken.sol":{"l":{"17":0,"21":0},"path":"/home/kartojal/repos/contracts-solidity/contracts/Mocks/HeroFakeToken.sol","s":{"1":0,"2":0},"b":{},"f":{"1":0,"2":0,"3":0},"fnMap":{"1":{"name":"constructor","line":12,"loc":{"start":{"line":12,"column":4},"end":{"line":12,"column":22}}},"2":{"name":"transferFakeHeroTokens","line":16,"loc":{"start":{"line":16,"column":4},"end":{"line":16,"column":68}}},"3":{"name":"transferAmountToAddress","line":20,"loc":{"start":{"line":20,"column":4},"end":{"line":20,"column":69}}}},"statementMap":{"1":{"start":{"line":17,"column":8},"end":{"line":17,"column":60}},"2":{"start":{"line":21,"column":8},"end":{"line":21,"column":29}}},"branchMap":{}},"contracts/Mocks/HeroToken.sol":{"l":{"14":0,"20":0,"21":0,"28":0,"29":0,"38":0,"39":0,"42":0,"43":0,"44":0,"81":0,"82":0,"83":0,"84":0,"92":0,"111":0,"112":0,"113":0,"114":0,"115":0,"116":0,"117":0,"118":0,"131":0,"132":0,"133":0,"142":0,"151":0,"152":0,"153":0,"159":0,"160":0,"161":0,"163":0,"165":0,"166":0,"180":0,"181":0,"190":0,"191":0,"192":0,"193":0,"200":0,"201":0,"202":0,"217":0,"218":0,"224":0,"225":0,"231":0,"232":0,"233":0,"239":0,"240":0,"241":0,"251":0,"258":0,"272":0,"276":0},"path":"/home/kartojal/repos/contracts-solidity/contracts/Mocks/HeroToken.sol","s":{"1":0,"2":0,"3":0,"4":0,"5":0,"6":0,"7":0,"8":0,"9":0,"10":0,"11":0,"12":0,"13":0,"14":0,"15":0,"16":0,"17":0,"18":0,"19":0,"20":0,"21":0,"22":0,"23":0,"24":0,"25":0,"26":0,"27":0,"28":0,"29":0,"30":0,"31":0,"32":0,"33":0,"34":0,"35":0,"36":0,"37":0,"38":0,"39":0,"40":0,"41":0,"42":0,"43":0,"44":0,"45":0,"46":0,"47":0,"48":0,"49":0,"50":0,"51":0,"52":0,"53":0,"54":0,"55":0},"b":{"1":[0,0],"2":[0,0],"3":[0,0],"4":[0,0],"5":[0,0],"6":[0,0],"7":[0,0],"8":[0,0],"9":[0,0],"10":[0,0],"11":[0,0]},"f":{"1":0,"2":0,"3":0,"4":0,"5":0,"6":0,"7":0,"8":0,"9":0,"10":0,"11":0,"12":0,"13":0,"14":0,"15":0,"16":0,"17":0,"18":0,"19":0,"20":0,"21":0,"22":0,"23":0},"fnMap":{"1":{"name":"constructor","line":13,"loc":{"start":{"line":13,"column":4},"end":{"line":13,"column":22}}},"2":{"name":"onlyOwner","line":19,"loc":{"start":{"line":19,"column":4},"end":{"line":19,"column":22}}},"3":{"name":"transferOwnership","line":27,"loc":{"start":{"line":27,"column":4},"end":{"line":27,"column":65}}},"4":{"name":"sub","line":37,"loc":{"start":{"line":37,"column":4},"end":{"line":37,"column":68}}},"5":{"name":"add","line":41,"loc":{"start":{"line":41,"column":4},"end":{"line":41,"column":68}}},"6":{"name":"transfer","line":80,"loc":{"start":{"line":80,"column":4},"end":{"line":80,"column":70}}},"7":{"name":"balanceOf","line":91,"loc":{"start":{"line":91,"column":4},"end":{"line":91,"column":74}}},"8":{"name":"transferFrom","line":110,"loc":{"start":{"line":110,"column":4},"end":{"line":110,"column":89}}},"9":{"name":"approve","line":130,"loc":{"start":{"line":130,"column":4},"end":{"line":130,"column":74}}},"10":{"name":"allowance","line":141,"loc":{"start":{"line":141,"column":4},"end":{"line":141,"column":94}}},"11":{"name":"increaseApproval","line":150,"loc":{"start":{"line":150,"column":4},"end":{"line":150,"column":96}}},"12":{"name":"decreaseApproval","line":155,"loc":{"start":{"line":155,"column":4},"end":{"line":158,"column":5}}},"13":{"name":"canMint","line":179,"loc":{"start":{"line":179,"column":4},"end":{"line":179,"column":20}}},"14":{"name":"mint","line":189,"loc":{"start":{"line":189,"column":4},"end":{"line":189,"column":85}}},"15":{"name":"finishMinting","line":199,"loc":{"start":{"line":199,"column":4},"end":{"line":199,"column":58}}},"16":{"name":"whenNotPaused","line":216,"loc":{"start":{"line":216,"column":4},"end":{"line":216,"column":26}}},"17":{"name":"whenPaused","line":223,"loc":{"start":{"line":223,"column":4},"end":{"line":223,"column":21}}},"18":{"name":"pause","line":230,"loc":{"start":{"line":230,"column":4},"end":{"line":230,"column":64}}},"19":{"name":"unpause","line":238,"loc":{"start":{"line":238,"column":4},"end":{"line":238,"column":63}}},"20":{"name":"transfer","line":250,"loc":{"start":{"line":250,"column":4},"end":{"line":250,"column":84}}},"21":{"name":"transferFrom","line":253,"loc":{"start":{"line":253,"column":4},"end":{"line":257,"column":5}}},"22":{"name":"constructor","line":271,"loc":{"start":{"line":271,"column":4},"end":{"line":271,"column":22}}},"23":{"name":"transferAmountToAddress","line":275,"loc":{"start":{"line":275,"column":4},"end":{"line":275,"column":69}}}},"statementMap":{"1":{"start":{"line":14,"column":8},"end":{"line":14,"column":25}},"2":{"start":{"line":20,"column":8},"end":{"line":20,"column":35}},"3":{"start":{"line":28,"column":8},"end":{"line":28,"column":38}},"4":{"start":{"line":29,"column":8},"end":{"line":29,"column":23}},"5":{"start":{"line":38,"column":8},"end":{"line":38,"column":21}},"6":{"start":{"line":39,"column":8},"end":{"line":39,"column":20}},"7":{"start":{"line":42,"column":8},"end":{"line":42,"column":25}},"8":{"start":{"line":43,"column":8},"end":{"line":43,"column":21}},"9":{"start":{"line":44,"column":8},"end":{"line":44,"column":16}},"10":{"start":{"line":81,"column":8},"end":{"line":81,"column":62}},"11":{"start":{"line":82,"column":8},"end":{"line":82,"column":48}},"12":{"start":{"line":83,"column":8},"end":{"line":83,"column":46}},"13":{"start":{"line":84,"column":8},"end":{"line":84,"column":19}},"14":{"start":{"line":92,"column":8},"end":{"line":92,"column":31}},"15":{"start":{"line":111,"column":8},"end":{"line":111,"column":33}},"16":{"start":{"line":112,"column":8},"end":{"line":112,"column":41}},"17":{"start":{"line":113,"column":8},"end":{"line":113,"column":52}},"18":{"start":{"line":114,"column":8},"end":{"line":114,"column":52}},"19":{"start":{"line":115,"column":8},"end":{"line":115,"column":48}},"20":{"start":{"line":116,"column":8},"end":{"line":116,"column":74}},"21":{"start":{"line":117,"column":8},"end":{"line":117,"column":41}},"22":{"start":{"line":118,"column":8},"end":{"line":118,"column":19}},"23":{"start":{"line":131,"column":8},"end":{"line":131,"column":45}},"24":{"start":{"line":132,"column":8},"end":{"line":132,"column":51}},"25":{"start":{"line":133,"column":8},"end":{"line":133,"column":19}},"26":{"start":{"line":142,"column":8},"end":{"line":142,"column":40}},"27":{"start":{"line":151,"column":8},"end":{"line":151,"column":85}},"28":{"start":{"line":152,"column":8},"end":{"line":152,"column":74}},"29":{"start":{"line":153,"column":8},"end":{"line":153,"column":19}},"30":{"start":{"line":159,"column":8},"end":{"line":159,"column":56}},"31":{"start":{"line":160,"column":8},"end":{"line":160,"column":6242}},"32":{"start":{"line":161,"column":12},"end":{"line":161,"column":44}},"33":{"start":{"line":163,"column":12},"end":{"line":163,"column":73}},"34":{"start":{"line":165,"column":8},"end":{"line":165,"column":74}},"35":{"start":{"line":166,"column":8},"end":{"line":166,"column":19}},"36":{"start":{"line":180,"column":8},"end":{"line":180,"column":32}},"37":{"start":{"line":190,"column":8},"end":{"line":190,"column":45}},"38":{"start":{"line":191,"column":8},"end":{"line":191,"column":49}},"39":{"start":{"line":192,"column":8},"end":{"line":192,"column":31}},"40":{"start":{"line":193,"column":8},"end":{"line":193,"column":19}},"41":{"start":{"line":200,"column":8},"end":{"line":200,"column":29}},"42":{"start":{"line":201,"column":8},"end":{"line":201,"column":27}},"43":{"start":{"line":202,"column":8},"end":{"line":202,"column":19}},"44":{"start":{"line":217,"column":8},"end":{"line":217,"column":23}},"45":{"start":{"line":224,"column":8},"end":{"line":224,"column":22}},"46":{"start":{"line":231,"column":8},"end":{"line":231,"column":20}},"47":{"start":{"line":232,"column":8},"end":{"line":232,"column":20}},"48":{"start":{"line":233,"column":8},"end":{"line":233,"column":19}},"49":{"start":{"line":239,"column":8},"end":{"line":239,"column":21}},"50":{"start":{"line":240,"column":8},"end":{"line":240,"column":22}},"51":{"start":{"line":241,"column":8},"end":{"line":241,"column":19}},"52":{"start":{"line":251,"column":8},"end":{"line":251,"column":34}},"53":{"start":{"line":258,"column":8},"end":{"line":258,"column":45}},"54":{"start":{"line":272,"column":8},"end":{"line":272,"column":40}},"55":{"start":{"line":276,"column":8},"end":{"line":276,"column":29}}},"branchMap":{"1":{"line":20,"type":"if","locations":[{"start":{"line":20,"column":8},"end":{"line":20,"column":8}},{"start":{"line":20,"column":8},"end":{"line":20,"column":8}}]},"2":{"line":28,"type":"if","locations":[{"start":{"line":28,"column":8},"end":{"line":28,"column":8}},{"start":{"line":28,"column":8},"end":{"line":28,"column":8}}]},"3":{"line":38,"type":"if","locations":[{"start":{"line":38,"column":8},"end":{"line":38,"column":8}},{"start":{"line":38,"column":8},"end":{"line":38,"column":8}}]},"4":{"line":43,"type":"if","locations":[{"start":{"line":43,"column":8},"end":{"line":43,"column":8}},{"start":{"line":43,"column":8},"end":{"line":43,"column":8}}]},"5":{"line":111,"type":"if","locations":[{"start":{"line":111,"column":8},"end":{"line":111,"column":8}},{"start":{"line":111,"column":8},"end":{"line":111,"column":8}}]},"6":{"line":112,"type":"if","locations":[{"start":{"line":112,"column":8},"end":{"line":112,"column":8}},{"start":{"line":112,"column":8},"end":{"line":112,"column":8}}]},"7":{"line":113,"type":"if","locations":[{"start":{"line":113,"column":
[...]
,"column":8},"end":{"line":339,"column":8}}]},"33":{"line":348,"type":"if","locations":[{"start":{"line":348,"column":8},"end":{"line":348,"column":8}},{"start":{"line":348,"column":8},"end":{"line":348,"column":8}}]},"34":{"line":349,"type":"if","locations":[{"start":{"line":349,"column":8},"end":{"line":349,"column":8}},{"start":{"line":349,"column":8},"end":{"line":349,"column":8}}]},"35":{"line":365,"type":"if","locations":[{"start":{"line":365,"column":8},"end":{"line":365,"column":8}},{"start":{"line":365,"column":8},"end":{"line":365,"column":8}}]},"36":{"line":373,"type":"if","locations":[{"start":{"line":373,"column":8},"end":{"line":373,"column":8}},{"start":{"line":373,"column":8},"end":{"line":373,"column":8}}]},"37":{"line":374,"type":"if","locations":[{"start":{"line":374,"column":12},"end":{"line":374,"column":12}},{"start":{"line":374,"column":12},"end":{"line":374,"column":12}}]},"38":{"line":377,"type":"if","locations":[{"start":{"line":377,"column":16},"end":{"line":377,"column":16}},{"start":{"line":377,"column":16},"end":{"line":377,"column":16}}]},"39":{"line":380,"type":"if","locations":[{"start":{"line":380,"column":8},"end":{"line":380,"column":8}},{"start":{"line":380,"column":8},"end":{"line":380,"column":8}}]},"40":{"line":396,"type":"if","locations":[{"start":{"line":396,"column":8},"end":{"line":396,"column":8}},{"start":{"line":396,"column":8},"end":{"line":396,"column":8}}]},"41":{"line":401,"type":"if","locations":[{"start":{"line":401,"column":15},"end":{"line":401,"column":15}},{"start":{"line":401,"column":15},"end":{"line":401,"column":15}}]},"42":{"line":421,"type":"if","locations":[{"start":{"line":421,"column":8},"end":{"line":421,"column":8}},{"start":{"line":421,"column":8},"end":{"line":421,"column":8}}]}}},"contracts/Mocks/OldDepositRegistry.sol":{"l":{"22":0,"23":0,"31":0,"32":0,"36":0,"40":0,"44":0,"45":0,"50":0,"51":0,"53":0,"57":0,"58":0,"59":0,"60":0,"64":0,"66":0,"68":0,"70":0,"72":0,"76":0,"77":0,"82":0,"83":0,"84":0,"88":0,"89":0,"90":0,"94":0,"98":0},"path":"/home/kartojal/repos/contracts-solidity/contracts/Mocks/OldDepositRegistry.sol","s":{"1":0,"2":0,"3":0,"4":0,"5":0,"6":0,"7":0,"8":0,"9":0,"10":0,"11":0,"12":0,"13":0,"14":0,"15":0,"16":0,"17":0,"18":0,"19":0,"20":0,"21":0,"22":0,"23":0,"24":0,"25":0,"26":0,"27":0,"28":0},"b":{"1":[0,0],"2":[0,0],"3":[0,0],"4":[0,0],"5":[0,0],"6":[0,0],"7":[0,0],"8":[0,0],"9":[0,0],"10":[0,0],"11":[0,0]},"f":{"1":0,"2":0,"3":0,"4":0,"5":0,"6":0,"7":0,"8":0,"9":0,"10":0},"fnMap":{"1":{"name":"onlyAdmin","line":21,"loc":{"start":{"line":21,"column":4},"end":{"line":21,"column":22}}},"2":{"name":"constructor","line":30,"loc":{"start":{"line":30,"column":4},"end":{"line":30,"column":62}}},"3":{"name":"setReferralTracker","line":35,"loc":{"start":{"line":35,"column":4},"end":{"line":35,"column":71}}},"4":{"name":"setAdministrator","line":39,"loc":{"start":{"line":39,"column":4},"end":{"line":39,"column":60}}},"5":{"name":"depositFor","line":43,"loc":{"start":{"line":43,"column":4},"end":{"line":43,"column":42}}},"6":{"name":"depositForWithReferral","line":56,"loc":{"start":{"line":56,"column":4},"end":{"line":56,"column":72}}},"7":{"name":"withdraw","line":75,"loc":{"start":{"line":75,"column":4},"end":{"line":75,"column":38}}},"8":{"name":"unlockAddressForWithdrawal","line":87,"loc":{"start":{"line":87,"column":4},"end":{"line":87,"column":68}}},"9":{"name":"hasDeposited","line":93,"loc":{"start":{"line":93,"column":4},"end":{"line":93,"column":64}}},"10":{"name":"isUnlocked","line":97,"loc":{"start":{"line":97,"column":4},"end":{"line":97,"column":62}}}},"statementMap":{"1":{"start":{"line":22,"column":8},"end":{"line":22,"column":62}},"2":{"start":{"line":31,"column":8},"end":{"line":31,"column":34}},"3":{"start":{"line":32,"column":8},"end":{"line":32,"column":36}},"4":{"start":{"line":36,"column":8},"end":{"line":36,"column":45}},"5":{"start":{"line":40,"column":8},"end":{"line":40,"column":21}},"6":{"start":{"line":44,"column":8},"end":{"line":44,"column":70}},"7":{"start":{"line":45,"column":8},"end":{"line":45,"column":1406}},"8":{"start":{"line":50,"column":8},"end":{"line":50,"column":38}},"9":{"start":{"line":51,"column":8},"end":{"line":51,"column":60}},"10":{"start":{"line":53,"column":8},"end":{"line":53,"column":54}},"11":{"start":{"line":57,"column":8},"end":{"line":57,"column":59}},"12":{"start":{"line":58,"column":8},"end":{"line":58,"column":74}},"13":{"start":{"line":59,"column":8},"end":{"line":59,"column":69}},"14":{"start":{"line":60,"column":8},"end":{"line":60,"column":1999}},"15":{"start":{"line":64,"column":8},"end":{"line":64,"column":89}},"16":{"start":{"line":66,"column":8},"end":{"line":66,"column":38}},"17":{"start":{"line":68,"column":8},"end":{"line":68,"column":49}},"18":{"start":{"line":70,"column":8},"end":{"line":70,"column":60}},"19":{"start":{"line":72,"column":8},"end":{"line":72,"column":54}},"20":{"start":{"line":76,"column":8},"end":{"line":76,"column":71}},"21":{"start":{"line":77,"column":8},"end":{"line":77,"column":2567}},"22":{"start":{"line":83,"column":8},"end":{"line":83,"column":39}},"23":{"start":{"line":84,"column":8},"end":{"line":84,"column":62}},"24":{"start":{"line":88,"column":8},"end":{"line":88,"column":69}},"25":{"start":{"line":89,"column":8},"end":{"line":89,"column":50}},"26":{"start":{"line":90,"column":8},"end":{"line":90,"column":62}},"27":{"start":{"line":94,"column":8},"end":{"line":94,"column":39}},"28":{"start":{"line":98,"column":8},"end":{"line":98,"column":51}}},"branchMap":{"1":{"line":22,"type":"if","locations":[{"start":{"line":22,"column":8},"end":{"line":22,"column":8}},{"start":{"line":22,"column":8},"end":{"line":22,"column":8}}]},"2":{"line":44,"type":"if","locations":[{"start":{"line":44,"column":8},"end":{"line":44,"column":8}},{"start":{"line":44,"column":8},"end":{"line":44,"column":8}}]},"3":{"line":45,"type":"if","locations":[{"start":{"line":45,"column":8},"end":{"line":45,"column":8}},{"start":{"line":45,"column":8},"end":{"line":45,"column":8}}]},"4":{"line":57,"type":"if","locations":[{"start":{"line":57,"column":8},"end":{"line":57,"column":8}},{"start":{"line":57,"column":8},"end":{"line":57,"column":8}}]},"5":{"line":58,"type":"if","locations":[{"start":{"line":58,"column":8},"end":{"line":58,"column":8}},{"start":{"line":58,"column":8},"end":{"line":58,"column":8}}]},"6":{"line":59,"type":"if","locations":[{"start":{"line":59,"column":8},"end":{"line":59,"column":8}},{"start":{"line":59,"column":8},"end":{"line":59,"column":8}}]},"7":{"line":60,"type":"if","locations":[{"start":{"line":60,"column":8},"end":{"line":60,"column":8}},{"start":{"line":60,"column":8},"end":{"line":60,"column":8}}]},"8":{"line":64,"type":"if","locations":[{"start":{"line":64,"column":8},"end":{"line":64,"column":8}},{"start":{"line":64,"column":8},"end":{"line":64,"column":8}}]},"9":{"line":76,"type":"if","locations":[{"start":{"line":76,"column":8},"end":{"line":76,"column":8}},{"start":{"line":76,"column":8},"end":{"line":76,"column":8}}]},"10":{"line":77,"type":"if","locations":[{"start":{"line":77,"column":8},"end":{"line":77,"column":8}},{"start":{"line":77,"column":8},"end":{"line":77,"column":8}}]},"11":{"line":88,"type":"if","locations":[{"start":{"line":88,"column":8},"end":{"line":88,"column":8}},{"start":{"line":88,"column":8},"end":{"line":88,"column":8}}]}}},"contracts/Mocks/RaiseFake.sol":{"l":{"13":0,"17":0},"path":"/home/kartojal/repos/contracts-solidity/contracts/Mocks/RaiseFake.sol","s":{"1":0,"2":0},"b":{},"f":{"1":0,"2":0},"fnMap":{"1":{"name":"constructor","line":12,"loc":{"start":{"line":12,"column":4},"end":{"line":12,"column":22}}},"2":{"name":"mintTokens","line":16,"loc":{"start":{"line":16,"column":4},"end":{"line":16,"column":56}}}},"statementMap":{"1":{"start":{"line":13,"column":8},"end":{"line":13,"column":47}},"2":{"start":{"line":17,"column":8},"end":{"line":17,"column":55}}},"branchMap":{}},"contracts/ReferralTracker.sol":{"l":{"32":2,"33":2,"37":0,"38":0,"42":1,"43":1,"47":1,"51":0,"55":1,"56":1,"60":0,"61":0,"62":0,"63":0,"72":0,"74":0,"75":0,"79":0,"80":0,"81":0,"83":0,"84":0,"86":0,"88":0,"92":0},"path":"/home/kartojal/repos/contracts-solidity/contracts/ReferralTracker.sol","s":{"1":2,"2":2,"3":0,"4":1,"5":1,"6":0,"7":1,"8":1,"9":0,"10":0,"11":0,"12":0,"13":0,"14":0,"15":0,"16":0,"17":0,"18":0,"19":0,"20":0,"21":0,"22":0},"b":{"1":[0,0],"2":[1,0],"3":[0,0],"4":[0,0],"5":[0,0]},"f":{"1":2,"2":0,"3":1,"4":1,"5":0,"6":1,"7":0,"8":0,"9":0,"10":0},"fnMap":{"1":{"name":"constructor","line":31,"loc":{"start":{"line":31,"column":4},"end":{"line":31,"column":80}}},"2":{"name":"onlyRegistry","line":36,"loc":{"start":{"line":36,"column":4},"end":{"line":36,"column":25}}},"3":{"name":"onlyAdmin","line":41,"loc":{"start":{"line":41,"column":4},"end":{"line":41,"column":22}}},"4":{"name":"setAdministrator","line":46,"loc":{"start":{"line":46,"column":4},"end":{"line":46,"column":60}}},"5":{"name":"setToken","line":50,"loc":{"start":{"line":50,"column":4},"end":{"line":50,"column":52}}},"6":{"name":"addFunds","line":54,"loc":{"start":{"line":54,"column":4},"end":{"line":54,"column":66}}},"7":{"name":"removeFunds","line":59,"loc":{"start":{"line":59,"column":4},"end":{"line":59,"column":51}}},"8":{"name":"registerReferral","line":66,"loc":{"start":{"line":66,"column":4},"end":{"line":71,"column":5}}},"9":{"name":"withdraw","line":78,"loc":{"start":{"line":78,"column":4},"end":{"line":78,"column":52}}},"10":{"name":"getTrackerBalance","line":91,"loc":{"start":{"line":91,"column":4},"end":{"line":91,"column":60}}}},"statementMap":{"1":{"start":{"line":32,"column":8},"end":{"line":32,"column":41}},"2":{"start":{"line":33,"column":8},"end":{"line":33,"column":33}},"3":{"start":{"line":37,"column":8},"end":{"line":37,"column":79}},"4":{"start":{"line":42,"column":8},"end":{"line":42,"column":66}},"5":{"start":{"line":47,"column":8},"end":{"line":47,"column":21}},"6":{"start":{"line":51,"column":8},"end":{"line":51,"column":28}},"7":{"start":{"line":55,"column":8},"end":{"line":55,"column":60}},"8":{"start":{"line":56,"column":8},"end":{"line":56,"column":58}},"9":{"start":{"line":60,"column":8},"end":{"line":60,"column":55}},"10":{"start":{"line":61,"column":8},"end":{"line":61,"column":70}},"11":{"start":{"line":62,"column":8},"end":{"line":62,"column":33}},"12":{"start":{"line":63,"column":8},"end":{"line":63,"column":60}},"13":{"start":{"line":72,"column":8},"end":{"line":72,"column":73}},"14":{"start":{"line":74,"column":8},"end":{"line":74,"column":62}},"15":{"start":{"line":75,"column":8},"end":{"line":75,"column":19}},"16":{"start":{"line":79,"column":8},"end":{"line":79,"column":75}},"17":{"start":{"line":80,"column":8},"end":{"line":80,"column":63}},"18":{"start":{"line":81,"column":8},"end":{"line":81,"column":72}},"19":{"start":{"line":83,"column":8},"end":{"line":83,"column":60}},"20":{"start":{"line":86,"column":8},"end":{"line":86,"column":33}},"21":{"start":{"line":88,"column":8},"end":{"line":88,"column":86}},"22":{"start":{"line":92,"column":8},"end":{"line":92,"column":45}}},"branchMap":{"1":{"line":37,"type":"if","locations":[{"start":{"line":37,"column":8},"end":{"line":37,"column":8}},{"start":{"line":37,"column":8},"end":{"line":37,"column":8}}]},"2":{"line":42,"type":"if","locations":[{"start":{"line":42,"column":8},"end":{"line":42,"column":8}},{"start":{"line":42,"column":8},"end":{"line":42,"column":8}}]},"3":{"line":61,"type":"if","locations":[{"start":{"line":61,"column":8},"end":{"line":61,"column":8}},{"start":{"line":61,"column":8},"end":{"line":61,"column":8}}]},"4":{"line":79,"type":"if","locations":[{"start":{"line":79,"column":8},"end":{"line":79,"column":8}},{"start":{"line":79,"column":8},"end":{"line":79,"column":8}}]},"5":{"line":83,"type":"if","locations":[{"start":{"line":83,"column":8},"end":{"line":83,"column":8}},{"start":{"line":83,"column":8},"end":{"line":83,"column":8}}]}}},"contracts/SwapAndDeposit.sol":{"l":{"23":2,"27":0,"28":0,"36":0,"37":0,"38":0,"39":0,"49":0,"53":0,"56":0,"60":0,"67":0,"68":0,"72":0,"73":0,"81":0,"82":0,"83":0,"87":0,"95":0,"96":0,"97":0,"98":0,"108":0,"112":0,"114":0},"path":"/home/kartojal/repos/contracts-solidity/contracts/SwapAndDeposit.sol","s":{"1":2,"2":0,"3":0,"4":0,"5":0,"6":0,"7":0,"8":0,"9":0,"10":0,"11":0,"12":0,"13":0,"14":0,"15":0,"16":0,"17":0,"18":0,"19":0,"20":0,"21":0,"22":0,"23":0,"24":0,"25":0},"b":{"1":[0,0],"2":[0,0],"3":[0,0],"4":[0,0],"5":[0,0],"6":[0,0],"7":[0,0],"8":[0,0],"9":[0,0],"10":[0,0],"11":[0,0],"12":[0,0],"13":[0,0]},"f":{"1":2,"2":0,"3":0,"4":0,"5":0,"6":0},"fnMap":{"1":{"name":"constructor","line":22,"loc":{"start":{"line":22,"column":4},"end":{"line":22,"column":22}}},"2":{"name":"notTemplate","line":26,"loc":{"start":{"line":26,"column":4},"end":{"line":26,"column":24}}},"3":{"name":"init","line":31,"loc":{"start":{"line":31,"column":4},"end":{"line":35,"column":5}}},"4":{"name":"swapTokenToTokenOutput","line":42,"loc":{"start":{"line":42,"column":4},"end":{"line":48,"column":31}}},"5":{"name":"delegateDeposit","line":76,"loc":{"start":{"line":76,"column":4},"end":{"line":80,"column":31}}},"6":{"name":"swapAndDeposit","line":90,"loc":{"start":{"line":90,"column":4},"end":{"line":94,"column":43}}}},"statementMap":{"1":{"start":{"line":23,"column":8},"end":{"line":23,"column":24}},"2":{"start":{"line":27,"column":8},"end":{"line":27,"column":59}},"3":{"start":{"line":36,"column":8},"end":{"line":36,"column":92}},"4":{"start":{"line":37,"column":8},"end":{"line":37,"column":39}},"5":{"start":{"line":38,"column":8},"end":{"line":38,"column":39}},"6":{"start":{"line":39,"column":8},"end":{"line":39,"column":19}},"7":{"start":{"line":49,"column":8},"end":{"line":49,"column":1332}},"8":{"start":{"line":53,"column":8},"end":{"line":53,"column":1488}},"9":{"start":{"line":56,"column":8},"end":{"line":56,"column":1627}},"10":{"start":{"line":60,"column":8},"end":{"line":60,"column":1770}},"11":{"start":{"line":67,"column":8},"end":{"line":67,"column":65}},"12":{"start":{"line":68,"column":8},"end":{"line":68,"column":2306}},"13":{"start":{"line":72,"column":8},"end":{"line":72,"column":97}},"14":{"start":{"line":73,"column":8},"end":{"line":73,"column":19}},"15":{"start":{"line":81,"column":8},"end":{"line":81,"column":76}},"16":{"start":{"line":82,"column":8},"end":{"line":82,"column":98}},"17":{"start":{"line":83,"column":8},"end":{"line":83,"column":2924}},"18":{"start":{"line":87,"column":8},"end":{"line":87,"column":19}},"19":{"start":{"line":95,"column":8},"end":{"line":95,"column":88}},"20":{"start":{"line":96,"column":8},"end":{"line":96,"column":85}},"21":{"start":{"line":97,"column":8},"end":{"line":97,"column":69}},"22":{"start":{"line":98,"column":8},"end":{"line":98,"column":3514}},"23":{"start":{"line":108,"column":8},"end":{"line":108,"column":3791}},"24":{"start":{"line":112,"column":8},"end":{"line":112,"column":47}},"25":{"start":{"line":114,"column":8},"end":{"line":114,"column":30}}},"branchMap":{"1":{"line":27,"type":"if","locations":[{"start":{"line":27,"column":8},"end":{"line":27,"column":8}},{"start":{"line":27,"column":8},"end":{"line":27,"column":8}}]},"2":{"line":36,"type":"if","locations":[{"start":{"line":36,"column":8},"end":{"line":36,"column":8}},{"start":{"line":36,"column":8},"end":{"line":36,"column":8}}]},"3":{"line":49,"type":"if","locations":[{"start":{"line":49,"column":8},"end":{"line":49,"column":8}},{"start":{"line":49,"column":8},"end":{"line":49,"column":8}}]},"4":{"line":56,"type":"if","locations":[{"start":{"line":56,"column":8},"end":{"line":56,"column":8}},{"start":{"line":56,"column":8},"end":{"line":56,"column":8}}]},"5":{"line":67,"type":"if","locations":[{"start":{"line":67,"column":8},"end":{"line":67,"column":8}},{"start":{"line":67,"column":8},"end":{"line":67,"column":8}}]},"6":{"line":68,"type":"if","locations":[{"start":{"line":68,"column":8},"end":{"line":68,"column":8}},{"start":{"line":68,"column":8},"end":{"line":68,"column":8}}]},"7":{"line":72,"type":"if","locations":[{"start":{"line":72,"column":8},"end":{"line":72,"column":8}},{"start":{"line":72,"column":8},"end":{"line":72,"column":8}}]},"8":{"line":82,"type":"if","locations":[{"start":{"line":82,"column":8},"end":{"line":82,"column":8}},{"start":{"line":82,"column":8},"end":{"line":82,"column":8}}]},"9":{"line":83,"type":"if","locations":[{"start":{"line":83,"column":8},"end":{"line":83,"column":8}},{"start":{"line":83,"column":8},"end":{"line":83,"column":8}}]},"10":{"line":95,"type":"if","locations":[{"start":{"line":95,"column":8},"end":{"line":95,"column":8}},{"start":{"line":95,"column":8},"end":{"line":95,"column":8}}]},"11":{"line":97,"type":"if","locations":[{"start":{"line":97,"column":8},"end":{"line":97,"column":8}},{"start":{"line":97,"column":8},"end":{"line":97,"column":8}}]},"12":{"line":98,"type":"if","locations":[{"start":{"line":98,"column":8},"end":{"line":98,"column":8}},{"start":{"line":98,"column":8},"end":{"line":98,"column":8}}]},"13":{"line":108,"type":"if","locations":[{"start":{"line":108,"column":8},"end":{"line":108,"column":8}},{"start":{"line":108,"column":8},"end":{"line":108,"column":8}}]}}},"contracts/SwapAndDepositFactory.sol":{"l":{"17":2,"18":2,"19":2,"23":0,"27":0,"31":0,"35":0,"36":0,"37":0,"38":0,"39":0,"40":0,"41":0,"46":0,"48":0},"path":"/home/kartojal/repos/contracts-solidity/contracts/SwapAndDepositFactory.sol","s":{"1":2,"2":2,"3":2,"4":0,"5":0,"6":0,"7":0,"8":0,"9":0,"10":0,"11":0,"12":0,"13":0,"14":0,"15":0},"b":{"1":[0,0],"2":[0,0],"3":[0,0],"4":[0,0],"5":[0,0]},"f":{"1":2,"2":0,"3":0,"4":0,"5":0},"fnMap":{"1":{"name":"constructor","line":16,"loc":{"start":{"line":16,"column":4},"end":{"line":16,"column":92}}},"2":{"name":"setAuthAddress","line":22,"loc":{"start":{"line":22,"column":4},"end":{"line":22,"column":64}}},"3":{"name":"setUniswapAddress","line":26,"loc":{"start":{"line":26,"column":4},"end":{"line":26,"column":70}}},"4":{"name":"setLibraryAddress","line":30,"loc":{"start":{"line":30,"column":4},"end":{"line":30,"column":70}}},"5":{"name":"deploy","line":34,"loc":{"start":{"line":34,"column":4},"end":{"line":34,"column":59}}}},"statementMap":{"1":{"start":{"line":17,"column":8},"end":{"line":17,"column":39}},"2":{"start":{"line":18,"column":8},"end":{"line":18,"column":33}},"3":{"start":{"line":19,"column":8},"end":{"line":19,"column":39}},"4":{"start":{"line":23,"column":8},"end":{"line":23,"column":33}},"5":{"start":{"line":27,"column":8},"end":{"line":27,"column":39}},"6":{"start":{"line":31,"column":8},"end":{"line":31,"column":39}},"7":{"start":{"line":35,"column":8},"end":{"line":35,"column":61}},"8":{"start":{"line":36,"column":8},"end":{"line":36,"column":80}},"9":{"start":{"line":37,"column":8},"end":{"line":37,"column":67}},"10":{"start":{"line":38,"column":8},"end":{"line":38,"column":67}},"11":{"start":{"line":39,"column":8},"end":{"line":39,"column":67}},"12":{"start":{"line":40,"column":8},"end":{"line":40,"column":49}},"13":{"start":{"line":41,"column":8},"end":{"line":41,"column":1562}},"14":{"start":{"line":46,"column":8},"end":{"line":46,"column":42}},"15":{"start":{"line":48,"column":8},"end":{"line":48,"column":27}}},"branchMap":{"1":{"line":35,"type":"if","locations":[{"start":{"line":35,"column":8},"end":{"line":35,"column":8}},{"start":{"line":35,"column":8},"end":{"line":35,"column":8}}]},"2":{"line":37,"type":"if","locations":[{"start":{"line":37,"column":8},"end":{"line":37,"column":8}},{"start":{"line":37,"column":8},"end":{"line":37,"column":8}}]},"3":{"line":38,"type":"if","locations":[{"start":{"line":38,"column":8},"end":{"line":38,"column":8}},{"start":{"line":38,"column":8},"end":{"line":38,"column":8}}]},"4":{"line":39,"type":"if","locations":[{"start":{"line":39,"column":8},"end":{"line":39,"column":8}},{"start":{"line":39,"column":8},"end":{"line":39,"column":8}}]},"5":{"line":41,"type":"if","locations":[{"start":{"line":41,"column":8},"end":{"line":41,"column":8}},{"start":{"line":41,"column":8},"end":{"line":41,"column":8}}]}}}}