{"contracts/Authorization.sol":{"l":{"12":28,"13":28,"17":50,"21":80},"path":"/home/sendra/Work/Hero/contracts-solidity/contracts/Authorization.sol","s":{"1":28,"2":28,"3":50,"4":80},"b":{},"f":{"1":28,"2":50,"3":80},"fnMap":{"1":{"name":"constructor","line":11,"loc":{"start":{"line":11,"column":4},"end":{"line":11,"column":58}}},"2":{"name":"hasDeposited","line":16,"loc":{"start":{"line":16,"column":4},"end":{"line":16,"column":64}}},"3":{"name":"isKYCConfirmed","line":20,"loc":{"start":{"line":20,"column":4},"end":{"line":20,"column":66}}}},"statementMap":{"1":{"start":{"line":12,"column":8},"end":{"line":12,"column":33}},"2":{"start":{"line":13,"column":8},"end":{"line":13,"column":45}},"3":{"start":{"line":17,"column":8},"end":{"line":17,"column":41}},"4":{"start":{"line":21,"column":8},"end":{"line":21,"column":36}}},"branchMap":{}},"contracts/DAIProxy.sol":{"l":{"16":28,"17":28,"25":13,"26":13,"28":13,"29":13,"31":13,"32":2,"35":13,"36":13,"37":13,"43":9,"44":9,"46":9,"47":9,"52":22,"53":16,"54":16,"55":16,"59":22,"60":22,"64":13,"65":13},"path":"/home/sendra/Work/Hero/contracts-solidity/contracts/DAIProxy.sol","s":{"1":28,"2":28,"3":13,"4":13,"5":13,"6":13,"7":13,"8":2,"9":13,"10":13,"11":13,"12":9,"13":9,"14":9,"15":9,"16":22,"17":16,"18":16,"19":16,"20":22,"21":13},"b":{"1":[2,11],"2":[13,0],"3":[9,0],"4":[16,6],"5":[16,0],"6":[22,0],"7":[13,0]},"f":{"1":28,"2":13,"3":9,"4":22,"5":22,"6":13},"fnMap":{"1":{"name":"constructor","line":15,"loc":{"start":{"line":15,"column":4},"end":{"line":15,"column":61}}},"2":{"name":"fund","line":20,"loc":{"start":{"line":20,"column":4},"end":{"line":24,"column":5}}},"3":{"name":"repay","line":42,"loc":{"start":{"line":42,"column":4},"end":{"line":42,"column":83}}},"4":{"name":"transfer","line":51,"loc":{"start":{"line":51,"column":4},"end":{"line":51,"column":65}}},"5":{"name":"onlyKYCanFund","line":58,"loc":{"start":{"line":58,"column":4},"end":{"line":58,"column":24}}},"6":{"name":"onlyHasDepositCanFund","line":63,"loc":{"start":{"line":63,"column":4},"end":{"line":63,"column":32}}}},"statementMap":{"1":{"start":{"line":16,"column":8},"end":{"line":16,"column":40}},"2":{"start":{"line":17,"column":8},"end":{"line":17,"column":35}},"3":{"start":{"line":25,"column":8},"end":{"line":25,"column":48}},"4":{"start":{"line":26,"column":8},"end":{"line":26,"column":79}},"5":{"start":{"line":28,"column":8},"end":{"line":28,"column":65}},"6":{"start":{"line":29,"column":8},"end":{"line":29,"column":55}},"7":{"start":{"line":31,"column":8},"end":{"line":31,"column":1032}},"8":{"start":{"line":32,"column":12},"end":{"line":32,"column":56}},"9":{"start":{"line":35,"column":8},"end":{"line":35,"column":87}},"10":{"start":{"line":36,"column":8},"end":{"line":36,"column":1249}},"11":{"start":{"line":37,"column":12},"end":{"line":37,"column":50}},"12":{"start":{"line":43,"column":8},"end":{"line":43,"column":79}},"13":{"start":{"line":44,"column":8},"end":{"line":44,"column":88}},"14":{"start":{"line":46,"column":8},"end":{"line":46,"column":1615}},"15":{"start":{"line":47,"column":12},"end":{"line":47,"column":49}},"16":{"start":{"line":52,"column":8},"end":{"line":52,"column":95}},"17":{"start":{"line":53,"column":8},"end":{"line":53,"column":56}},"18":{"start":{"line":54,"column":8},"end":{"line":54,"column":53}},"19":{"start":{"line":55,"column":8},"end":{"line":55,"column":61}},"20":{"start":{"line":59,"column":8},"end":{"line":59,"column":73}},"21":{"start":{"line":64,"column":8},"end":{"line":64,"column":77}}},"branchMap":{"1":{"line":31,"type":"if","locations":[{"start":{"line":31,"column":8},"end":{"line":31,"column":8}},{"start":{"line":31,"column":8},"end":{"line":31,"column":8}}]},"2":{"line":36,"type":"if","locations":[{"start":{"line":36,"column":8},"end":{"line":36,"column":8}},{"start":{"line":36,"column":8},"end":{"line":36,"column":8}}]},"3":{"line":46,"type":"if","locations":[{"start":{"line":46,"column":8},"end":{"line":46,"column":8}},{"start":{"line":46,"column":8},"end":{"line":46,"column":8}}]},"4":{"line":52,"type":"if","locations":[{"start":{"line":52,"column":8},"end":{"line":52,"column":8}},{"start":{"line":52,"column":8},"end":{"line":52,"column":8}}]},"5":{"line":54,"type":"if","locations":[{"start":{"line":54,"column":8},"end":{"line":54,"column":8}},{"start":{"line":54,"column":8},"end":{"line":54,"column":8}}]},"6":{"line":59,"type":"if","locations":[{"start":{"line":59,"column":8},"end":{"line":59,"column":8}},{"start":{"line":59,"column":8},"end":{"line":59,"column":8}}]},"7":{"line":64,"type":"if","locations":[{"start":{"line":64,"column":8},"end":{"line":64,"column":8}},{"start":{"line":64,"column":8},"end":{"line":64,"column":8}}]}}},"contracts/DAIProxyInterface.sol":{"l":{},"path":"/home/sendra/Work/Hero/contracts-solidity/contracts/DAIProxyInterface.sol","s":{},"b":{},"f":{},"fnMap":{},"statementMap":{},"branchMap":{}},"contracts/DepositRegistry.sol":{"l":{"21":31,"22":31,"26":3,"30":24,"31":20,"36":20,"37":20,"39":20,"40":20,"44":2,"45":2,"49":2,"51":2,"52":2,"54":2,"56":2,"57":2,"61":4,"62":2,"64":0,"65":0,"66":0,"69":52},"path":"/home/sendra/Work/Hero/contracts-solidity/contracts/DepositRegistry.sol","s":{"1":31,"2":31,"3":3,"4":24,"5":20,"6":20,"7":20,"8":20,"9":20,"10":2,"11":2,"12":2,"13":2,"14":2,"15":2,"16":2,"17":2,"18":4,"19":2,"20":0,"21":0,"22":0,"23":52},"b":{"1":[20,4],"2":[20,0],"3":[2,0],"4":[2,0],"5":[2,0],"6":[2,2],"7":[0,2]},"f":{"1":31,"2":3,"3":24,"4":2,"5":4,"6":52},"fnMap":{"1":{"name":"constructor","line":20,"loc":{"start":{"line":20,"column":4},"end":{"line":20,"column":62}}},"2":{"name":"setReferralTracker","line":25,"loc":{"start":{"line":25,"column":4},"end":{"line":25,"column":71}}},"3":{"name":"depositFor","line":29,"loc":{"start":{"line":29,"column":4},"end":{"line":29,"column":42}}},"4":{"name":"depositForWithReferral","line":43,"loc":{"start":{"line":43,"column":4},"end":{"line":43,"column":72}}},"5":{"name":"withdraw","line":60,"loc":{"start":{"line":60,"column":4},"end":{"line":60,"column":38}}},"6":{"name":"hasDeposited","line":68,"loc":{"start":{"line":68,"column":4},"end":{"line":68,"column":64}}}},"statementMap":{"1":{"start":{"line":21,"column":8},"end":{"line":21,"column":34}},"2":{"start":{"line":22,"column":8},"end":{"line":22,"column":36}},"3":{"start":{"line":26,"column":8},"end":{"line":26,"column":45}},"4":{"start":{"line":30,"column":8},"end":{"line":30,"column":60}},"5":{"start":{"line":31,"column":8},"end":{"line":31,"column":981}},"6":{"start":{"line":36,"column":8},"end":{"line":36,"column":29}},"7":{"start":{"line":37,"column":8},"end":{"line":37,"column":60}},"8":{"start":{"line":39,"column":8},"end":{"line":39,"column":39}},"9":{"start":{"line":40,"column":8},"end":{"line":40,"column":40}},"10":{"start":{"line":44,"column":8},"end":{"line":44,"column":60}},"11":{"start":{"line":45,"column":8},"end":{"line":45,"column":1444}},"12":{"start":{"line":49,"column":8},"end":{"line":49,"column":89}},"13":{"start":{"line":51,"column":8},"end":{"line":51,"column":29}},"14":{"start":{"line":52,"column":8},"end":{"line":52,"column":60}},"15":{"start":{"line":54,"column":8},"end":{"line":54,"column":49}},"16":{"start":{"line":56,"column":8},"end":{"line":56,"column":39}},"17":{"start":{"line":57,"column":8},"end":{"line":57,"column":40}},"18":{"start":{"line":61,"column":8},"end":{"line":61,"column":62}},"19":{"start":{"line":62,"column":8},"end":{"line":62,"column":74}},"20":{"start":{"line":64,"column":8},"end":{"line":64,"column":36}},"21":{"start":{"line":65,"column":8},"end":{"line":65,"column":39}},"22":{"start":{"line":66,"column":8},"end":{"line":66,"column":47}},"23":{"start":{"line":69,"column":8},"end":{"line":69,"column":30}}},"branchMap":{"1":{"line":30,"type":"if","locations":[{"start":{"line":30,"column":8},"end":{"line":30,"column":8}},{"start":{"line":30,"column":8},"end":{"line":30,"column":8}}]},"2":{"line":31,"type":"if","locations":[{"start":{"line":31,"column":8},"end":{"line":31,"column":8}},{"start":{"line":31,"column":8},"end":{"line":31,"column":8}}]},"3":{"line":44,"type":"if","locations":[{"start":{"line":44,"column":8},"end":{"line":44,"column":8}},{"start":{"line":44,"column":8},"end":{"line":44,"column":8}}]},"4":{"line":45,"type":"if","locations":[{"start":{"line":45,"column":8},"end":{"line":45,"column":8}},{"start":{"line":45,"column":8},"end":{"line":45,"column":8}}]},"5":{"line":49,"type":"if","locations":[{"start":{"line":49,"column":8},"end":{"line":49,"column":8}},{"start":{"line":49,"column":8},"end":{"line":49,"column":8}}]},"6":{"line":61,"type":"if","locations":[{"start":{"line":61,"column":8},"end":{"line":61,"column":8}},{"start":{"line":61,"column":8},"end":{"line":61,"column":8}}]},"7":{"line":62,"type":"if","locations":[{"start":{"line":62,"column":8},"end":{"line":62,"column":8}},{"start":{"line":62,"column":8},"end":{"line":62,"column":8}}]}}},"contracts/KYCRegistry.sol":{"l":{"12":0,"13":0,"17":84,"18":84,"22":120},"path":"/home/sendra/Work/Hero/contracts-solidity/contracts/KYCRegistry.sol","s":{"1":0,"2":0,"3":84,"4":84,"5":120},"b":{},"f":{"1":0,"2":84,"3":120},"fnMap":{"1":{"name":"remove","line":11,"loc":{"start":{"line":11,"column":4},"end":{"line":11,"column":48}}},"2":{"name":"add","line":16,"loc":{"start":{"line":16,"column":4},"end":{"line":16,"column":45}}},"3":{"name":"isConfirmed","line":21,"loc":{"start":{"line":21,"column":4},"end":{"line":21,"column":63}}}},"statementMap":{"1":{"start":{"line":12,"column":8},"end":{"line":12,"column":33}},"2":{"start":{"line":13,"column":8},"end":{"line":13,"column":32}},"3":{"start":{"line":17,"column":8},"end":{"line":17,"column":32}},"4":{"start":{"line":18,"column":8},"end":{"line":18,"column":27}},"5":{"start":{"line":22,"column":8},"end":{"line":22,"column":33}}},"branchMap":{}},"contracts/LoanContract.sol":{"l":{"100":4,"101":2,"105":5,"106":3,"110":44,"111":42,"115":43,"116":43,"117":33,"121":22,"122":22,"123":12,"127":10,"128":10,"129":2,"133":55,"134":53,"138":16,"139":16,"153":53,"154":53,"155":53,"156":53,"158":53,"159":53,"160":53,"162":53,"163":53,"164":53,"166":53,"168":53,"170":53,"171":53,"191":40,"192":1,"193":1,"194":1,"195":1,"197":0,"198":0,"199":0,"200":0,"207":0,"211":39,"212":39,"214":39,"215":39,"216":39,"218":39,"219":27,"220":27,"221":27,"223":12,"226":39,"227":26,"228":26,"235":26,"243":39,"247":3,"251":2,"252":2,"253":2,"255":2,"257":2,"259":2,"261":2,"262":2,"263":2,"271":2,"272":2,"274":2,"276":2,"278":2,"280":2,"281":2,"282":2,"287":12,"288":12,"289":10,"290":10,"291":10,"293":10,"295":10,"296":5,"297":5,"302":16,"303":14,"305":14,"306":0,"307":0,"308":0,"311":14,"312":14,"313":14,"322":13,"323":13,"324":11,"325":11,"327":11,"328":0,"329":0,"330":0,"333":11,"334":11,"335":11,"339":130,"343":117,"344":106,"347":11,"351":114,"355":88,"356":12,"357":11,"359":1,"360":1,"361":1,"370":88,"371":2,"374":88,"378":56,"382":100,"383":81,"388":19,"393":0,"398":42,"402":42,"406":2,"410":0},"path":"/home/sendra/Work/Hero/contracts-solidity/contracts/LoanContract.sol","s":{"1":4,"2":5,"3":44,"4":43,"5":43,"6":22,"7":22,"8":10,"9":10,"10":55,"11":16,"12":53,"13":53,"14":53,"15":53,"16":53,"17":53,"18":53,"19":53,"20":53,"21":53,"22":53,"23":53,"24":53,"25":53,"26":40,"27":1,"28":1,"29":1,"30":1,"31":0,"32":0,"33":0,"34":0,"35":0,"36":39,"37":39,"38":39,"39":39,"40":39,"41":39,"42":27,"43":27,"44":27,"45":12,"46":39,"47":26,"48":26,"49":26,"50":39,"51":3,"52":2,"53":2,"54":2,"55":2,"56":2,"57":2,"58":2,"59":2,"60":2,"61":2,"62":2,"63":2,"64":2,"65":2,"66":2,"67":2,"68":2,"69":12,"70":12,"71":10,"72":10,"73":10,"74":10,"75":10,"76":5,"77":5,"78":16,"79":14,"80":14,"81":0,"82":0,"83":0,"84":14,"85":14,"86":14,"87":13,"88":13,"89":11,"90":11,"91":11,"92":0,"93":0,"94":0,"95":11,"96":11,"97":11,"98":130,"99":117,"100":106,"101":11,"102":114,"103":88,"104":12,"105":11,"106":1,"107":1,"108":1,"109":88,"110":2,"111":88,"112":56,"113":100,"114":81,"115":19,"116":19,"117":0,"118":42,"119":42,"120":2,"121":0},"b":{"1":[2,2],"2":[3,2],"3":[42,2],"4":[33,10],"5":[12,10],"6":[2,8],"7":[53,2],"8":[16,0],"9":[1,39],"10":[1,0],"11":[27,12],"12":[26,13],"13":[2,0],"14":[2,0],"15":[2,0],"16":[2,0],"17":[2,0],"18":[2,0],"19":[2,0],"20":[12,0],"21":[10,2],"22":[5,5],"23":[14,2],"24":[14,0],"25":[0,14],"26":[13,0],"27":[11,2],"28":[11,0],"29":[11,0],"30":[0,11],"31":[106,11],"32":[12,76],"33":[11,1],"34":[2,86],"35":[81,19],"36":[19,0]},"f":{"1":4,"2":5,"3":44,"4":43,"5":22,"6":10,"7":55,"8":16,"9":53,"10":40,"11":3,"12":2,"13":2,"14":12,"15":16,"16":13,"17":130,"18":117,"19":114,"20":88,"21":56,"22":100,"23":42,"24":42,"25":2,"26":0},"fnMap":{"1":{"name":"onlyUnlocked","line":99,"loc":{"start":{"line":99,"column":4},"end":{"line":99,"column":25}}},"2":{"name":"onlyAdmin","line":104,"loc":{"start":{"line":104,"column":4},"end":{"line":104,"column":22}}},"3":{"name":"onlyCreated","line":109,"loc":{"start":{"line":109,"column":4},"end":{"line":109,"column":24}}},"4":{"name":"onlyActive","line":114,"loc":{"start":{"line":114,"column":4},"end":{"line":114,"column":23}}},"5":{"name":"onlyRepaid","line":120,"loc":{"start":{"line":120,"column":4},"end":{"line":120,"column":23}}},"6":{"name":"onlyFailedToFund","line":126,"loc":{"start":{"line":126,"column":4},"end":{"line":126,"column":29}}},"7":{"name":"onlyProxy","line":132,"loc":{"start":{"line":132,"column":4},"end":{"line":132,"column":22}}},"8":{"name":"onlyOriginator","line":137,"loc":{"start":{"line":137,"column":4},"end":{"line":137,"column":27}}},"9":{"name":"constructor","line":142,"loc":{"start":{"line":142,"column":4},"end":{"line":152,"column":14}}},"10":{"name":"onFundingReceived","line":185,"loc":{"start":{"line":185,"column":4},"end":{"line":190,"column":5}}},"11":{"name":"unlockFundsWithdrawl","line":246,"loc":{"start":{"line":246,"column":4},"end":{"line":246,"column":50}}},"12":{"name":"withdrawFundsUnlocked","line":250,"loc":{"start":{"line":250,"column":4},"end":{"line":250,"column":65}}},"13":{"name":"withdrawRefund","line":270,"loc":{"start":{"line":270,"column":4},"end":{"line":270,"column":51}}},"14":{"name":"withdrawRepayment","line":286,"loc":{"start":{"line":286,"column":4},"end":{"line":286,"column":48}}},"15":{"name":"withdrawLoan","line":301,"loc":{"start":{"line":301,"column":4},"end":{"line":301,"column":58}}},"16":{"name":"onRepaymentReceived","line":316,"loc":{"start":{"line":316,"column":4},"end":{"line":321,"column":5}}},"17":{"name":"isAuctionExpired","line":338,"loc":{"start":{"line":338,"column":4},"end":{"line":338,"column":56}}},"18":{"name":"isDefaulted","line":342,"loc":{"start":{"line":342,"column":4},"end":{"line":342,"column":51}}},"19":{"name":"setState","line":350,"loc":{"start":{"line":350,"column":4},"end":{"line":350,"column":45}}},"20":{"name":"updateStateMachine","line":354,"loc":{"start":{"line":354,"column":4},"end":{"line":354,"column":58}}},"21":{"name":"calculateValueWithInterest","line":377,"loc":{"start":{"line":377,"column":4},"end":{"line":377,"column":82}}},"22":{"name":"getInterestRate","line":381,"loc":{"start":{"line":381,"column":4},"end":{"line":381,"column":58}}},"23":{"name":"getMaxAmount","line":397,"loc":{"start":{"line":397,"column":4},"end":{"line":397,"column":55}}},"24":{"name":"getAuctionBalance","line":401,"loc":{"start":{"line":401,"column":4},"end":{"line":401,"column":60}}},"25":{"name":"getLenderBidAmount","line":405,"loc":{"start":{"line":405,"column":4},"end":{"line":405,"column":75}}},"26":{"name":"getLenderWithdrawn","line":409,"loc":{"start":{"line":409,"column":4},"end":{"line":409,"column":72}}}},"statementMap":{"1":{"start":{"line":100,"column":8},"end":{"line":100,"column":70}},"2":{"start":{"line":105,"column":8},"end":{"line":105,"column":77}},"3":{"start":{"line":110,"column":8},"end":{"line":110,"column":74}},"4":{"start":{"line":115,"column":8},"end":{"line":115,"column":27}},"5":{"start":{"line":116,"column":8},"end":{"line":116,"column":73}},"6":{"start":{"line":121,"column":8},"end":{"line":121,"column":27}},"7":{"start":{"line":122,"column":8},"end":{"line":122,"column":72}},"8":{"start":{"line":127,"column":8},"end":{"line":127,"column":27}},"9":{"start":{"line":128,"column":8},"end":{"line":128,"column":80}},"10":{"start":{"line":133,"column":8},"end":{"line":133,"column":71}},"11":{"start":{"line":138,"column":8},"end":{"line":138,"column":72}},"12":{"start":{"line":153,"column":8},"end":{"line":153,"column":40}},"13":{"start":{"line":154,"column":8},"end":{"line":154,"column":46}},"14":{"start":{"line":155,"column":8},"end":{"line":155,"column":31}},"15":{"start":{"line":156,"column":8},"end":{"line":156,"column":37}},"16":{"start":{"line":158,"column":8},"end":{"line":158,"column":41}},"17":{"start":{"line":159,"column":8},"end":{"line":159,"column":29}},"18":{"start":{"line":160,"column":8},"end":{"line":160,"column":29}},"19":{"start":{"line":162,"column":8},"end":{"line":162,"column":47}},"20":{"start":{"line":163,"column":8},"end":{"line":163,"column":39}},"21":{"start":{"line":164,"column":8},"end":{"line":164,"column":66}},"22":{"start":{"line":166,"column":8},"end":{"line":166,"column":43}},"23":{"start":{"line":168,"column":8},"end":{"line":168,"column":36}},"24":{"start":{"line":170,"column":8},"end":{"line":170,"column":34}},"25":{"start":{"line":171,"column":8},"end":{"line":171,"column":5587}},"26":{"start":{"line":191,"column":8},"end":{"line":191,"column":6109}},"27":{"start":{"line":192,"column":12},"end":{"line":192,"column":6151}},"28":{"start":{"line":193,"column":16},"end":{"line":193,"column":49}},"29":{"start":{"line":194,"column":16},"end":{"line":194,"column":64}},"30":{"start":{"line":195,"column":16},"end":{"line":195,"column":28}},"31":{"start":{"line":197,"column":16},"end":{"line":197,"column":41}},"32":{"start":{"line":198,"column":16},"end":{"line":198,"column":64}},"33":{"start":{"line":199,"column":16},"end":{"line":199,"column":52}},"34":{"start":{"line":200,"column":16},"end":{"line":200,"column":6539}},"35":{"start":{"line":207,"column":16},"end":{"line":207,"column":28}},"36":{"start":{"line":211,"column":8},"end":{"line":211,"column":68}},"37":{"start":{"line":212,"column":8},"end":{"line":212,"column":50}},"38":{"start":{"line":214,"column":8},"end":{"line":214,"column":37}},"39":{"start":{"line":215,"column":8},"end":{"line":215,"column":44}},"40":{"start":{"line":216,"column":8},"end":{"line":216,"column":64}},"41":{"start":{"line":218,"column":8},"end":{"line":218,"column":7086}},"42":{"start":{"line":219,"column":12},"end":{"line":219,"column":32}},"43":{"start":{"line":220,"column":12},"end":{"line":220,"column":81}},"44":{"start":{"line":221,"column":12},"end":{"line":221,"column":79}},"45":{"start":{"line":223,"column":12},"end":{"line":223,"column":81}},"46":{"start":{"line":226,"column":8},"end":{"line":226,"column":7458}},"47":{"start":{"line":227,"column":12},"end":{"line":227,"column":37}},"48":{"start":{"line":228,"column":12},"end":{"line":228,"column":7550}},"49":{"start":{"line":235,"column":12},"end":{"line":235,"column":7746}},"50":{"start":{"line":243,"column":8},"end":{"line":243,"column":19}},"51":{"start":{"line":247,"column":8},"end":{"line":247,"column":35}},"52":{"start":{"line":251,"column":8},"end":{"line":251,"column":56}},"53":{"start":{"line":252,"column":8},"end":{"line":252,"column":72}},"54":{"start":{"line":253,"column":8},"end":{"line":253,"column":74}},"55":{"start":{"line":255,"column":8},"end":{"line":255,"column":41}},"56":{"start":{"line":257,"column":8},"end":{"line":257,"column":65}},"57":{"start":{"line":259,"column":8},"end":{"line":259,"column":91}},"58":{"start":{"line":261,"column":8},"end":{"line":261,"column":8567}},"59":{"start":{"line":262,"column":12},"end":{"line":262,"column":37}},"60":{"start":{"line":263,"column":12},"end":{"line":263,"column":59}},"61":{"start":{"line":271,"column":8},"end":{"line":271,"column":72}},"62":{"start":{"line":272,"column":8},"end":{"line":272,"column":77}},"63":{"start":{"line":274,"column":8},"end":{"line":274,"column":41}},"64":{"start":{"line":276,"column":8},"end":{"line":276,"column":84}},"65":{"start":{"line":278,"column":8},"end":{"line":278,"column":65}},"66":{"start":{"line":280,"column":8},"end":{"line":280,"column":9391}},"67":{"start":{"line":281,"column":12},"end":{"line":281,"column":37}},"68":{"start":{"line":282,"column":12},"end":{"line":282,"column":45}},"69":{"start":{"line":287,"column":8},"end":{"line":287,"column":72}},"70":{"start":{"line":288,"column":8},"end":{"line":288,"column":77}},"71":{"start":{"line":289,"column":8},"end":{"line":289,"column":80}},"72":{"start":{"line":290,"column":8},"end":{"line":290,"column":41}},"73":{"start":{"line":291,"column":8},"end":{"line":291,"column":66}},"74":{"start":{"line":293,"column":8},"end":{"line":293,"column":44}},"75":{"start":{"line":295,"column":8},"end":{"line":295,"column":10000}},"76":{"start":{"line":296,"column":12},"end":{"line":296,"column":37}},"77":{"start":{"line":297,"column":12},"end":{"line":297,"column":45}},"78":{"start":{"line":302,"column":8},"end":{"line":302,"column":51}},"79":{"start":{"line":303,"column":8},"end":{"line":303,"column":76}},"80":{"start":{"line":305,"column":8},"end":{"line":305,"column":10355}},"81":{"start":{"line":306,"column":12},"end":{"line":306,"column":40}},"82":{"start":{"line":307,"column":12},"end":{"line":307,"column":45}},"83":{"start":{"line":308,"column":12},"end":{"line":308,"column":18}},"84":{"start":{"line":311,"column":8},"end":{"line":311,"column":27}},"85":{"start":{"line":312,"column":8},"end":{"line":312,"column":74}},"86":{"start":{"line":313,"column":8},"end":{"line":313,"column":52}},"87":{"start":{"line":322,"column":8},"end":{"line":322,"column":72}},"88":{"start":{"line":323,"column":8},"end":{"line":323,"column":62}},"89":{"start":{"line":324,"column":8},"end":{"line":324,"column":69}},"90":{"start":{"line":325,"column":8},"end":{"line":325,"column":74}},"91":{"start":{"line":327,"column":8},"end":{"line":327,"column":11107}},"92":{"start":{"line":328,"column":12},"end":{"line":328,"column":40}},"93":{"start":{"line":329,"column":12},"end":{"line":329,"column":45}},"94":{"start":{"line":330,"column":12},"end":{"line":330,"column":24}},"95":{"start":{"line":333,"column":8},"end":{"line":333,"column":33}},"96":{"start":{"line":334,"column":8},"end":{"line":334,"column":55}},"97":{"start":{"line":335,"column":8},"end":{"line":335,"column":19}},"98":{"start":{"line":339,"column":8},"end":{"line":339,"column":45}},"99":{"start":{"line":343,"column":8},"end":{"line":343,"column":11555}},"100":{"start":{"line":344,"column":12},"end":{"line":344,"column":24}},"101":{"start":{"line":347,"column":8},"end":{"line":347,"column":19}},"102":{"start":{"line":351,"column":8},"end":{"line":351,"column":27}},"103":{"start":{"line":355,"column":8},"end":{"line":355,"column":11821}},"104":{"start":{"line":356,"column":12},"end":{"line":356,"column":11900}},"105":{"start":{"line":357,"column":16},"end":{"line":357,"column":49}},"106":{"start":{"line":359,"column":16},"end":{"line":359,"column":41}},"107":{"start":{"line":360,"column":16},"end":{"line":360,"column":52}},"108":{"start":{"line":361,"column":16},"end":{"line":361,"column":12115}},"109":{"start":{"line":370,"column":8},"end":{"line":370,"column":12352}},"110":{"start":{"line":371,"column":12},"end":{"line":371,"column":40}},"111":{"start":{"line":374,"column":8},"end":{"line":374,"column":27}},"112":{"start":{"line":378,"column":8},"end":{"line":378,"column":65}},"113":{"start":{"line":382,"column":8},"end":{"line":382,"column":12731}},"114":{"start":{"line":383,"column":12},"end":{"line":383,"column":12793}},"115":{"start":{"line":387,"column":15},"end":{"line":387,"column":12962}},"116":{"start":{"line":388,"column":12},"end":{"line":388,"column":13059}},"117":{"start":{"line":393,"column":12},"end":{"line":393,"column":20}},"118":{"start":{"line":398,"column":8},"end":{"line":398,"column":24}},"119":{"start":{"line":402,"column":8},"end":{"line":402,"column":29}},"120":{"start":{"line":406,"column":8},"end":{"line":406,"column":38}},"121":{"start":{"line":410,"column":8},"end":{"line":410,"column":38}}},"branchMap":{"1":{"line":100,"type":"if","locations":[{"start":{"line":100,"column":8},"end":{"line":100,"column":8}},{"start":{"line":100,"column":8},"end":{"line":100,"column":8}}]},"2":{"line":105,"type":"if","locations":[{"start":{"line":105,"column":8},"end":{"line":105,"column":8}},{"start":{"line":105,"column":8},"end":{"line":105,"column":8}}]},"3":{"line":110,"type":"if","locations":[{"start":{"line":110,"column":8},"end":{"line":110,"column":8}},{"start":{"line":110,"column":8},"end":{"line":110,"column":8}}]},"4":{"line":116,"type":"if","locations":[{"start":{"line":116,"column":8},"end":{"line":116,"column":8}},{"start":{"line":116,"column":8},"end":{"line":116,"column":8}}]},"5":{"line":122,"type":"if","locations":[{"start":{"line":122,"column":8},"end":{"line":122,"column":8}},{"start":{"line":122,"column":8},"end":{"line":122,"column":8}}]},"6":{"line":128,"type":"if","locations":[{"start":{"line":128,"column":8},"end":{"line":128,"column":8}},{"start":{"line":128,"column":8},"end":{"line":128,"column":8}}]},"7":{"line":133,"type":"if","locations":[{"start":{"line":133,"column":8},"end":{"line":133,"column":8}},{"start":{"line":133,"column":8},"end":{"line":133,"column":8}}]},"8":{"line":138,"type":"if","locations":[{"start":{"line":138,"column":8},"end":{"line":138,"column":8}},{"start":{"line":138,"column":8},"end":{"line":138,"column":8}}]},"9":{"line":191,"type":"if","locations":[{"start":{"line":191,"column":8},"end":{"line":191,"column":8}},{"start":{"line":191,"column":8},"end":{"line":191,"column":8}}]},"10":{"line":192,"type":"if","locations":[{"start":{"line":192,"column":12},"end":{"line":192,"column":12}},{"start":{"line":192,"column":12},"end":{"line":192,"column":12}}]},"11":{"line":218,"type":"if","locations":[{"start":{"line":218,"column":8},"end":{"line":218,"column":8}},{"start":{"line":218,"column":8},"end":{"line":218,"column":8}}]},"12":{"line":226,"type":"if","locations":[{"start":{"line":226,"column":8},"end":{"line":226,"column":8}},{"start":{"line":226,"column":8},"end":{"line":226,"column":8}}]},"13":{"line":251,"type":"if","locations":[{"start":{"line":251,"column":8},"end":{"line":251,"column":8}},{"start":{"line":251,"column":8},"end":{"line":251,"column":8}}]},"14":{"line":252,"type":"if","locations":[{"start":{"line":252,"column":8},"end":{"line":252,"column":8}},{"start":{"line":252,"column":8},"end":{"line":252,"column":8}}]},"15":{"line":253,"type":"if","locations":[{"start":{"line":253,"column":8},"end":{"line":253,"column":8}},{"start":{"line":253,"column":8},"end":{"line":253,"column":8}}]},"16":{"line":261,"type":"if","locations":[{"start":{"line":261,"column":8},"end":{"line":261,"column":8}},{"start":{"line":261,"column":8},"end":{"line":261,"column":8}}]},"17":{"line":271,"type":"if","locations":[{"start":{"line":271,"column":8},"end":{"line":271,"column":8}},{"start":{"line":271,"column":8},"end":{"line":271,"column":8}}]},"18":{"line":272,"type":"if","locations":[{"start":{"line":272,"column":8},"end":{"line":272,"column":8}},{"start":{"line":272,"column":8},"end":{"line":272,"column":8}}]},"19":{"line":280,"type":"if","locations":[{"start":{"line":280,"column":8},"end":{"line":280,"column":8}},{"start":{"line":280,"column":8},"end":{"line":280,"column":8}}]},"20":{"line":287,"type":"if","locations":[{"start":{"line":287,"column":8},"end":{"line":287,"column":8}},{"start":{"line":287,"column":8},"end":{"line":287,"column":8}}]},"21":{"line":288,"type":"if","locations":[{"start":{"line":288,"column":8},"end":{"line":288,"column":8}},{"start":{"line":288,"column":8},"end":{"line":288,"column":8}}]},"22":{"line":295,"type":"if","locations":[{"start":{"line":295,"column":8},"end":{"line":295,"column":8}},{"start":{"line":295,"column":8},"end":{"line":295,"column":8}}]},"23":{"line":302,"type":"if","locations":[{"start":{"line":302,"column":8},"end":{"line":302,"column":8}},{"start":{"line":302,"column":8},"end":{"line":302,"column":8}}]},"24":{"line":303,"type":"if","locations":[{"start":{"line":303,"column":8},"end":{"line":303,"column":8}},{"start":{"line":303,"column":8},"end":{"line":303,"column":8}}]},"25":{"line":305,"type":"if","locations":[{"start":{"line":305,"column":8},"end":{"line":305,"column":8}},{"start":{"line":305,"column":8},"end":{"line":305,"column":8}}]},"26":{"line":322,"type":"if","locations":[{"start":{"line":322,"column":8},"end":{"line":322,"column":8}},{"start":{"line":322,"column":8},"end":{"line":322,"column":8}}]},"27":{"line":323,"type":"if","locations":[{"start":{"line":323,"column":8},"end":{"line":323,"column":8}},{"start":{"line":323,"column":8},"end":{"line":323,"column":8}}]},"28":{"line":324,"type":"if","locations":[{"start":{"line":324,"column":8},"end":{"line":324,"column":8}},{"start":{"line":324,"column":8},"end":{"line":324,"column":8}}]},"29":{"line":325,"type":"if","locations":[{"start":{"line":325,"column":8},"end":{"line":325,"column":8}},{"start":{"line":325,"column":8},"end":{"line":325,"column":8}}]},"30":{"line":327,"type":"if","locations":[{"start":{"line":327,"column":8},"end":{"line":327,"column":8}},{"start":{"line":327,"column":8},"end":{"line":327,"column":8}}]},"31":{"line":343,"type":"if","locations":[{"start":{"line":343,"column":8},"end":{"line":343,"column":8}},{"start":{"line":343,"column":8},"end":{"line":343,"column":8}}]},"32":{"line":355,"type":"if","locations":[{"start":{"line":355,"column":8},"end":{"line":355,"column":8}},{"start":{"line":355,"column":8},"end":{"line":355,"column":8}}]},"33":{"line":356,"type":"if","locations":[{"start":{"line":356,"column":12},"end":{"line":356,"column":12}},{"start":{"line":356,"column":12},"end":{"line":356,"column":12}}]},"34":{"line":370,"type":"if","locations":[{"start":{"line":370,"column":8},"end":{"line":370,"column":8}},{"start":{"line":370,"column":8},"end":{"line":370,"column":8}}]},"35":{"line":382,"type":"if","locations":[{"start":{"line":382,"column":8},"end":{"line":382,"column":8}},{"start":{"line":382,"column":8},"end":{"line":382,"column":8}}]},"36":{"line":387,"type":"if","locations":[{"start":{"line":387,"column":15},"end":{"line":387,"column":15}},{"start":{"line":387,"column":15},"end":{"line":387,"column":15}}]}}},"contracts/LoanContractDispatcher.sol":{"l":{"22":15,"23":15,"27":36,"28":28,"44":28,"45":28,"46":28,"48":28,"49":28,"51":28,"52":28,"56":20,"60":10,"64":8,"68":4,"72":2,"76":4,"80":2,"84":10,"88":8,"98":15,"99":13,"103":7,"107":7,"112":7,"123":7,"125":7,"137":7},"path":"/home/sendra/Work/Hero/contracts-solidity/contracts/LoanContractDispatcher.sol","s":{"1":15,"2":36,"3":28,"4":28,"5":28,"6":28,"7":28,"8":28,"9":28,"10":20,"11":10,"12":8,"13":4,"14":2,"15":4,"16":2,"17":10,"18":8,"19":15,"20":13,"21":7,"22":7,"23":7,"24":7,"25":7,"26":7},"b":{"1":[15,0],"2":[28,8],"3":[8,2],"4":[2,2],"5":[2,2],"6":[8,2],"7":[13,2],"8":[7,6],"9":[7,0],"10":[7,0]},"f":{"1":15,"2":36,"3":28,"4":20,"5":10,"6":4,"7":4,"8":10,"9":15},"fnMap":{"1":{"name":"onlyKYC","line":21,"loc":{"start":{"line":21,"column":4},"end":{"line":21,"column":18}}},"2":{"name":"onlyAdmin","line":26,"loc":{"start":{"line":26,"column":4},"end":{"line":26,"column":22}}},"3":{"name":"constructor","line":43,"loc":{"start":{"line":43,"column":4},"end":{"line":43,"column":93}}},"4":{"name":"setAdministrator","line":55,"loc":{"start":{"line":55,"column":4},"end":{"line":55,"column":59}}},"5":{"name":"setFixedMinAmount","line":59,"loc":{"start":{"line":59,"column":4},"end":{"line":59,"column":64}}},"6":{"name":"setFixedMaxAmount","line":67,"loc":{"start":{"line":67,"column":4},"end":{"line":67,"column":64}}},"7":{"name":"setFixedMinInterest","line":75,"loc":{"start":{"line":75,"column":4},"end":{"line":75,"column":68}}},"8":{"name":"setFixedMaxInterest","line":83,"loc":{"start":{"line":83,"column":4},"end":{"line":83,"column":68}}},"9":{"name":"deploy","line":91,"loc":{"start":{"line":91,"column":4},"end":{"line":97,"column":40}}}},"statementMap":{"1":{"start":{"line":22,"column":8},"end":{"line":22,"column":73}},"2":{"start":{"line":27,"column":8},"end":{"line":27,"column":77}},"3":{"start":{"line":44,"column":8},"end":{"line":44,"column":40}},"4":{"start":{"line":45,"column":8},"end":{"line":45,"column":41}},"5":{"start":{"line":46,"column":8},"end":{"line":46,"column":41}},"6":{"start":{"line":48,"column":8},"end":{"line":48,"column":28}},"7":{"start":{"line":49,"column":8},"end":{"line":49,"column":31}},"8":{"start":{"line":51,"column":8},"end":{"line":51,"column":27}},"9":{"start":{"line":52,"column":8},"end":{"line":52,"column":30}},"10":{"start":{"line":56,"column":8},"end":{"line":56,"column":28}},"11":{"start":{"line":60,"column":8},"end":{"line":60,"column":1578}},"12":{"start":{"line":64,"column":8},"end":{"line":64,"column":33}},"13":{"start":{"line":68,"column":8},"end":{"line":68,"column":1836}},"14":{"start":{"line":72,"column":8},"end":{"line":72,"column":33}},"15":{"start":{"line":76,"column":8},"end":{"line":76,"column":2099}},"16":{"start":{"line":80,"column":8},"end":{"line":80,"column":37}},"17":{"start":{"line":84,"column":8},"end":{"line":84,"column":2373}},"18":{"start":{"line":88,"column":8},"end":{"line":88,"column":37}},"19":{"start":{"line":98,"column":8},"end":{"line":98,"column":76}},"20":{"start":{"line":99,"column":8},"end":{"line":99,"column":2872}},"21":{"start":{"line":103,"column":8},"end":{"line":103,"column":3039}},"22":{"start":{"line":107,"column":8},"end":{"line":107,"column":3206}},"23":{"start":{"line":112,"column":8},"end":{"line":112,"column":3372}},"24":{"start":{"line":123,"column":8},"end":{"line":123,"column":51}},"25":{"start":{"line":125,"column":8},"end":{"line":125,"column":3737}},"26":{"start":{"line":137,"column":8},"end":{"line":137,"column":36}}},"branchMap":{"1":{"line":22,"type":"if","locations":[{"start":{"line":22,"column":8},"end":{"line":22,"column":8}},{"start":{"line":22,"column":8},"end":{"line":22,"column":8}}]},"2":{"line":27,"type":"if","locations":[{"start":{"line":27,"column":8},"end":{"line":27,"column":8}},{"start":{"line":27,"column":8},"end":{"line":27,"column":8}}]},"3":{"line":60,"type":"if","locations":[{"start":{"line":60,"column":8},"end":{"line":60,"column":8}},{"start":{"line":60,"column":8},"end":{"line":60,"column":8}}]},"4":{"line":68,"type":"if","locations":[{"start":{"line":68,"column":8},"end":{"line":68,"column":8}},{"start":{"line":68,"column":8},"end":{"line":68,"column":8}}]},"5":{"line":76,"type":"if","locations":[{"start":{"line":76,"column":8},"end":{"line":76,"column":8}},{"start":{"line":76,"column":8},"end":{"line":76,"column":8}}]},"6":{"line":84,"type":"if","locations":[{"start":{"line":84,"column":8},"end":{"line":84,"column":8}},{"start":{"line":84,"column":8},"end":{"line":84,"column":8}}]},"7":{"line":98,"type":"if","locations":[{"start":{"line":98,"column":8},"end":{"line":98,"column":8}},{"start":{"line":98,"column":8},"end":{"line":98,"column":8}}]},"8":{"line":99,"type":"if","locations":[{"start":{"line":99,"column":8},"end":{"line":99,"column":8}},{"start":{"line":99,"column":8},"end":{"line":99,"column":8}}]},"9":{"line":103,"type":"if","locations":[{"start":{"line":103,"column":8},"end":{"line":103,"column":8}},{"start":{"line":103,"column":8},"end":{"line":103,"column":8}}]},"10":{"line":107,"type":"if","locations":[{"start":{"line":107,"column":8},"end":{"line":107,"column":8}},{"start":{"line":107,"column":8},"end":{"line":107,"column":8}}]}}},"contracts/LoanContractInterface.sol":{"l":{},"path":"/home/sendra/Work/Hero/contracts-solidity/contracts/LoanContractInterface.sol","s":{},"b":{},"f":{},"fnMap":{},"statementMap":{},"branchMap":{}},"contracts/Mocks/DAIFake.sol":{"l":{"14":2,"18":0,"22":0},"path":"/home/sendra/Work/Hero/contracts-solidity/contracts/Mocks/DAIFake.sol","s":{"1":2,"2":0,"3":0},"b":{},"f":{"1":2,"2":0,"3":0},"fnMap":{"1":{"name":"constructor","line":13,"loc":{"start":{"line":13,"column":4},"end":{"line":13,"column":22}}},"2":{"name":"transferFakeDAITokens","line":17,"loc":{"start":{"line":17,"column":4},"end":{"line":17,"column":67}}},"3":{"name":"transferAmountToAddress","line":21,"loc":{"start":{"line":21,"column":4},"end":{"line":21,"column":69}}}},"statementMap":{"1":{"start":{"line":14,"column":8},"end":{"line":14,"column":53}},"2":{"start":{"line":18,"column":8},"end":{"line":18,"column":61}},"3":{"start":{"line":22,"column":8},"end":{"line":22,"column":29}}},"branchMap":{}},"contracts/Mocks/DAIProxyMock.sol":{"l":{"11":44,"14":32,"15":32,"17":32,"18":32,"20":32,"21":3,"24":32,"25":30,"26":29,"31":9,"32":9,"34":7,"35":7},"path":"/home/sendra/Work/Hero/contracts-solidity/contracts/Mocks/DAIProxyMock.sol","s":{"1":44,"2":32,"3":32,"4":32,"5":32,"6":32,"7":3,"8":32,"9":30,"10":29,"11":9,"12":9,"13":7,"14":7},"b":{"1":[3,29],"2":[29,1],"3":[7,0]},"f":{"1":44,"2":32,"3":9},"fnMap":{"1":{"name":"constructor","line":10,"loc":{"start":{"line":10,"column":4},"end":{"line":10,"column":40}}},"2":{"name":"fund","line":13,"loc":{"start":{"line":13,"column":4},"end":{"line":13,"column":66}}},"3":{"name":"repay","line":30,"loc":{"start":{"line":30,"column":4},"end":{"line":30,"column":69}}}},"statementMap":{"1":{"start":{"line":11,"column":8},"end":{"line":11,"column":35}},"2":{"start":{"line":14,"column":8},"end":{"line":14,"column":48}},"3":{"start":{"line":15,"column":8},"end":{"line":15,"column":79}},"4":{"start":{"line":17,"column":8},"end":{"line":17,"column":65}},"5":{"start":{"line":18,"column":8},"end":{"line":18,"column":55}},"6":{"start":{"line":20,"column":8},"end":{"line":20,"column":664}},"7":{"start":{"line":21,"column":12},"end":{"line":21,"column":56}},"8":{"start":{"line":24,"column":8},"end":{"line":24,"column":87}},"9":{"start":{"line":25,"column":8},"end":{"line":25,"column":881}},"10":{"start":{"line":26,"column":12},"end":{"line":26,"column":75}},"11":{"start":{"line":31,"column":8},"end":{"line":31,"column":79}},"12":{"start":{"line":32,"column":8},"end":{"line":32,"column":88}},"13":{"start":{"line":34,"column":8},"end":{"line":34,"column":1257}},"14":{"start":{"line":35,"column":12},"end":{"line":35,"column":74}}},"branchMap":{"1":{"line":20,"type":"if","locations":[{"start":{"line":20,"column":8},"end":{"line":20,"column":8}},{"start":{"line":20,"column":8},"end":{"line":20,"column":8}}]},"2":{"line":25,"type":"if","locations":[{"start":{"line":25,"column":8},"end":{"line":25,"column":8}},{"start":{"line":25,"column":8},"end":{"line":25,"column":8}}]},"3":{"line":34,"type":"if","locations":[{"start":{"line":34,"column":8},"end":{"line":34,"column":8}},{"start":{"line":34,"column":8},"end":{"line":34,"column":8}}]}}},"contracts/Mocks/HeroFakeToken.sol":{"l":{"17":24,"21":110},"path":"/home/sendra/Work/Hero/contracts-solidity/contracts/Mocks/HeroFakeToken.sol","s":{"1":24,"2":110},"b":{},"f":{"1":99,"2":24,"3":110},"fnMap":{"1":{"name":"constructor","line":12,"loc":{"start":{"line":12,"column":4},"end":{"line":12,"column":22}}},"2":{"name":"transferFakeHeroTokens","line":16,"loc":{"start":{"line":16,"column":4},"end":{"line":16,"column":68}}},"3":{"name":"transferAmountToAddress","line":20,"loc":{"start":{"line":20,"column":4},"end":{"line":20,"column":69}}}},"statementMap":{"1":{"start":{"line":17,"column":8},"end":{"line":17,"column":60}},"2":{"start":{"line":21,"column":8},"end":{"line":21,"column":29}}},"branchMap":{}},"contracts/Mocks/HeroToken.sol":{"l":{"14":2,"20":38,"21":38,"28":0,"29":0,"38":0,"39":0,"42":76,"43":76,"44":76,"81":0,"82":0,"83":0,"84":0,"92":0,"111":0,"112":0,"113":0,"114":0,"115":0,"116":0,"117":0,"118":0,"131":0,"132":0,"133":0,"142":0,"151":0,"152":0,"153":0,"159":0,"160":0,"161":0,"163":0,"165":0,"166":0,"180":38,"181":38,"190":38,"191":38,"192":38,"193":38,"200":0,"201":0,"202":0,"217":0,"218":0,"224":0,"225":0,"231":0,"232":0,"233":0,"239":0,"240":0,"241":0,"251":0,"258":0,"272":2},"path":"/home/sendra/Work/Hero/contracts-solidity/contracts/Mocks/HeroToken.sol","s":{"1":2,"2":38,"3":0,"4":0,"5":0,"6":0,"7":76,"8":76,"9":76,"10":0,"11":0,"12":0,"13":0,"14":0,"15":0,"16":0,"17":0,"18":0,"19":0,"20":0,"21":0,"22":0,"23":0,"24":0,"25":0,"26":0,"27":0,"28":0,"29":0,"30":0,"31":0,"32":0,"33":0,"34":0,"35":0,"36":38,"37":38,"38":38,"39":38,"40":38,"41":0,"42":0,"43":0,"44":0,"45":0,"46":0,"47":0,"48":0,"49":0,"50":0,"51":0,"52":0,"53":0,"54":2},"b":{"1":[38,0],"2":[0,0],"3":[0,0],"4":[76,0],"5":[0,0],"6":[0,0],"7":[0,0],"8":[0,0],"9":[38,0],"10":[0,0],"11":[0,0]},"f":{"1":2,"2":38,"3":0,"4":0,"5":76,"6":0,"7":0,"8":0,"9":0,"10":0,"11":0,"12":0,"13":38,"14":38,"15":0,"16":0,"17":0,"18":0,"19":0,"20":0,"21":0,"22":2},"fnMap":{"1":{"name":"constructor","line":13,"loc":{"start":{"line":13,"column":4},"end":{"line":13,"column":22}}},"2":{"name":"onlyOwner","line":19,"loc":{"start":{"line":19,"column":4},"end":{"line":19,"column":22}}},"3":{"name":"transferOwnership","line":27,"loc":{"start":{"line":27,"column":4},"end":{"line":27,"column":65}}},"4":{"name":"sub","line":37,"loc":{"start":{"line":37,"column":4},"end":{"line":37,"column":68}}},"5":{"name":"add","line":41,"loc":{"start":{"line":41,"column":4},"end":{"line":41,"column":68}}},"6":{"name":"transfer","line":80,"loc":{"start":{"line":80,"column":4},"end":{"line":80,"column":70}}},"7":{"name":"balanceOf","line":91,"loc":{"start":{"line":91,"column":4},"end":{"line":91,"column":74}}},"8":{"name":"transferFrom","line":110,"loc":{"start":{"line":110,"column":4},"end":{"line":110,"column":89}}},"9":{"name":"approve","line":130,"loc":{"start":{"line":130,"column":4},"end":{"line":130,"column":74}}},"10":{"name":"allowance","line":141,"loc":{"start":{"line":141,"column":4},"end":{"line":141,"column":94}}},"11":{"name":"increaseApproval","line":150,"loc":{"start":{"line":150,"column":4},"end":{"line":150,"column":96}}},"12":{"name":"decreaseApproval","line":155,"loc":{"start":{"line":155,"column":4},"end":{"line":158,"column":5}}},"13":{"name":"canMint","line":179,"loc":{"start":{"line":179,"column":4},"end":{"line":179,"column":20}}},"14":{"name":"mint","line":189,"loc":{"start":{"line":189,"column":4},"end":{"line":189,"column":85}}},"15":{"name":"finishMinting","line":199,"loc":{"start":{"line":199,"column":4},"end":{"line":199,"column":58}}},"16":{"name":"whenNotPaused","line":216,"loc":{"start":{"line":216,"column":4},"end":{"line":216,"column":26}}},"17":{"name":"whenPaused","line":223,"loc":{"start":{"line":223,"column":4},"end":{"line":223,"column":21}}},"18":{"name":"pause","line":230,"loc":{"start":{"line":230,"column":4},"end":{"line":230,"column":64}}},"19":{"name":"unpause","line":238,"loc":{"start":{"line":238,"column":4},"end":{"line":238,"column":63}}},"20":{"name":"transfer","line":250,"loc":{"start":{"line":250,"column":4},"end":{"line":250,"column":84}}},"21":{"name":"transferFrom","line":253,"loc":{"start":{"line":253,"column":4},"end":{"line":257,"column":5}}},"22":{"name":"constructor","line":271,"loc":{"start":{"line":271,"column":4},"end":{"line":271,"column":22}}}},"statementMap":{"1":{"start":{"line":14,"column":8},"end":{"line":14,"column":25}},"2":{"start":{"line":20,"column":8},"end":{"line":20,"column":35}},"3":{"start":{"line":28,"column":8},"end":{"line":28,"column":38}},"4":{"start":{"line":29,"column":8},"end":{"line":29,"column":23}},"5":{"start":{"line":38,"column":8},"end":{"line":38,"column":21}},"6":{"start":{"line":39,"column":8},"end":{"line":39,"column":20}},"7":{"start":{"line":42,"column":8},"end":{"line":42,"column":25}},"8":{"start":{"line":43,"column":8},"end":{"line":43,"column":21}},"9":{"start":{"line":44,"column":8},"end":{"line":44,"column":16}},"10":{"start":{"line":81,"column":8},"end":{"line":81,"column":62}},"11":{"start":{"line":82,"column":8},"end":{"line":82,"column":48}},"12":{"start":{"line":83,"column":8},"end":{"line":83,"column":46}},"13":{"start":{"line":84,"column":8},"end":{"line":84,"column":19}},"14":{"start":{"line":92,"column":8},"end":{"line":92,"column":31}},"15":{"start":{"line":111,"column":8},"end":{"line":111,"column":33}},"16":{"start":{"line":112,"column":8},"end":{"line":112,"column":41}},"17":{"start":{"line":113,"column":8},"end":{"line":113,"column":52}},"18":{"start":{"line":114,"column":8},"end":{"line":114,"column":52}},"19":{"start":{"line":115,"column":8},"end":{"line":115,"column":48}},"20":{"start":{"line":116,"column":8},"end":{"line":116,"column":74}},"21":{"start":{"line":117,"column":8},"end":{"line":117,"column":41}},"22":{"start":{"line":118,"column":8},"end":{"line":118,"column":19}},"23":{"start":{"line":131,"column":8},"end":{"line":131,"column":45}},"24":{"start":{"line":132,"column":8},"end":{"line":132,"column":51}},"25":{"start":{"line":133,"column":8},"end":{"line":133,"column":19}},"26":{"start":{"line":142,"column":8},"end":{"line":142,"column":40}},"27":{"start":{"line":151,"column":8},"end":{"line":151,"column":85}},"28":{"start":{"line":152,"column":8},"end":{"line":152,"column":74}},"29":{"start":{"line":153,"column":8},"end":{"line":153,"column":19}},"30":{"start":{"line":159,"column":8},"end":{"line":159,"column":56}},"31":{"start":{"line":160,"column":8},"end":{"line":160,"column":6242}},"32":{"start":{"line":161,"column":12},"end":{"line":161,"column":44}},"33":{"start":{"line":163,"column":12},"end":{"line":163,"column":73}},"34":{"start":{"line":165,"column":8},"end":{"line":165,"column":74}},"35":{"start":{"line":166,"column":8},"end":{"line":166,"column":19}},"36":{"start":{"line":180,"column":8},"end":{"line":180,"column":32}},"37":{"start":{"line":190,"column":8},"end":{"line":190,"column":45}},"38":{"start":{"line":191,"column":8},"end":{"line":191,"column":49}},"39":{"start":{"line":192,"column":8},"end":{"line":192,"column":31}},"40":{"start":{"line":193,"column":8},"end":{"line":193,"column":19}},"41":{"start":{"line":200,"column":8},"end":{"line":200,"column":29}},"42":{"start":{"line":201,"column":8},"end":{"line":201,"column":27}},"43":{"start":{"line":202,"column":8},"end":{"line":202,"column":19}},"44":{"start":{"line":217,"column":8},"end":{"line":217,"column":23}},"45":{"start":{"line":224,"column":8},"end":{"line":224,"column":22}},"46":{"start":{"line":231,"column":8},"end":{"line":231,"column":20}},"47":{"start":{"line":232,"column":8},"end":{"line":232,"column":20}},"48":{"start":{"line":233,"column":8},"end":{"line":233,"column":19}},"49":{"start":{"line":239,"column":8},"end":{"line":239,"column":21}},"50":{"start":{"line":240,"column":8},"end":{"line":240,"column":22}},"51":{"start":{"line":241,"column":8},"end":{"line":241,"column":19}},"52":{"start":{"line":251,"column":8},"end":{"line":251,"column":34}},"53":{"start":{"line":258,"column":8},"end":{"line":258,"column":45}},"54":{"start":{"line":272,"column":8},"end":{"line":272,"column":40}}},"branchMap":{"1":{"line":20,"type":"if","locations":[{"start":{"line":20,"column":8},"end":{"line":20,"column":8}},{"start":{"line":20,"column":8},"end":{"line":20,"column":8}}]},"2":{"line":28,"type":"if","locations":[{"start":{"line":28,"column":8},"end":{"line":28,"column":8}},{"start":{"line":28,"column":8},"end":{"line":28,"column":8}}]},"3":{"line":38,"type":"if","locations":[{"start":{"line":38,"column":8},"end":{"line":38,"column":8}},{"start":{"line":38,"column":8},"end":{"line":38,"column":8}}]},"4":{"line":43,"type":"if","locations":[{"start":{"line":43,"column":8},"end":{"line":43,"column":8}},{"start":{"line":43,"column":8},"end":{"line":43,"column":8}}]},"5":{"line":111,"type":"if","locations":[{"start":{"line":111,"column":8},"end":{"line":111,"column":8}},{"start":{"line":111,"column":8},"end":{"line":111,"column":8}}]},"6":{"line":112,"type":"if","locations":[{"start":{"line":112,"column":8},"end":{"line":112,"column":8}},{"start":{"line":112,"column":8},"end":{"line":112,"column":8}}]},"7":{"line":113,"type":"if","locations":[{"start":{"line":113,"column":8},"end":{"line":113,"column":8}},{"start":{"line":113,"column":8},"end":{"line":113,"column":8}}]},"8":{"line":160,"type":"if","locations":[{"start":{"line":160,"column":8},"end":{"line":160,"column":8}},{"start":{"line":160,"column":8},"end":{"line":160,"column":8}}]},"9":{"line":180,"type":"if","locations":[{"start":{"line":180,"column":8},"end":{"line":180,"column":8}},{"start":{"line":180,"column":8},"end":{"line":180,"column":8}}]},"10":{"line":217,"type":"if","locations":[{"start":{"line":217,"column":8},"end":{"line":217,"column":8}},{"start":{"line":217,"column":8},"end":{"line":217,"column":8}}]},"11":{"line":224,"type":"if","locations":[{"start":{"line":224,"column":8},"end":{"line":224,"column":8}},{"start":{"line":224,"column":8},"end":{"line":224,"column":8}}]}}},"contracts/Mocks/LoanContractMock.sol":{"l":{"17":0,"21":3,"22":3,"23":3,"31":5,"32":5,"33":5,"37":0,"41":0,"45":0,"49":0,"50":0,"53":3,"56":3},"path":"/home/sendra/Work/Hero/contracts-solidity/contracts/Mocks/LoanContractMock.sol","s":{"1":0,"2":3,"3":3,"4":3,"5":5,"6":0,"7":0,"8":0,"9":0,"10":3,"11":3},"b":{},"f":{"1":1,"2":0,"3":3,"4":0,"5":0,"6":5,"7":0,"8":0,"9":0,"10":0,"11":3,"12":3},"fnMap":{"1":{"name":"constructor","line":14,"loc":{"start":{"line":14,"column":4},"end":{"line":14,"column":22}}},"2":{"name":"getFundedAmount","line":16,"loc":{"start":{"line":16,"column":4},"end":{"line":16,"column":58}}},"3":{"name":"onFundingReceived","line":20,"loc":{"start":{"line":20,"column":4},"end":{"line":20,"column":82}}},"4":{"name":"withdrawRepayment","line":26,"loc":{"start":{"line":26,"column":4},"end":{"line":26,"column":37}}},"5":{"name":"withdrawLoan","line":28,"loc":{"start":{"line":28,"column":4},"end":{"line":28,"column":32}}},"6":{"name":"onRepaymentReceived","line":30,"loc":{"start":{"line":30,"column":4},"end":{"line":30,"column":82}}},"7":{"name":"getInterestRate","line":36,"loc":{"start":{"line":36,"column":4},"end":{"line":36,"column":58}}},"8":{"name":"getRepaymentStatus","line":40,"loc":{"start":{"line":40,"column":4},"end":{"line":40,"column":61}}},"9":{"name":"calculateValueWithInterest","line":44,"loc":{"start":{"line":44,"column":4},"end":{"line":44,"column":82}}},"10":{"name":"getLenderWithdrawnAmount","line":48,"loc":{"start":{"line":48,"column":4},"end":{"line":48,"column":81}}},"11":{"name":"getMaxAmount","line":52,"loc":{"start":{"line":52,"column":4},"end":{"line":52,"column":57}}},"12":{"name":"getAuctionBalance","line":55,"loc":{"start":{"line":55,"column":4},"end":{"line":55,"column":62}}}},"statementMap":{"1":{"start":{"line":17,"column":8},"end":{"line":17,"column":29}},"2":{"start":{"line":21,"column":8},"end":{"line":21,"column":40}},"3":{"start":{"line":22,"column":8},"end":{"line":22,"column":31}},"4":{"start":{"line":23,"column":8},"end":{"line":23,"column":19}},"5":{"start":{"line":33,"column":8},"end":{"line":33,"column":19}},"6":{"start":{"line":37,"column":8},"end":{"line":37,"column":16}},"7":{"start":{"line":41,"column":8},"end":{"line":41,"column":16}},"8":{"start":{"line":45,"column":8},"end":{"line":45,"column":20}},"9":{"start":{"line":50,"column":8},"end":{"line":50,"column":16}},"10":{"start":{"line":53,"column":8},"end":{"line":53,"column":18}},"11":{"start":{"line":56,"column":8},"end":{"line":56,"column":16}}},"branchMap":{}},"contracts/ReferralTracker.sol":{"l":{"28":4,"29":4,"33":2,"34":2,"38":1,"42":2,"44":2,"48":1,"49":1,"50":1,"52":1,"53":1,"55":1,"57":1,"61":2},"path":"/home/sendra/Work/Hero/contracts-solidity/contracts/ReferralTracker.sol","s":{"1":4,"2":4,"3":2,"4":1,"5":2,"6":2,"7":1,"8":1,"9":1,"10":1,"11":1,"12":1,"13":1,"14":2},"b":{"1":[2,0],"2":[1,0],"3":[1,0]},"f":{"1":4,"2":2,"3":1,"4":2,"5":1,"6":2},"fnMap":{"1":{"name":"constructor","line":27,"loc":{"start":{"line":27,"column":4},"end":{"line":27,"column":67}}},"2":{"name":"onlyRegistry","line":32,"loc":{"start":{"line":32,"column":4},"end":{"line":32,"column":25}}},"3":{"name":"addFunds","line":37,"loc":{"start":{"line":37,"column":4},"end":{"line":37,"column":52}}},"4":{"name":"registerReferral","line":41,"loc":{"start":{"line":41,"column":4},"end":{"line":41,"column":79}}},"5":{"name":"withdraw","line":47,"loc":{"start":{"line":47,"column":4},"end":{"line":47,"column":38}}},"6":{"name":"numReferrals","line":60,"loc":{"start":{"line":60,"column":4},"end":{"line":60,"column":67}}}},"statementMap":{"1":{"start":{"line":28,"column":8},"end":{"line":28,"column":41}},"2":{"start":{"line":29,"column":8},"end":{"line":29,"column":33}},"3":{"start":{"line":33,"column":8},"end":{"line":33,"column":81}},"4":{"start":{"line":38,"column":8},"end":{"line":38,"column":60}},"5":{"start":{"line":42,"column":8},"end":{"line":42,"column":73}},"6":{"start":{"line":44,"column":8},"end":{"line":44,"column":62}},"7":{"start":{"line":48,"column":8},"end":{"line":48,"column":75}},"8":{"start":{"line":49,"column":8},"end":{"line":49,"column":63}},"9":{"start":{"line":50,"column":8},"end":{"line":50,"column":72}},"10":{"start":{"line":52,"column":8},"end":{"line":52,"column":61}},"11":{"start":{"line":53,"column":8},"end":{"line":53,"column":41}},"12":{"start":{"line":55,"column":8},"end":{"line":55,"column":33}},"13":{"start":{"line":57,"column":8},"end":{"line":57,"column":86}},"14":{"start":{"line":61,"column":8},"end":{"line":61,"column":39}}},"branchMap":{"1":{"line":33,"type":"if","locations":[{"start":{"line":33,"column":8},"end":{"line":33,"column":8}},{"start":{"line":33,"column":8},"end":{"line":33,"column":8}}]},"2":{"line":48,"type":"if","locations":[{"start":{"line":48,"column":8},"end":{"line":48,"column":8}},{"start":{"line":48,"column":8},"end":{"line":48,"column":8}}]},"3":{"line":52,"type":"if","locations":[{"start":{"line":52,"column":8},"end":{"line":52,"column":8}},{"start":{"line":52,"column":8},"end":{"line":52,"column":8}}]}}}}