TN:
SF:/home/sendra/Work/Hero/contracts-solidity/contracts/Authorization.sol
FN:11,constructor
FN:16,hasDeposited
FN:20,isKYCConfirmed
FNF:3
FNH:3
FNDA:10,constructor
FNDA:32,hasDeposited
FNDA:60,isKYCConfirmed
DA:12,10
DA:13,10
DA:17,32
DA:21,60
LF:4
LH:4
BRF:0
BRH:0
end_of_record
TN:
SF:/home/sendra/Work/Hero/contracts-solidity/contracts/DAIProxy.sol
FN:15,constructor
FN:20,fund
FN:42,repay
FN:51,transfer
FN:58,onlyKYCanFund
FN:63,onlyHasDepositCanFund
FNF:6
FNH:6
FNDA:10,constructor
FNDA:13,fund
FNDA:7,repay
FNDA:20,transfer
FNDA:20,onlyKYCanFund
FNDA:13,onlyHasDepositCanFund
DA:16,10
DA:17,10
DA:25,13
DA:26,13
DA:28,13
DA:29,13
DA:31,13
DA:32,2
DA:35,13
DA:36,13
DA:37,13
DA:43,7
DA:44,7
DA:46,7
DA:47,7
DA:52,20
DA:53,16
DA:54,16
DA:55,16
DA:59,20
DA:60,20
DA:64,13
DA:65,13
LF:23
LH:23
BRDA:31,1,0,2
BRDA:31,1,1,11
BRDA:36,2,0,13
BRDA:36,2,1,0
BRDA:46,3,0,7
BRDA:46,3,1,0
BRDA:52,4,0,16
BRDA:52,4,1,4
BRDA:54,5,0,16
BRDA:54,5,1,0
BRDA:59,6,0,20
BRDA:59,6,1,0
BRDA:64,7,0,13
BRDA:64,7,1,0
BRF:14
BRH:9
end_of_record
TN:
SF:/home/sendra/Work/Hero/contracts-solidity/contracts/DAIProxyInterface.sol
FNF:0
FNH:0
LF:0
LH:0
BRF:0
BRH:0
end_of_record
TN:
SF:/home/sendra/Work/Hero/contracts-solidity/contracts/DepositRegistry.sol
FN:21,onlyAdmin
FN:30,constructor
FN:35,setReferralTracker
FN:39,setAdministrator
FN:43,depositFor
FN:56,depositForWithReferral
FN:75,withdraw
FN:87,unlockAddressForWithdrawal
FN:93,hasDeposited
FN:97,isUnlocked
FNF:10
FNH:10
FNDA:6,onlyAdmin
FNDA:39,constructor
FNDA:16,setReferralTracker
FNDA:6,setAdministrator
FNDA:45,depositFor
FNDA:17,depositForWithReferral
FNDA:6,withdraw
FNDA:4,unlockAddressForWithdrawal
FNDA:40,hasDeposited
FNDA:1,isUnlocked
DA:22,6
DA:23,4
DA:31,39
DA:32,39
DA:36,16
DA:40,6
DA:44,45
DA:45,39
DA:50,37
DA:51,37
DA:53,37
DA:57,17
DA:58,17
DA:59,15
DA:60,13
DA:64,11
DA:66,9
DA:68,9
DA:70,7
DA:72,7
DA:76,6
DA:77,4
DA:82,2
DA:83,2
DA:84,2
DA:88,4
DA:89,2
DA:90,2
DA:94,40
DA:98,1
LF:30
LH:30
BRDA:22,1,0,4
BRDA:22,1,1,2
BRDA:44,2,0,39
BRDA:44,2,1,6
BRDA:45,3,0,37
BRDA:45,3,1,2
BRDA:57,4,0,17
BRDA:57,4,1,0
BRDA:58,5,0,15
BRDA:58,5,1,2
BRDA:59,6,0,13
BRDA:59,6,1,2
BRDA:60,7,0,11
BRDA:60,7,1,2
BRDA:64,8,0,9
BRDA:64,8,1,2
BRDA:76,9,0,4
BRDA:76,9,1,2
BRDA:77,10,0,2
BRDA:77,10,1,2
BRDA:88,11,0,2
BRDA:88,11,1,2
BRF:22
BRH:21
end_of_record
TN:
SF:/home/sendra/Work/Hero/contracts-solidity/contracts/KYCRegistry.sol
FN:9,onlyAdmin
FN:17,isConfirmed
FN:21,setAdministrator
FN:25,removeAddressFromKYC
FN:31,addAddressToKYC
FNF:5
FNH:5
FNDA:82,onlyAdmin
FNDA:103,isConfirmed
FNDA:19,setAdministrator
FNDA:3,removeAddressFromKYC
FNDA:75,addAddressToKYC
DA:10,82
DA:11,78
DA:18,103
DA:22,19
DA:26,3
DA:27,1
DA:28,1
DA:32,75
DA:33,71
DA:34,71
LF:10
LH:10
BRDA:10,1,0,78
BRDA:10,1,1,4
BRDA:26,2,0,1
BRDA:26,2,1,2
BRDA:32,3,0,71
BRDA:32,3,1,4
BRF:6
BRH:6
end_of_record
TN:
SF:/home/sendra/Work/Hero/contracts-solidity/contracts/LoanContract.sol
FN:102,onlyFrozen
FN:107,onlyAdmin
FN:112,onlyCreated
FN:117,onlyActive
FN:123,onlyRepaid
FN:129,onlyFailedToFund
FN:135,onlyProxy
FN:140,onlyOriginator
FN:145,constructor
FN:186,onFundingReceived
FN:247,unlockFundsWithdrawal
FN:251,withdrawFundsUnlocked
FN:275,withdrawRefund
FN:291,withdrawRepayment
FN:306,withdrawLoan
FN:320,onRepaymentReceived
FN:342,isAuctionExpired
FN:346,isDefaulted
FN:354,setState
FN:358,updateStateMachine
FN:381,calculateValueWithInterest
FN:385,getInterestRate
FN:401,getMaxAmount
FN:405,getAuctionBalance
FN:409,getLenderBidAmount
FN:413,getLenderWithdrawn
FNF:26
FNH:26
FNDA:4,onlyFrozen
FNDA:8,onlyAdmin
FNDA:44,onlyCreated
FNDA:41,onlyActive
FNDA:24,onlyRepaid
FNDA:12,onlyFailedToFund
FNDA:55,onlyProxy
FNDA:16,onlyOriginator
FNDA:55,constructor
FNDA:40,onFundingReceived
FNDA:6,unlockFundsWithdrawal
FNDA:2,withdrawFundsUnlocked
FNDA:2,withdrawRefund
FNDA:12,withdrawRepayment
FNDA:16,withdrawLoan
FNDA:13,onRepaymentReceived
FNDA:132,isAuctionExpired
FNDA:118,isDefaulted
FNDA:122,setState
FNDA:90,updateStateMachine
FNDA:56,calculateValueWithInterest
FNDA:100,getInterestRate
FNDA:42,getMaxAmount
FNDA:42,getAuctionBalance
FNDA:15,getLenderBidAmount
FNDA:8,getLenderWithdrawn
DA:103,4
DA:104,2
DA:108,8
DA:109,6
DA:113,44
DA:114,42
DA:118,41
DA:119,41
DA:120,29
DA:124,24
DA:125,24
DA:126,12
DA:130,12
DA:131,12
DA:132,2
DA:136,55
DA:137,53
DA:141,16
DA:142,16
DA:156,55
DA:157,55
DA:158,55
DA:159,55
DA:161,55
DA:162,55
DA:163,55
DA:165,55
DA:166,55
DA:167,55
DA:169,55
DA:171,55
DA:172,55
DA:192,40
DA:193,1
DA:194,1
DA:195,1
DA:196,1
DA:198,0
DA:199,0
DA:200,0
DA:201,0
DA:208,0
DA:212,39
DA:213,39
DA:215,39
DA:216,39
DA:217,39
DA:219,39
DA:220,27
DA:221,27
DA:222,27
DA:224,12
DA:227,39
DA:228,26
DA:229,26
DA:236,26
DA:244,39
DA:248,6
DA:252,2
DA:253,2
DA:254,2
DA:256,2
DA:258,2
DA:260,2
DA:266,2
DA:267,2
DA:268,2
DA:276,2
DA:277,2
DA:279,2
DA:281,2
DA:283,2
DA:285,2
DA:286,2
DA:287,2
DA:292,12
DA:293,12
DA:294,10
DA:295,10
DA:296,10
DA:298,10
DA:300,10
DA:301,5
DA:302,5
DA:307,16
DA:309,14
DA:310,0
DA:311,0
DA:312,0
DA:315,14
DA:316,14
DA:317,14
DA:326,13
DA:327,13
DA:328,11
DA:329,11
DA:331,11
DA:332,0
DA:333,0
DA:334,0
DA:337,11
DA:338,11
DA:339,11
DA:343,132
DA:347,118
DA:348,108
DA:351,10
DA:355,122
DA:359,90
DA:360,12
DA:361,11
DA:363,1
DA:364,1
DA:365,1
DA:374,90
DA:375,2
DA:378,90
DA:382,56
DA:386,100
DA:387,81
DA:392,19
DA:397,0
DA:402,42
DA:406,42
DA:410,15
DA:414,8
LF:126
LH:114
BRDA:103,1,0,2
BRDA:103,1,1,2
BRDA:108,2,0,6
BRDA:108,2,1,2
BRDA:113,3,0,42
BRDA:113,3,1,2
BRDA:119,4,0,29
BRDA:119,4,1,12
BRDA:125,5,0,12
BRDA:125,5,1,12
BRDA:131,6,0,2
BRDA:131,6,1,10
BRDA:136,7,0,53
BRDA:136,7,1,2
BRDA:141,8,0,16
BRDA:141,8,1,0
BRDA:192,9,0,1
BRDA:192,9,1,39
BRDA:193,10,0,1
BRDA:193,10,1,0
BRDA:219,11,0,27
BRDA:219,11,1,12
BRDA:227,12,0,26
BRDA:227,12,1,13
BRDA:252,13,0,2
BRDA:252,13,1,0
BRDA:253,14,0,2
BRDA:253,14,1,0
BRDA:254,15,0,2
BRDA:254,15,1,0
BRDA:266,16,0,2
BRDA:266,16,1,0
BRDA:276,17,0,2
BRDA:276,17,1,0
BRDA:277,18,0,2
BRDA:277,18,1,0
BRDA:285,19,0,2
BRDA:285,19,1,0
BRDA:292,20,0,12
BRDA:292,20,1,0
BRDA:293,21,0,10
BRDA:293,21,1,2
BRDA:300,22,0,5
BRDA:300,22,1,5
BRDA:307,23,0,14
BRDA:307,23,1,2
BRDA:309,24,0,0
BRDA:309,24,1,14
BRDA:326,25,0,13
BRDA:326,25,1,0
BRDA:327,26,0,11
BRDA:327,26,1,2
BRDA:328,27,0,11
BRDA:328,27,1,0
BRDA:329,28,0,11
BRDA:329,28,1,0
BRDA:331,29,0,0
BRDA:331,29,1,11
BRDA:347,30,0,108
BRDA:347,30,1,10
BRDA:359,31,0,12
BRDA:359,31,1,78
BRDA:360,32,0,11
BRDA:360,32,1,1
BRDA:374,33,0,2
BRDA:374,33,1,88
BRDA:386,34,0,81
BRDA:386,34,1,19
BRDA:391,35,0,19
BRDA:391,35,1,0
BRF:70
BRH:54
end_of_record
TN:
SF:/home/sendra/Work/Hero/contracts-solidity/contracts/LoanContractDispatcher.sol
FN:21,onlyKYC
FN:26,onlyAdmin
FN:43,constructor
FN:55,setAdministrator
FN:59,setMinAmount
FN:67,setMaxAmount
FN:75,setMinInterestRate
FN:83,setMaxInterestRate
FN:91,deploy
FNF:9
FNH:9
FNDA:15,onlyKYC
FNDA:36,onlyAdmin
FNDA:28,constructor
FNDA:21,setAdministrator
FNDA:10,setMinAmount
FNDA:4,setMaxAmount
FNDA:4,setMinInterestRate
FNDA:10,setMaxInterestRate
FNDA:15,deploy
DA:22,15
DA:23,15
DA:27,36
DA:28,28
DA:44,28
DA:45,28
DA:46,28
DA:48,28
DA:49,28
DA:51,28
DA:52,28
DA:56,21
DA:60,10
DA:64,8
DA:68,4
DA:72,2
DA:76,4
DA:80,2
DA:84,10
DA:88,8
DA:98,15
DA:99,13
DA:105,11
DA:111,9
DA:116,7
DA:127,7
DA:129,7
DA:141,7
LF:28
LH:28
BRDA:22,1,0,15
BRDA:22,1,1,0
BRDA:27,2,0,28
BRDA:27,2,1,8
BRDA:60,3,0,8
BRDA:60,3,1,2
BRDA:68,4,0,2
BRDA:68,4,1,2
BRDA:76,5,0,2
BRDA:76,5,1,2
BRDA:84,6,0,8
BRDA:84,6,1,2
BRDA:98,7,0,13
BRDA:98,7,1,2
BRDA:99,8,0,11
BRDA:99,8,1,2
BRDA:105,9,0,9
BRDA:105,9,1,2
BRDA:111,10,0,7
BRDA:111,10,1,2
BRF:20
BRH:19
end_of_record
TN:
SF:/home/sendra/Work/Hero/contracts-solidity/contracts/LoanContractInterface.sol
FNF:0
FNH:0
LF:0
LH:0
BRF:0
BRH:0
end_of_record
TN:
SF:/home/sendra/Work/Hero/contracts-solidity/contracts/Mocks/DAIFake.sol
FN:13,constructor
FN:17,transferFakeDAITokens
FN:21,transferAmountToAddress
FNF:3
FNH:1
FNDA:2,constructor
FNDA:0,transferFakeDAITokens
FNDA:0,transferAmountToAddress
DA:14,2
DA:18,0
DA:22,0
LF:3
LH:1
BRF:0
BRH:0
end_of_record
TN:
SF:/home/sendra/Work/Hero/contracts-solidity/contracts/Mocks/DAIProxyMock.sol
FN:10,constructor
FN:13,fund
FN:30,repay
FNF:3
FNH:3
FNDA:46,constructor
FNDA:32,fund
FNDA:9,repay
DA:11,46
DA:14,32
DA:15,32
DA:17,32
DA:18,32
DA:20,32
DA:21,3
DA:24,32
DA:25,30
DA:26,29
DA:31,9
DA:32,9
DA:34,7
DA:35,7
LF:14
LH:14
BRDA:20,1,0,3
BRDA:20,1,1,29
BRDA:25,2,0,29
BRDA:25,2,1,1
BRDA:34,3,0,7
BRDA:34,3,1,0
BRF:6
BRH:5
end_of_record
TN:
SF:/home/sendra/Work/Hero/contracts-solidity/contracts/Mocks/HeroFakeToken.sol
FN:12,constructor
FN:16,transferFakeHeroTokens
FN:20,transferAmountToAddress
FNF:3
FNH:3
FNDA:64,constructor
FNDA:63,transferFakeHeroTokens
FNDA:114,transferAmountToAddress
DA:17,63
DA:21,114
LF:2
LH:2
BRF:0
BRH:0
end_of_record
TN:
SF:/home/sendra/Work/Hero/contracts-solidity/contracts/Mocks/HeroToken.sol
FN:13,constructor
FN:19,onlyOwner
FN:27,transferOwnership
FN:37,sub
FN:41,add
FN:80,transfer
FN:91,balanceOf
FN:110,transferFrom
FN:130,approve
FN:141,allowance
FN:150,increaseApproval
FN:155,decreaseApproval
FN:179,canMint
FN:189,mint
FN:199,finishMinting
FN:216,whenNotPaused
FN:223,whenPaused
FN:230,pause
FN:238,unpause
FN:250,transfer
FN:253,transferFrom
FN:271,constructor
FNF:22
FNH:6
FNDA:2,constructor
FNDA:38,onlyOwner
FNDA:0,transferOwnership
FNDA:0,sub
FNDA:76,add
FNDA:0,transfer
FNDA:0,balanceOf
FNDA:0,transferFrom
FNDA:0,approve
FNDA:0,allowance
FNDA:0,increaseApproval
FNDA:0,decreaseApproval
FNDA:38,canMint
FNDA:38,mint
FNDA:0,finishMinting
FNDA:0,whenNotPaused
FNDA:0,whenPaused
FNDA:0,pause
FNDA:0,unpause
FNDA:0,transfer
FNDA:0,transferFrom
FNDA:2,constructor
DA:14,2
DA:20,38
DA:21,38
DA:28,0
DA:29,0
DA:38,0
DA:39,0
DA:42,76
DA:43,76
DA:44,76
DA:81,0
DA:82,0
DA:83,0
DA:84,0
DA:92,0
DA:111,0
DA:112,0
DA:113,0
DA:114,0
DA:115,0
DA:116,0
DA:117,0
DA:118,0
DA:131,0
DA:132,0
DA:133,0
DA:142,0
DA:151,0
DA:152,0
DA:153,0
DA:159,0
DA:160,0
DA:161,0
DA:163,0
DA:165,0
DA:166,0
DA:180,38
DA:181,38
DA:190,38
DA:191,38
DA:192,38
DA:193,38
DA:200,0
DA:201,0
DA:202,0
DA:217,0
DA:218,0
DA:224,0
DA:225,0
DA:231,0
DA:232,0
DA:233,0
DA:239,0
DA:240,0
DA:241,0
DA:251,0
DA:258,0
DA:272,2
LF:58
LH:13
BRDA:20,1,0,38
BRDA:20,1,1,0
BRDA:28,2,0,0
BRDA:28,2,1,0
BRDA:38,3,0,0
BRDA:38,3,1,0
BRDA:43,4,0,76
BRDA:43,4,1,0
BRDA:111,5,0,0
BRDA:111,5,1,0
BRDA:112,6,0,0
BRDA:112,6,1,0
BRDA:113,7,0,0
BRDA:113,7,1,0
BRDA:160,8,0,0
BRDA:160,8,1,0
BRDA:180,9,0,38
BRDA:180,9,1,0
BRDA:217,10,0,0
BRDA:217,10,1,0
BRDA:224,11,0,0
BRDA:224,11,1,0
BRF:22
BRH:3
end_of_record
TN:
SF:/home/sendra/Work/Hero/contracts-solidity/contracts/Mocks/LoanContractMock.sol
FN:14,constructor
FN:16,getFundedAmount
FN:20,onFundingReceived
FN:26,withdrawRepayment
FN:28,withdrawLoan
FN:30,onRepaymentReceived
FN:36,getInterestRate
FN:40,getRepaymentStatus
FN:44,calculateValueWithInterest
FN:48,getLenderWithdrawnAmount
FN:52,getMaxAmount
FN:55,getAuctionBalance
FNF:12
FNH:5
FNDA:1,constructor
FNDA:0,getFundedAmount
FNDA:3,onFundingReceived
FNDA:0,withdrawRepayment
FNDA:0,withdrawLoan
FNDA:3,onRepaymentReceived
FNDA:0,getInterestRate
FNDA:0,getRepaymentStatus
FNDA:0,calculateValueWithInterest
FNDA:0,getLenderWithdrawnAmount
FNDA:3,getMaxAmount
FNDA:3,getAuctionBalance
DA:17,0
DA:21,3
DA:22,3
DA:23,3
DA:31,3
DA:32,3
DA:33,3
DA:37,0
DA:41,0
DA:45,0
DA:49,0
DA:50,0
DA:53,3
DA:56,3
LF:14
LH:8
BRF:0
BRH:0
end_of_record
TN:
SF:/home/sendra/Work/Hero/contracts-solidity/contracts/ReferralTracker.sol
FN:31,constructor
FN:36,onlyRegistry
FN:41,onlyAdmin
FN:46,setAdministrator
FN:50,addFunds
FN:55,removeFunds
FN:62,registerReferral
FN:68,withdraw
FNF:8
FNH:8
FNDA:26,constructor
FNDA:11,onlyRegistry
FNDA:15,onlyAdmin
FNDA:11,setAdministrator
FNDA:5,addFunds
FNDA:4,removeFunds
FNDA:7,registerReferral
FNDA:6,withdraw
DA:32,26
DA:33,26
DA:37,11
DA:38,9
DA:42,15
DA:43,11
DA:47,11
DA:51,5
DA:52,5
DA:56,4
DA:57,4
DA:58,2
DA:59,2
DA:63,7
DA:65,7
DA:69,6
DA:70,4
DA:71,4
DA:73,4
DA:74,2
DA:76,2
DA:78,2
LF:22
LH:22
BRDA:37,1,0,9
BRDA:37,1,1,2
BRDA:42,2,0,11
BRDA:42,2,1,4
BRDA:57,3,0,2
BRDA:57,3,1,2
BRDA:69,4,0,4
BRDA:69,4,1,2
BRDA:73,5,0,2
BRDA:73,5,1,2
BRF:10
BRH:10
end_of_record
