TN:
SF:/home/sendra/Work/Hero/contracts-solidity/contracts/Authorization.sol
FN:11,constructor
FN:16,hasDeposited
FN:20,isKYCConfirmed
FNF:3
FNH:3
FNDA:32,constructor
FNDA:42,hasDeposited
FNDA:72,isKYCConfirmed
DA:12,32
DA:13,32
DA:17,42
DA:21,72
LF:4
LH:4
BRF:0
BRH:0
end_of_record
TN:
SF:/home/sendra/Work/Hero/contracts-solidity/contracts/DAIProxy.sol
FN:15,constructor
FN:20,fund
FN:42,repay
FN:51,transfer
FN:58,onlyKYCanFund
FN:63,onlyHasDepositCanFund
FNF:6
FNH:6
FNDA:32,constructor
FNDA:11,fund
FNDA:7,repay
FNDA:18,transfer
FNDA:24,onlyKYCanFund
FNDA:11,onlyHasDepositCanFund
DA:16,32
DA:17,32
DA:25,11
DA:26,11
DA:28,11
DA:29,11
DA:31,11
DA:32,2
DA:35,11
DA:36,11
DA:37,11
DA:43,7
DA:44,7
DA:46,7
DA:47,7
DA:52,18
DA:53,14
DA:54,14
DA:55,14
DA:59,24
DA:60,18
DA:64,11
DA:65,11
LF:23
LH:23
BRDA:31,1,0,2
BRDA:31,1,1,9
BRDA:36,2,0,11
BRDA:36,2,1,0
BRDA:46,3,0,7
BRDA:46,3,1,0
BRDA:52,4,0,14
BRDA:52,4,1,4
BRDA:54,5,0,14
BRDA:54,5,1,0
BRDA:59,6,0,18
BRDA:59,6,1,6
BRDA:64,7,0,11
BRDA:64,7,1,0
BRF:14
BRH:10
end_of_record
TN:
SF:/home/sendra/Work/Hero/contracts-solidity/contracts/DAIProxyInterface.sol
FNF:0
FNH:0
LF:0
LH:0
BRF:0
BRH:0
end_of_record
TN:
SF:/home/sendra/Work/Hero/contracts-solidity/contracts/DepositRegistry.sol
FN:20,constructor
FN:25,setReferralTracker
FN:29,depositFor
FN:43,depositForWithReferral
FN:60,withdraw
FN:68,hasDeposited
FNF:6
FNH:6
FNDA:37,constructor
FNDA:3,setReferralTracker
FNDA:21,depositFor
FNDA:2,depositForWithReferral
FNDA:4,withdraw
FNDA:44,hasDeposited
DA:21,37
DA:22,37
DA:26,3
DA:30,21
DA:31,21
DA:36,21
DA:37,21
DA:39,21
DA:40,21
DA:44,2
DA:45,2
DA:49,2
DA:51,2
DA:52,2
DA:54,2
DA:56,2
DA:57,2
DA:61,4
DA:62,2
DA:64,0
DA:65,0
DA:66,0
DA:69,44
LF:23
LH:20
BRDA:30,1,0,21
BRDA:30,1,1,0
BRDA:31,2,0,21
BRDA:31,2,1,0
BRDA:44,3,0,2
BRDA:44,3,1,0
BRDA:45,4,0,2
BRDA:45,4,1,0
BRDA:49,5,0,2
BRDA:49,5,1,0
BRDA:61,6,0,2
BRDA:61,6,1,2
BRDA:62,7,0,0
BRDA:62,7,1,2
BRF:14
BRH:8
end_of_record
TN:
SF:/home/sendra/Work/Hero/contracts-solidity/contracts/KYCRegistry.sol
FN:11,remove
FN:16,add
FN:21,isConfirmed
FNF:3
FNH:2
FNDA:0,remove
FNDA:78,add
FNDA:112,isConfirmed
DA:12,0
DA:13,0
DA:17,78
DA:18,78
DA:22,112
LF:5
LH:3
BRF:0
BRH:0
end_of_record
TN:
SF:/home/sendra/Work/Hero/contracts-solidity/contracts/LoanContract.sol
FN:95,onlyAdmin
FN:100,onlyCreated
FN:105,onlyActive
FN:111,onlyRepaid
FN:117,onlyFailedToFund
FN:123,onlyProxy
FN:128,onlyOriginator
FN:133,constructor
FN:174,onFundingReceived
FN:238,withdrawRefund
FN:254,withdrawRepayment
FN:269,withdrawLoan
FN:283,onRepaymentReceived
FN:305,isAuctionExpired
FN:309,isDefaulted
FN:317,setState
FN:321,updateStateMachine
FN:344,calculateValueWithInterest
FN:348,getInterestRate
FN:364,getMaxAmount
FN:368,getAuctionBalance
FN:372,getLenderBidAmount
FN:376,getLenderWithdrawn
FNF:23
FNH:19
FNDA:0,onlyAdmin
FNDA:19,onlyCreated
FNDA:11,onlyActive
FNDA:8,onlyRepaid
FNDA:0,onlyFailedToFund
FNDA:22,onlyProxy
FNDA:6,onlyOriginator
FNDA:17,constructor
FNDA:17,onFundingReceived
FNDA:0,withdrawRefund
FNDA:8,withdrawRepayment
FNDA:6,withdrawLoan
FNDA:5,onRepaymentReceived
FNDA:42,isAuctionExpired
FNDA:36,isDefaulted
FNDA:40,setState
FNDA:25,updateStateMachine
FNDA:30,calculateValueWithInterest
FNDA:47,getInterestRate
FNDA:19,getMaxAmount
FNDA:19,getAuctionBalance
FNDA:1,getLenderBidAmount
FNDA:0,getLenderWithdrawn
DA:96,0
DA:97,0
DA:101,19
DA:102,17
DA:106,11
DA:107,11
DA:108,11
DA:112,8
DA:113,8
DA:114,8
DA:118,0
DA:119,0
DA:120,0
DA:124,22
DA:125,22
DA:129,6
DA:130,6
DA:144,17
DA:145,17
DA:146,17
DA:147,17
DA:149,17
DA:150,17
DA:151,17
DA:153,17
DA:154,17
DA:155,17
DA:157,17
DA:159,17
DA:160,17
DA:180,17
DA:181,1
DA:182,1
DA:183,1
DA:184,1
DA:186,0
DA:187,0
DA:188,0
DA:189,0
DA:196,0
DA:200,16
DA:201,16
DA:203,16
DA:204,16
DA:205,16
DA:207,16
DA:208,11
DA:209,11
DA:210,11
DA:212,5
DA:215,16
DA:216,10
DA:217,10
DA:224,10
DA:232,16
DA:239,0
DA:240,0
DA:242,0
DA:244,0
DA:246,0
DA:248,0
DA:249,0
DA:250,0
DA:255,8
DA:256,8
DA:257,8
DA:258,8
DA:259,8
DA:261,8
DA:263,8
DA:264,3
DA:265,3
DA:270,6
DA:272,6
DA:273,0
DA:274,0
DA:275,0
DA:278,6
DA:279,6
DA:280,6
DA:289,5
DA:290,5
DA:291,5
DA:292,5
DA:294,5
DA:295,0
DA:296,0
DA:297,0
DA:300,5
DA:301,5
DA:302,5
DA:306,42
DA:310,36
DA:311,35
DA:314,1
DA:318,40
DA:322,25
DA:323,3
DA:324,2
DA:326,1
DA:327,1
DA:328,1
DA:337,25
DA:338,1
DA:341,25
DA:345,30
DA:349,47
DA:350,32
DA:355,15
DA:360,0
DA:365,19
DA:369,19
DA:373,1
DA:377,0
LF:114
LH:88
BRDA:96,1,0,0
BRDA:96,1,1,0
BRDA:101,2,0,17
BRDA:101,2,1,2
BRDA:107,3,0,11
BRDA:107,3,1,0
BRDA:113,4,0,8
BRDA:113,4,1,0
BRDA:119,5,0,0
BRDA:119,5,1,0
BRDA:124,6,0,22
BRDA:124,6,1,0
BRDA:129,7,0,6
BRDA:129,7,1,0
BRDA:180,8,0,1
BRDA:180,8,1,16
BRDA:181,9,0,1
BRDA:181,9,1,0
BRDA:207,10,0,11
BRDA:207,10,1,5
BRDA:215,11,0,10
BRDA:215,11,1,6
BRDA:239,12,0,0
BRDA:239,12,1,0
BRDA:240,13,0,0
BRDA:240,13,1,0
BRDA:248,14,0,0
BRDA:248,14,1,0
BRDA:255,15,0,8
BRDA:255,15,1,0
BRDA:256,16,0,8
BRDA:256,16,1,0
BRDA:263,17,0,3
BRDA:263,17,1,5
BRDA:270,18,0,6
BRDA:270,18,1,0
BRDA:272,19,0,0
BRDA:272,19,1,6
BRDA:289,20,0,5
BRDA:289,20,1,0
BRDA:290,21,0,5
BRDA:290,21,1,0
BRDA:291,22,0,5
BRDA:291,22,1,0
BRDA:292,23,0,5
BRDA:292,23,1,0
BRDA:294,24,0,0
BRDA:294,24,1,5
BRDA:310,25,0,35
BRDA:310,25,1,1
BRDA:322,26,0,3
BRDA:322,26,1,22
BRDA:323,27,0,2
BRDA:323,27,1,1
BRDA:337,28,0,1
BRDA:337,28,1,24
BRDA:349,29,0,32
BRDA:349,29,1,15
BRDA:354,30,0,15
BRDA:354,30,1,0
BRF:60
BRH:35
end_of_record
TN:
SF:/home/sendra/Work/Hero/contracts-solidity/contracts/LoanContractDispatcher.sol
FN:21,onlyKYC
FN:26,onlyAdmin
FN:43,constructor
FN:55,setAdministrator
FN:59,setFixedMinAmount
FN:67,setFixedMaxAmount
FN:75,setFixedMinInterest
FN:83,setFixedMaxInterest
FN:91,deploy
FNF:9
FNH:9
FNDA:13,onlyKYC
FNDA:32,onlyAdmin
FNDA:26,constructor
FNDA:18,setAdministrator
FNDA:8,setFixedMinAmount
FNDA:4,setFixedMaxAmount
FNDA:4,setFixedMinInterest
FNDA:8,setFixedMaxInterest
FNDA:13,deploy
DA:22,13
DA:23,13
DA:27,32
DA:28,24
DA:44,26
DA:45,26
DA:46,26
DA:48,26
DA:49,26
DA:51,26
DA:52,26
DA:56,18
DA:60,8
DA:64,6
DA:68,4
DA:72,2
DA:76,4
DA:80,2
DA:84,8
DA:88,6
DA:98,13
DA:99,11
DA:103,5
DA:107,5
DA:112,5
DA:123,5
DA:125,5
DA:137,5
LF:28
LH:28
BRDA:22,1,0,13
BRDA:22,1,1,0
BRDA:27,2,0,24
BRDA:27,2,1,8
BRDA:60,3,0,6
BRDA:60,3,1,2
BRDA:68,4,0,2
BRDA:68,4,1,2
BRDA:76,5,0,2
BRDA:76,5,1,2
BRDA:84,6,0,6
BRDA:84,6,1,2
BRDA:98,7,0,11
BRDA:98,7,1,2
BRDA:99,8,0,5
BRDA:99,8,1,6
BRDA:103,9,0,5
BRDA:103,9,1,0
BRDA:107,10,0,5
BRDA:107,10,1,0
BRF:20
BRH:17
end_of_record
TN:
SF:/home/sendra/Work/Hero/contracts-solidity/contracts/LoanContractInterface.sol
FNF:0
FNH:0
LF:0
LH:0
BRF:0
BRH:0
end_of_record
TN:
SF:/home/sendra/Work/Hero/contracts-solidity/contracts/Mocks/DAIFake.sol
FN:13,constructor
FN:17,transferFakeDAITokens
FN:21,transferAmountToAddress
FNF:3
FNH:1
FNDA:2,constructor
FNDA:0,transferFakeDAITokens
FNDA:0,transferAmountToAddress
DA:14,2
DA:18,0
DA:22,0
LF:3
LH:1
BRF:0
BRH:0
end_of_record
TN:
SF:/home/sendra/Work/Hero/contracts-solidity/contracts/Mocks/DAIProxyMock.sol
FN:10,constructor
FN:13,fund
FN:30,repay
FNF:3
FNH:3
FNDA:12,constructor
FNDA:11,fund
FNDA:1,repay
DA:11,12
DA:14,11
DA:15,11
DA:17,11
DA:18,11
DA:20,11
DA:21,3
DA:24,11
DA:25,9
DA:26,8
DA:31,1
DA:32,1
DA:34,1
DA:35,1
LF:14
LH:14
BRDA:20,1,0,3
BRDA:20,1,1,8
BRDA:25,2,0,8
BRDA:25,2,1,1
BRDA:34,3,0,1
BRDA:34,3,1,0
BRF:6
BRH:5
end_of_record
TN:
SF:/home/sendra/Work/Hero/contracts-solidity/contracts/Mocks/HeroFakeToken.sol
FN:12,constructor
FN:16,transferFakeHeroTokens
FN:20,transferAmountToAddress
FNF:3
FNH:3
FNDA:77,constructor
FNDA:32,transferFakeHeroTokens
FNDA:40,transferAmountToAddress
DA:17,32
DA:21,40
LF:2
LH:2
BRF:0
BRH:0
end_of_record
TN:
SF:/home/sendra/Work/Hero/contracts-solidity/contracts/Mocks/HeroToken.sol
FN:13,constructor
FN:19,onlyOwner
FN:27,transferOwnership
FN:37,sub
FN:41,add
FN:80,transfer
FN:91,balanceOf
FN:110,transferFrom
FN:130,approve
FN:141,allowance
FN:150,increaseApproval
FN:155,decreaseApproval
FN:179,canMint
FN:189,mint
FN:199,finishMinting
FN:216,whenNotPaused
FN:223,whenPaused
FN:230,pause
FN:238,unpause
FN:250,transfer
FN:253,transferFrom
FN:271,constructor
FNF:22
FNH:6
FNDA:2,constructor
FNDA:38,onlyOwner
FNDA:0,transferOwnership
FNDA:0,sub
FNDA:76,add
FNDA:0,transfer
FNDA:0,balanceOf
FNDA:0,transferFrom
FNDA:0,approve
FNDA:0,allowance
FNDA:0,increaseApproval
FNDA:0,decreaseApproval
FNDA:38,canMint
FNDA:38,mint
FNDA:0,finishMinting
FNDA:0,whenNotPaused
FNDA:0,whenPaused
FNDA:0,pause
FNDA:0,unpause
FNDA:0,transfer
FNDA:0,transferFrom
FNDA:2,constructor
DA:14,2
DA:20,38
DA:21,38
DA:28,0
DA:29,0
DA:38,0
DA:39,0
DA:42,76
DA:43,76
DA:44,76
DA:81,0
DA:82,0
DA:83,0
DA:84,0
DA:92,0
DA:111,0
DA:112,0
DA:113,0
DA:114,0
DA:115,0
DA:116,0
DA:117,0
DA:118,0
DA:131,0
DA:132,0
DA:133,0
DA:142,0
DA:151,0
DA:152,0
DA:153,0
DA:159,0
DA:160,0
DA:161,0
DA:163,0
DA:165,0
DA:166,0
DA:180,38
DA:181,38
DA:190,38
DA:191,38
DA:192,38
DA:193,38
DA:200,0
DA:201,0
DA:202,0
DA:217,0
DA:218,0
DA:224,0
DA:225,0
DA:231,0
DA:232,0
DA:233,0
DA:239,0
DA:240,0
DA:241,0
DA:251,0
DA:258,0
DA:272,2
LF:58
LH:13
BRDA:20,1,0,38
BRDA:20,1,1,0
BRDA:28,2,0,0
BRDA:28,2,1,0
BRDA:38,3,0,0
BRDA:38,3,1,0
BRDA:43,4,0,76
BRDA:43,4,1,0
BRDA:111,5,0,0
BRDA:111,5,1,0
BRDA:112,6,0,0
BRDA:112,6,1,0
BRDA:113,7,0,0
BRDA:113,7,1,0
BRDA:160,8,0,0
BRDA:160,8,1,0
BRDA:180,9,0,38
BRDA:180,9,1,0
BRDA:217,10,0,0
BRDA:217,10,1,0
BRDA:224,11,0,0
BRDA:224,11,1,0
BRF:22
BRH:3
end_of_record
TN:
SF:/home/sendra/Work/Hero/contracts-solidity/contracts/Mocks/LoanContractMock.sol
FN:14,constructor
FN:16,getFundedAmount
FN:20,onFundingReceived
FN:26,withdrawRepayment
FN:28,withdrawLoan
FN:30,onRepaymentReceived
FN:36,getInterestRate
FN:40,getRepaymentStatus
FN:44,calculateValueWithInterest
FN:48,getLenderWithdrawnAmount
FN:52,getMaxAmount
FN:55,getAuctionBalance
FNF:12
FNH:5
FNDA:7,constructor
FNDA:0,getFundedAmount
FNDA:3,onFundingReceived
FNDA:0,withdrawRepayment
FNDA:0,withdrawLoan
FNDA:3,onRepaymentReceived
FNDA:0,getInterestRate
FNDA:0,getRepaymentStatus
FNDA:0,calculateValueWithInterest
FNDA:0,getLenderWithdrawnAmount
FNDA:3,getMaxAmount
FNDA:3,getAuctionBalance
DA:17,0
DA:21,3
DA:22,3
DA:23,3
DA:31,3
DA:32,3
DA:33,3
DA:37,0
DA:41,0
DA:45,0
DA:49,0
DA:50,0
DA:53,3
DA:56,3
LF:14
LH:8
BRF:0
BRH:0
end_of_record
TN:
SF:/home/sendra/Work/Hero/contracts-solidity/contracts/ReferralTracker.sol
FN:27,constructor
FN:32,onlyRegistry
FN:37,addFunds
FN:41,registerReferral
FN:47,withdraw
FN:60,numReferrals
FNF:6
FNH:6
FNDA:4,constructor
FNDA:2,onlyRegistry
FNDA:1,addFunds
FNDA:2,registerReferral
FNDA:1,withdraw
FNDA:2,numReferrals
DA:28,4
DA:29,4
DA:33,2
DA:34,2
DA:38,1
DA:42,2
DA:44,2
DA:48,1
DA:49,1
DA:50,1
DA:52,1
DA:53,1
DA:55,1
DA:57,1
DA:61,2
LF:15
LH:15
BRDA:33,1,0,2
BRDA:33,1,1,0
BRDA:48,2,0,1
BRDA:48,2,1,0
BRDA:52,3,0,1
BRDA:52,3,1,0
BRF:6
BRH:3
end_of_record
